#
# A fatal error has been detected by the Java Runtime Environment:
#
#  EXCEPTION_ACCESS_VIOLATION (0xc0000005) at pc=0x00007ff895a3d266, pid=12732, tid=13584
#
# JRE version: OpenJDK Runtime Environment (11.0.11+9) (build 11.0.11+9-b60-7590822)
# Java VM: OpenJDK 64-Bit Server VM (11.0.11+9-b60-7590822, mixed mode, tiered, compressed oops, g1 gc, windows-amd64)
# Problematic frame:
# V  [jvm.dll+0x18d266]
#
# No core dump will be written. Minidumps are not enabled by default on client versions of Windows
#
# If you would like to submit a bug report, please visit:
#   https://bugreport.java.com/bugreport/crash.jsp
#

---------------  S U M M A R Y ------------

Command Line: --add-opens=java.base/java.util=ALL-UNNAMED --add-opens=java.base/java.lang=ALL-UNNAMED --add-opens=java.base/java.lang.invoke=ALL-UNNAMED --add-opens=java.prefs/java.util.prefs=ALL-UNNAMED -XX:MaxMetaspaceSize=256m -XX:+HeapDumpOnOutOfMemoryError -Xms256m -Xmx512m -Dfile.encoding=UTF-8 -Duser.country=US -Duser.language=en -Duser.variant org.gradle.launcher.daemon.bootstrap.GradleDaemon 6.8.3

Host: Intel(R) Core(TM) i5-2400 CPU @ 3.10GHz, 4 cores, 7G,  Windows 10 , 64 bit Build 22000 (10.0.22000.434)
Time: Fri Jun 17 18:23:12 2022 Myanmar Standard Time elapsed time: 9764.217052 seconds (0d 2h 42m 44s)

---------------  T H R E A D  ---------------

Current thread (0x0000022163afa000):  ConcurrentGCThread "G1 Conc#0" [stack: 0x000000ccde500000,0x000000ccde600000] [id=13584]

Stack: [0x000000ccde500000,0x000000ccde600000],  sp=0x000000ccde5ff5f8,  free space=1021k
Native frames: (J=compiled Java code, j=interpreted, Vv=VM code, C=native code)
V  [jvm.dll+0x18d266]


siginfo: EXCEPTION_ACCESS_VIOLATION (0xc0000005), reading address 0x000000022a322a28


Register to memory mapping:

RIP=0x00007ff895a3d266 jvm.dll
RAX=0x8000000000008001 is an unknown value
RBX=0x00000000e65b91d0 is pointing into object: [B 
{0x00000000e65b91c8} - klass: {type array byte}
 - length: 8
RCX=0x00000000e65b91d0 is pointing into object: [B 
{0x00000000e65b91c8} - klass: {type array byte}
 - length: 8
RDX=0x00000000e65b91d0 is pointing into object: [B 
{0x00000000e65b91c8} - klass: {type array byte}
 - length: 8
RSP=0x000000ccde5ff5f8 points into unknown readable memory: 0x00007ff895b8b2fa | fa b2 b8 95 f8 7f 00 00
RBP=0x0000022163af60c0 points into unknown readable memory: 0x0000022163af9000 | 00 90 af 63 21 02 00 00
RSI=0x0000000000000001 is an unknown value
RDI=0x0 is NULL
R8 =0x8000000000008000 is an unknown value
R9 =0x000000022a322a20 is an unknown value
R10=0x0000022163af60c0 points into unknown readable memory: 0x0000022163af9000 | 00 90 af 63 21 02 00 00
R11=0x00000221767d0000 points into unknown readable memory: 0x9249249249249249 | 49 92 24 49 92 24 49 92
R12=0x000000000000000c is an unknown value
R13=0xaaaaaaaaaaaaaaab is an unknown value
R14=0x0 is NULL
R15=0x00000000e6af7de0 is an oop: org.gradle.internal.execution.steps.IdentityCacheStep$$Lambda$829/0x0000000100a25c40 
{0x00000000e6af7de0} - klass: 'org/gradle/internal/execution/steps/IdentityCacheStep$$Lambda$829'


Registers:
RAX=0x8000000000008001, RBX=0x00000000e65b91d0, RCX=0x00000000e65b91d0, RDX=0x00000000e65b91d0
RSP=0x000000ccde5ff5f8, RBP=0x0000022163af60c0, RSI=0x0000000000000001, RDI=0x0000000000000000
R8 =0x8000000000008000, R9 =0x000000022a322a20, R10=0x0000022163af60c0, R11=0x00000221767d0000
R12=0x000000000000000c, R13=0xaaaaaaaaaaaaaaab, R14=0x0000000000000000, R15=0x00000000e6af7de0
RIP=0x00007ff895a3d266, EFLAGS=0x0000000000010202

Top of Stack: (sp=0x000000ccde5ff5f8)
0x000000ccde5ff5f8:   00007ff895b8b2fa 00000000e65b91d0
0x000000ccde5ff608:   0000000100a25e60 00000000e6af7b50
0x000000ccde5ff618:   000000ccde5ff808 0000000100a25e68
0x000000ccde5ff628:   00007ff895b8b1a6 0000000100a25e60
0x000000ccde5ff638:   00000000e65b91d0 0000022163afc2c0
0x000000ccde5ff648:   000000ccde5ff808 0000000000000000
0x000000ccde5ff658:   000000ccde5ff808 00000000e6af7e00
0x000000ccde5ff668:   00007ff895b8303d 0000000000000004
0x000000ccde5ff678:   00000000e6af7df0 00000000e6af7b30
0x000000ccde5ff688:   00000000e6af7b40 000000ccde5ff7e0
0x000000ccde5ff698:   0000022163afab01 0000000100a25c40
0x000000ccde5ff6a8:   00007ff895b828f1 0000000000000004
0x000000ccde5ff6b8:   000000ccde5ff808 00000000e6af7de0
0x000000ccde5ff6c8:   000000ccde5ff7e0 00000000e6af7de0
0x000000ccde5ff6d8:   00007ff895b90cdf 0000022163afc2c0
0x000000ccde5ff6e8:   0000000000d60000 000000ccde5ff7e0 

Instructions: (pc=0x00007ff895a3d266)
0x00007ff895a3d166:   82 00 48 d3 e0 48 03 05 1e 6b 82 00 eb 04 48 8b
0x00007ff895a3d176:   43 08 81 78 08 00 00 00 c0 73 7d 48 8b 4f 38 48
0x00007ff895a3d186:   8b d3 48 8b 01 ff 50 20 84 c0 75 6c 38 05 e0 f6
0x00007ff895a3d196:   86 00 74 15 8b 53 08 8b 0d f5 6a 82 00 48 d3 e2
0x00007ff895a3d1a6:   48 03 15 e3 6a 82 00 eb 04 48 8b 53 08 48 8b cb
0x00007ff895a3d1b6:   48 89 5c 24 20 e8 a0 00 00 00 80 7f 30 00 48 63
0x00007ff895a3d1c6:   c8 48 89 4c 24 28 0f 28 44 24 20 74 17 0f 11 86
0x00007ff895a3d1d6:   98 03 00 00 48 8b 5c 24 40 48 8b 74 24 48 48 83
0x00007ff895a3d1e6:   c4 30 5f c3 48 8b 07 48 8d 54 24 20 48 8b cf 66
0x00007ff895a3d1f6:   0f 7f 44 24 20 ff 50 38 48 8b 5c 24 40 48 8b 74
0x00007ff895a3d206:   24 48 48 83 c4 30 5f c3 cc cc 48 8b 49 38 48 8b
0x00007ff895a3d216:   01 48 ff 60 28 cc cc cc cc cc 80 3d 51 f6 86 00
0x00007ff895a3d226:   00 48 8b c1 74 1b 8b 51 08 8b 0d 63 6a 82 00 48
0x00007ff895a3d236:   d3 e2 48 8b c8 48 03 15 4e 6a 82 00 e9 19 00 00
0x00007ff895a3d246:   00 48 8b 51 08 48 8b c8 e9 0d 00 00 00 cc cc cc
0x00007ff895a3d256:   cc cc cc cc cc cc cc cc cc cc 4c 8b ca 48 8b d1
0x00007ff895a3d266:   45 8b 41 08 45 85 c0 7e 0e 41 f6 c0 01 75 59 41
0x00007ff895a3d276:   c1 f8 03 41 8b c0 c3 79 4f 80 3d f2 f5 86 00 00
0x00007ff895a3d286:   b8 0c 00 00 00 b9 10 00 00 00 0f 45 c8 8b 05 2b
0x00007ff895a3d296:   b4 80 00 ff c8 4c 63 c8 48 63 c1 41 8b c8 83 e1
0x00007ff895a3d2a6:   3f 48 63 14 10 41 8b c0 48 c1 f8 10 0f b6 c0 48
0x00007ff895a3d2b6:   d3 e2 49 8d 0c 11 49 f7 d1 48 03 c1 49 c1 e9 03
0x00007ff895a3d2c6:   48 c1 e8 03 41 23 c1 c3 49 8b 01 49 8b c9 48 ff
0x00007ff895a3d2d6:   a0 10 01 00 00 cc cc cc cc cc 48 83 ec 38 0f 10
0x00007ff895a3d2e6:   02 48 8b 49 38 48 8d 54 24 20 0f 29 44 24 20 e8
0x00007ff895a3d2f6:   66 f0 ff ff 48 83 c4 38 c3 cc 48 89 5c 24 08 55
0x00007ff895a3d306:   56 57 41 54 41 55 41 56 41 57 48 8d 6c 24 e0 48
0x00007ff895a3d316:   81 ec 20 01 00 00 48 8b 05 1d ef 83 00 48 33 c4
0x00007ff895a3d326:   48 89 45 10 48 8b 05 5f 60 86 00 45 33 ed 4c 8b
0x00007ff895a3d336:   b5 80 00 00 00 4c 8b fa 48 8b bd 88 00 00 00 4d
0x00007ff895a3d346:   8b c6 49 8b d6 49 8b f1 48 8b 48 38 48 8b 59 48
0x00007ff895a3d356:   49 8b cf c7 45 c0 ff ff ff ff 44 89 6d d4 4c 89 


Stack slot to memory mapping:
stack at sp + 0 slots: 0x00007ff895b8b2fa jvm.dll
stack at sp + 1 slots: 0x00000000e65b91d0 is pointing into object: [B 
{0x00000000e65b91c8} - klass: {type array byte}
 - length: 8
stack at sp + 2 slots: 0x0000000100a25e60 is pointing into metadata
stack at sp + 3 slots: 0x00000000e6af7b50 is an oop: java.io.File 
{0x00000000e6af7b50} - klass: 'java/io/File'
stack at sp + 4 slots: 0x000000ccde5ff808 points into unknown readable memory: 0x00007ff8960d2fd0 | d0 2f 0d 96 f8 7f 00 00
stack at sp + 5 slots: 0x0000000100a25e68 is pointing into metadata
stack at sp + 6 slots: 0x00007ff895b8b1a6 jvm.dll
stack at sp + 7 slots: 0x0000000100a25e60 is pointing into metadata


---------------  P R O C E S S  ---------------

Threads class SMR info:
_java_thread_list=0x00000221094f9a00, length=127, elements={
0x0000022163ad0800, 0x0000022179dd7800, 0x0000022179dd8800, 0x0000022179df6800,
0x0000022179df7800, 0x0000022179df9000, 0x0000022179dfa000, 0x0000022179e03800,
0x000002217a753000, 0x000002217a8b3800, 0x000002217d022000, 0x000002217bfad000,
0x000002217bfd8800, 0x000002217c734800, 0x000002217c733000, 0x000002217c734000,
0x000002217a8c7800, 0x000002217a8d4000, 0x000002217b5a2000, 0x000002217b5a1800,
0x00000221038ff800, 0x00000221038fe800, 0x0000022103901800, 0x000002217e437000,
0x000002217e434800, 0x000002217e437800, 0x000002217e433800, 0x000002217e436000,
0x000002217e432000, 0x000002217e433000, 0x000002217e43b000, 0x000002217e439800,
0x000002217e438800, 0x000002217e435000, 0x000002217e43c800, 0x000002217e43c000,
0x000002217e43e000, 0x000002217e43f000, 0x000002217e440000, 0x000002217e43a000,
0x000002217e43d800, 0x00000221030b6800, 0x00000221030b7800, 0x00000221030b9000,
0x00000221030ba000, 0x00000221030b6000, 0x00000221030bb000, 0x00000221030bb800,
0x00000221030bd000, 0x00000221030be000, 0x00000221030b8800, 0x00000221030c0800,
0x00000221030c2000, 0x00000221030c4800, 0x00000221030bf000, 0x00000221030bf800,
0x00000221030c1800, 0x00000221030c3000, 0x00000221030c4000, 0x00000221007cf800,
0x00000221007ca000, 0x00000221007cf000, 0x00000221007ce000, 0x00000221007ca800,
0x00000221007d1000, 0x00000221007cb800, 0x00000221007cc800, 0x00000221007d2000,
0x00000221007cd000, 0x00000221007d8800, 0x00000221007d3800, 0x00000221007d4800,
0x00000221007d5800, 0x00000221007d6000, 0x00000221007d7000, 0x00000221007d8000,
0x000002217dfd3000, 0x000002217dfd5800, 0x000002217dfd5000, 0x000002217dfd7800,
0x000002217dfd6800, 0x000002217dfd4000, 0x000002217dfde000, 0x000002217dfda800,
0x000002217dfd8000, 0x000002217dfde800, 0x000002217dfdb800, 0x000002217dfdd000,
0x000002217dfd9000, 0x000002217dfe1000, 0x000002217dfdf800, 0x000002217dfe2000,
0x000002217b5a0800, 0x000002217b5a4000, 0x000002217b5a4800, 0x000002217b59f000,
0x000002217b5a5800, 0x000002217b59f800, 0x000002217b5ab000, 0x000002217b5ac000,
0x000002217b5a8000, 0x000002217b5a7000, 0x000002217b5a8800, 0x000002217b5a9800,
0x000002217b5aa800, 0x000002217b5ad800, 0x000002217a8c8800, 0x000002217a8ca000,
0x000002217a8cb000, 0x000002217a8c6000, 0x000002217a8cc800, 0x000002217a8c7000,
0x000002217a8ce000, 0x000002217a8d2800, 0x000002217a8cd800, 0x000002217a8d0000,
0x000002217a8d5000, 0x000002217a8cf000, 0x0000022103902800, 0x00000221038fd000,
0x0000022103900000, 0x0000022103901000, 0x0000022103903800, 0x00000221038fd800,
0x0000022103904000, 0x0000022103907800, 0x00000221038fc000
}

Java Threads: ( => current thread )
  0x0000022163ad0800 JavaThread "main" [_thread_blocked, id=14096, stack(0x000000ccde200000,0x000000ccde300000)]
  0x0000022179dd7800 JavaThread "Reference Handler" daemon [_thread_blocked, id=8720, stack(0x000000ccde900000,0x000000ccdea00000)]
  0x0000022179dd8800 JavaThread "Finalizer" daemon [_thread_blocked, id=14916, stack(0x000000ccdea00000,0x000000ccdeb00000)]
  0x0000022179df6800 JavaThread "Signal Dispatcher" daemon [_thread_blocked, id=14128, stack(0x000000ccdeb00000,0x000000ccdec00000)]
  0x0000022179df7800 JavaThread "Attach Listener" daemon [_thread_blocked, id=5316, stack(0x000000ccdec00000,0x000000ccded00000)]
  0x0000022179df9000 JavaThread "Service Thread" daemon [_thread_blocked, id=11464, stack(0x000000ccded00000,0x000000ccdee00000)]
  0x0000022179dfa000 JavaThread "C2 CompilerThread0" daemon [_thread_in_native, id=4580, stack(0x000000ccdee00000,0x000000ccdef00000)]
  0x0000022179e03800 JavaThread "C1 CompilerThread0" daemon [_thread_blocked, id=4044, stack(0x000000ccdef00000,0x000000ccdf000000)]
  0x000002217a753000 JavaThread "Sweeper thread" daemon [_thread_blocked, id=14756, stack(0x000000ccdf000000,0x000000ccdf100000)]
  0x000002217a8b3800 JavaThread "Common-Cleaner" daemon [_thread_blocked, id=13772, stack(0x000000ccdf100000,0x000000ccdf200000)]
  0x000002217d022000 JavaThread "Daemon health stats" [_thread_blocked, id=9064, stack(0x000000ccdf700000,0x000000ccdf800000)]
  0x000002217bfad000 JavaThread "Incoming local TCP Connector on port 13366" [_thread_in_native, id=14360, stack(0x000000ccdf900000,0x000000ccdfa00000)]
  0x000002217bfd8800 JavaThread "Daemon periodic checks" [_thread_blocked, id=6824, stack(0x000000ccdfa00000,0x000000ccdfb00000)]
  0x000002217c734800 JavaThread "Cache worker for file hash cache (C:\Users\Captain\Desktop\Sales-Management-Test\caches\6.8.3\fileHashes)" [_thread_blocked, id=15180, stack(0x000000cce0200000,0x000000cce0300000)]
  0x000002217c733000 JavaThread "File lock request listener" [_thread_in_native, id=14624, stack(0x000000cce0300000,0x000000cce0400000)]
  0x000002217c734000 JavaThread "Cache worker for journal cache (C:\Users\Captain\Desktop\Sales-Management-Test\caches\journal-1)" [_thread_blocked, id=8924, stack(0x000000cce0400000,0x000000cce0500000)]
  0x000002217a8c7800 JavaThread "Cache worker for execution history cache (C:\Users\Captain\Desktop\Sales-Management-Test\caches\6.8.3\executionHistory)" [_thread_blocked, id=11012, stack(0x000000cce0f00000,0x000000cce1000000)]
  0x000002217a8d4000 JavaThread "Cache worker for file content cache (C:\Users\Captain\Desktop\Sales-Management-Test\caches\6.8.3\fileContent)" [_thread_blocked, id=8768, stack(0x000000cce1000000,0x000000cce1100000)]
  0x000002217b5a2000 JavaThread "Memory manager" [_thread_blocked, id=15432, stack(0x000000cce6600000,0x000000cce6700000)]
  0x000002217b5a1800 JavaThread "Cache worker for Java compile cache (C:\Users\Captain\Desktop\Sales-Management-Test\caches\6.8.3\javaCompile)" [_thread_blocked, id=16296, stack(0x000000ccde000000,0x000000ccde100000)]
  0x00000221038ff800 JavaThread "ForkJoinPool.commonPool-worker-7" daemon [_thread_blocked, id=17668, stack(0x000000cce0d00000,0x000000cce0e00000)]
  0x00000221038fe800 JavaThread "Daemon Thread 15" [_thread_blocked, id=15572, stack(0x000000ccddf00000,0x000000ccde000000)]
  0x0000022103901800 JavaThread "Daemon worker Thread 15" [_thread_in_Java, id=480, stack(0x000000ccdf800000,0x000000ccdf900000)]
  0x000002217e437000 JavaThread "jar transforms Thread 1276" [_thread_blocked, id=5920, stack(0x000000cce0c00000,0x000000cce0d00000)]
  0x000002217e434800 JavaThread "jar transforms Thread 1277" [_thread_blocked, id=17452, stack(0x000000cce0e00000,0x000000cce0f00000)]
  0x000002217e437800 JavaThread "jar transforms Thread 1278" [_thread_blocked, id=17992, stack(0x000000cce1100000,0x000000cce1200000)]
  0x000002217e433800 JavaThread "jar transforms Thread 1279" [_thread_blocked, id=18352, stack(0x000000cce1200000,0x000000cce1300000)]
  0x000002217e436000 JavaThread "jar transforms Thread 1280" [_thread_blocked, id=17848, stack(0x000000cce1300000,0x000000cce1400000)]
  0x000002217e432000 JavaThread "jar transforms Thread 1281" [_thread_blocked, id=15756, stack(0x000000cce1400000,0x000000cce1500000)]
  0x000002217e433000 JavaThread "jar transforms Thread 1282" [_thread_blocked, id=18320, stack(0x000000cce1500000,0x000000cce1600000)]
  0x000002217e43b000 JavaThread "jar transforms Thread 1283" [_thread_blocked, id=18124, stack(0x000000cce1600000,0x000000cce1700000)]
  0x000002217e439800 JavaThread "jar transforms Thread 1284" [_thread_blocked, id=14524, stack(0x000000cce1700000,0x000000cce1800000)]
  0x000002217e438800 JavaThread "jar transforms Thread 1285" [_thread_blocked, id=17604, stack(0x000000cce1800000,0x000000cce1900000)]
  0x000002217e435000 JavaThread "jar transforms Thread 1286" [_thread_blocked, id=17616, stack(0x000000cce1900000,0x000000cce1a00000)]
  0x000002217e43c800 JavaThread "jar transforms Thread 1287" [_thread_blocked, id=17424, stack(0x000000cce1a00000,0x000000cce1b00000)]
  0x000002217e43c000 JavaThread "jar transforms Thread 1288" [_thread_blocked, id=17564, stack(0x000000cce1b00000,0x000000cce1c00000)]
  0x000002217e43e000 JavaThread "jar transforms Thread 1289" [_thread_blocked, id=17236, stack(0x000000cce1c00000,0x000000cce1d00000)]
  0x000002217e43f000 JavaThread "jar transforms Thread 1290" [_thread_blocked, id=15620, stack(0x000000cce1d00000,0x000000cce1e00000)]
  0x000002217e440000 JavaThread "jar transforms Thread 1291" [_thread_blocked, id=17816, stack(0x000000cce1e00000,0x000000cce1f00000)]
  0x000002217e43a000 JavaThread "jar transforms Thread 1292" [_thread_blocked, id=4716, stack(0x000000cce1f00000,0x000000cce2000000)]
  0x000002217e43d800 JavaThread "jar transforms Thread 1293" [_thread_blocked, id=18172, stack(0x000000cce2000000,0x000000cce2100000)]
  0x00000221030b6800 JavaThread "jar transforms Thread 1294" [_thread_blocked, id=17664, stack(0x000000cce2100000,0x000000cce2200000)]
  0x00000221030b7800 JavaThread "jar transforms Thread 1295" [_thread_blocked, id=3276, stack(0x000000cce2200000,0x000000cce2300000)]
  0x00000221030b9000 JavaThread "jar transforms Thread 1296" [_thread_blocked, id=18040, stack(0x000000cce2300000,0x000000cce2400000)]
  0x00000221030ba000 JavaThread "jar transforms Thread 1297" [_thread_blocked, id=17912, stack(0x000000cce2400000,0x000000cce2500000)]
  0x00000221030b6000 JavaThread "jar transforms Thread 1298" [_thread_blocked, id=13104, stack(0x000000cce2500000,0x000000cce2600000)]
  0x00000221030bb000 JavaThread "jar transforms Thread 1299" [_thread_blocked, id=15328, stack(0x000000cce2600000,0x000000cce2700000)]
  0x00000221030bb800 JavaThread "jar transforms Thread 1300" [_thread_blocked, id=15192, stack(0x000000cce2700000,0x000000cce2800000)]
  0x00000221030bd000 JavaThread "jar transforms Thread 1301" [_thread_blocked, id=7664, stack(0x000000cce2800000,0x000000cce2900000)]
  0x00000221030be000 JavaThread "jar transforms Thread 1302" [_thread_blocked, id=14820, stack(0x000000cce2900000,0x000000cce2a00000)]
  0x00000221030b8800 JavaThread "jar transforms Thread 1303" [_thread_blocked, id=16152, stack(0x000000cce2a00000,0x000000cce2b00000)]
  0x00000221030c0800 JavaThread "jar transforms Thread 1304" [_thread_blocked, id=404, stack(0x000000cce2b00000,0x000000cce2c00000)]
  0x00000221030c2000 JavaThread "jar transforms Thread 1305" [_thread_blocked, id=17632, stack(0x000000cce2c00000,0x000000cce2d00000)]
  0x00000221030c4800 JavaThread "jar transforms Thread 1306" [_thread_blocked, id=17900, stack(0x000000cce2d00000,0x000000cce2e00000)]
  0x00000221030bf000 JavaThread "jar transforms Thread 1307" [_thread_blocked, id=8988, stack(0x000000cce2e00000,0x000000cce2f00000)]
  0x00000221030bf800 JavaThread "jar transforms Thread 1308" [_thread_blocked, id=17412, stack(0x000000cce2f00000,0x000000cce3000000)]
  0x00000221030c1800 JavaThread "jar transforms Thread 1309" [_thread_blocked, id=17420, stack(0x000000cce3000000,0x000000cce3100000)]
  0x00000221030c3000 JavaThread "jar transforms Thread 1310" [_thread_blocked, id=16960, stack(0x000000cce3100000,0x000000cce3200000)]
  0x00000221030c4000 JavaThread "jar transforms Thread 1311" [_thread_blocked, id=17960, stack(0x000000cce3200000,0x000000cce3300000)]
  0x00000221007cf800 JavaThread "jar transforms Thread 1312" [_thread_blocked, id=18396, stack(0x000000cce3300000,0x000000cce3400000)]
  0x00000221007ca000 JavaThread "jar transforms Thread 1313" [_thread_blocked, id=16616, stack(0x000000cce3400000,0x000000cce3500000)]
  0x00000221007cf000 JavaThread "jar transforms Thread 1314" [_thread_blocked, id=5312, stack(0x000000cce3500000,0x000000cce3600000)]
  0x00000221007ce000 JavaThread "jar transforms Thread 1315" [_thread_blocked, id=17936, stack(0x000000cce3600000,0x000000cce3700000)]
  0x00000221007ca800 JavaThread "jar transforms Thread 1316" [_thread_blocked, id=17932, stack(0x000000cce3700000,0x000000cce3800000)]
  0x00000221007d1000 JavaThread "jar transforms Thread 1317" [_thread_blocked, id=4396, stack(0x000000cce3800000,0x000000cce3900000)]
  0x00000221007cb800 JavaThread "jar transforms Thread 1318" [_thread_blocked, id=18012, stack(0x000000cce3900000,0x000000cce3a00000)]
  0x00000221007cc800 JavaThread "jar transforms Thread 1319" [_thread_blocked, id=18112, stack(0x000000cce3a00000,0x000000cce3b00000)]
  0x00000221007d2000 JavaThread "jar transforms Thread 1320" [_thread_blocked, id=16512, stack(0x000000cce3b00000,0x000000cce3c00000)]
  0x00000221007cd000 JavaThread "jar transforms Thread 1321" [_thread_blocked, id=1116, stack(0x000000cce3c00000,0x000000cce3d00000)]
  0x00000221007d8800 JavaThread "jar transforms Thread 1322" [_thread_blocked, id=18380, stack(0x000000cce3d00000,0x000000cce3e00000)]
  0x00000221007d3800 JavaThread "jar transforms Thread 1323" [_thread_blocked, id=17728, stack(0x000000cce3e00000,0x000000cce3f00000)]
  0x00000221007d4800 JavaThread "jar transforms Thread 1324" [_thread_blocked, id=15624, stack(0x000000cce3f00000,0x000000cce4000000)]
  0x00000221007d5800 JavaThread "jar transforms Thread 1325" [_thread_blocked, id=18004, stack(0x000000cce4000000,0x000000cce4100000)]
  0x00000221007d6000 JavaThread "jar transforms Thread 1326" [_thread_blocked, id=18008, stack(0x000000cce4100000,0x000000cce4200000)]
  0x00000221007d7000 JavaThread "jar transforms Thread 1327" [_thread_blocked, id=3836, stack(0x000000cce4200000,0x000000cce4300000)]
  0x00000221007d8000 JavaThread "jar transforms Thread 1328" [_thread_blocked, id=17972, stack(0x000000cce4300000,0x000000cce4400000)]
  0x000002217dfd3000 JavaThread "jar transforms Thread 1329" [_thread_blocked, id=16452, stack(0x000000cce4400000,0x000000cce4500000)]
  0x000002217dfd5800 JavaThread "jar transforms Thread 1330" [_thread_blocked, id=11192, stack(0x000000cce4500000,0x000000cce4600000)]
  0x000002217dfd5000 JavaThread "jar transforms Thread 1331" [_thread_blocked, id=15844, stack(0x000000cce4600000,0x000000cce4700000)]
  0x000002217dfd7800 JavaThread "jar transforms Thread 1332" [_thread_blocked, id=15828, stack(0x000000cce4700000,0x000000cce4800000)]
  0x000002217dfd6800 JavaThread "jar transforms Thread 1333" [_thread_blocked, id=13284, stack(0x000000cce4800000,0x000000cce4900000)]
  0x000002217dfd4000 JavaThread "jar transforms Thread 1334" [_thread_blocked, id=18072, stack(0x000000cce4900000,0x000000cce4a00000)]
  0x000002217dfde000 JavaThread "jar transforms Thread 1335" [_thread_blocked, id=18340, stack(0x000000cce4a00000,0x000000cce4b00000)]
  0x000002217dfda800 JavaThread "jar transforms Thread 1336" [_thread_blocked, id=16088, stack(0x000000cce4b00000,0x000000cce4c00000)]
  0x000002217dfd8000 JavaThread "jar transforms Thread 1337" [_thread_blocked, id=14844, stack(0x000000cce4c00000,0x000000cce4d00000)]
  0x000002217dfde800 JavaThread "jar transforms Thread 1338" [_thread_blocked, id=6960, stack(0x000000cce4d00000,0x000000cce4e00000)]
  0x000002217dfdb800 JavaThread "jar transforms Thread 1339" [_thread_blocked, id=17444, stack(0x000000cce4e00000,0x000000cce4f00000)]
  0x000002217dfdd000 JavaThread "jar transforms Thread 1340" [_thread_blocked, id=9496, stack(0x000000cce4f00000,0x000000cce5000000)]
  0x000002217dfd9000 JavaThread "jar transforms Thread 1341" [_thread_blocked, id=17340, stack(0x000000cce5000000,0x000000cce5100000)]
  0x000002217dfe1000 JavaThread "jar transforms Thread 1342" [_thread_blocked, id=15916, stack(0x000000cce5100000,0x000000cce5200000)]
  0x000002217dfdf800 JavaThread "jar transforms Thread 1343" [_thread_blocked, id=14288, stack(0x000000cce5200000,0x000000cce5300000)]
  0x000002217dfe2000 JavaThread "jar transforms Thread 1344" [_thread_blocked, id=18088, stack(0x000000cce5300000,0x000000cce5400000)]
  0x000002217b5a0800 JavaThread "jar transforms Thread 1345" [_thread_blocked, id=4120, stack(0x000000cce5400000,0x000000cce5500000)]
  0x000002217b5a4000 JavaThread "jar transforms Thread 1346" [_thread_blocked, id=16240, stack(0x000000cce5500000,0x000000cce5600000)]
  0x000002217b5a4800 JavaThread "jar transforms Thread 1347" [_thread_blocked, id=18080, stack(0x000000cce5600000,0x000000cce5700000)]
  0x000002217b59f000 JavaThread "jar transforms Thread 1348" [_thread_blocked, id=14272, stack(0x000000cce5700000,0x000000cce5800000)]
  0x000002217b5a5800 JavaThread "jar transforms Thread 1349" [_thread_blocked, id=18100, stack(0x000000cce5800000,0x000000cce5900000)]
  0x000002217b59f800 JavaThread "jar transforms Thread 1350" [_thread_blocked, id=17852, stack(0x000000cce5900000,0x000000cce5a00000)]
  0x000002217b5ab000 JavaThread "jar transforms Thread 1351" [_thread_blocked, id=17148, stack(0x000000cce5a00000,0x000000cce5b00000)]
  0x000002217b5ac000 JavaThread "jar transforms Thread 1352" [_thread_blocked, id=16956, stack(0x000000cce5b00000,0x000000cce5c00000)]
  0x000002217b5a8000 JavaThread "jar transforms Thread 1353" [_thread_blocked, id=17548, stack(0x000000cce5c00000,0x000000cce5d00000)]
  0x000002217b5a7000 JavaThread "jar transforms Thread 1354" [_thread_blocked, id=18236, stack(0x000000cce5d00000,0x000000cce5e00000)]
  0x000002217b5a8800 JavaThread "jar transforms Thread 1355" [_thread_blocked, id=16764, stack(0x000000cce5e00000,0x000000cce5f00000)]
  0x000002217b5a9800 JavaThread "jar transforms Thread 1356" [_thread_blocked, id=12396, stack(0x000000cce5f00000,0x000000cce6000000)]
  0x000002217b5aa800 JavaThread "jar transforms Thread 1357" [_thread_blocked, id=15204, stack(0x000000cce6000000,0x000000cce6100000)]
  0x000002217b5ad800 JavaThread "jar transforms Thread 1358" [_thread_blocked, id=13720, stack(0x000000cce6100000,0x000000cce6200000)]
  0x000002217a8c8800 JavaThread "jar transforms Thread 1359" [_thread_blocked, id=15896, stack(0x000000cce6200000,0x000000cce6300000)]
  0x000002217a8ca000 JavaThread "jar transforms Thread 1360" [_thread_blocked, id=16084, stack(0x000000cce6400000,0x000000cce6500000)]
  0x000002217a8cb000 JavaThread "Handler for socket connection from /127.0.0.1:13366 to /127.0.0.1:4118" [_thread_in_native, id=2432, stack(0x000000ccde100000,0x000000ccde200000)]
  0x000002217a8c6000 JavaThread "Cancel handler" [_thread_blocked, id=17624, stack(0x000000ccdf300000,0x000000ccdf400000)]
  0x000002217a8cc800 JavaThread "Asynchronous log dispatcher for DefaultDaemonConnection: socket connection from /127.0.0.1:13366 to /127.0.0.1:4118" [_thread_blocked, id=18492, stack(0x000000ccdfb00000,0x000000ccdfc00000)]
  0x000002217a8c7000 JavaThread "Stdin handler" [_thread_blocked, id=18488, stack(0x000000ccdfc00000,0x000000ccdfd00000)]
  0x000002217a8ce000 JavaThread "Daemon client event forwarder" [_thread_blocked, id=18512, stack(0x000000ccdfd00000,0x000000ccdfe00000)]
  0x000002217a8d2800 JavaThread "Cache worker for file hash cache (C:\Users\Captain\Desktop\Sales-Management-App-master\.gradle\6.8.3\fileHashes)" [_thread_blocked, id=17588, stack(0x000000ccdfe00000,0x000000ccdff00000)]
  0x000002217a8cd800 JavaThread "Cache worker for checksums cache (C:\Users\Captain\Desktop\Sales-Management-App-master\.gradle\checksums)" [_thread_blocked, id=18508, stack(0x000000ccdff00000,0x000000cce0000000)]
  0x000002217a8d0000 JavaThread "Cache worker for cache directory md-supplier (C:\Users\Captain\Desktop\Sales-Management-Test\caches\6.8.3\md-supplier)" [_thread_blocked, id=14468, stack(0x000000cce0100000,0x000000cce0200000)]
  0x000002217a8d5000 JavaThread "Cache worker for cache directory md-rule (C:\Users\Captain\Desktop\Sales-Management-Test\caches\6.8.3\md-rule)" [_thread_blocked, id=17796, stack(0x000000cce0500000,0x000000cce0600000)]
  0x000002217a8cf000 JavaThread "Cache worker for Build Output Cleanup Cache (C:\Users\Captain\Desktop\Sales-Management-App-master\.gradle\buildOutputCleanup)" [_thread_blocked, id=15984, stack(0x000000cce0600000,0x000000cce0700000)]
  0x0000022103902800 JavaThread "Build operations" [_thread_blocked, id=18464, stack(0x000000cce0800000,0x000000cce0900000)]
  0x00000221038fd000 JavaThread "Build operations Thread 2" [_thread_blocked, id=18480, stack(0x000000cce0900000,0x000000cce0a00000)]
  0x0000022103900000 JavaThread "Build operations Thread 3" [_thread_blocked, id=17872, stack(0x000000cce0a00000,0x000000cce0b00000)]
  0x0000022103901000 JavaThread "Build operations Thread 4" [_thread_blocked, id=18484, stack(0x000000cce0b00000,0x000000cce0c00000)]
  0x0000022103903800 JavaThread "Execution worker for ':'" [_thread_blocked, id=18200, stack(0x000000cce6500000,0x000000cce6600000)]
  0x00000221038fd800 JavaThread "Execution worker for ':' Thread 2" [_thread_blocked, id=18460, stack(0x000000cce6800000,0x000000cce6900000)]
  0x0000022103904000 JavaThread "Execution worker for ':' Thread 3" [_thread_blocked, id=18504, stack(0x000000cce6900000,0x000000cce6a00000)]
  0x0000022103907800 JavaThread "Cache worker for execution history cache (C:\Users\Captain\Desktop\Sales-Management-App-master\.gradle\6.8.3\executionHistory)" [_thread_blocked, id=18520, stack(0x000000cce6a00000,0x000000cce6b00000)]
  0x00000221038fc000 JavaThread "C2 CompilerThread1" daemon [_thread_blocked, id=18548, stack(0x000000cce0700000,0x000000cce0800000)]

Other Threads:
  0x0000022179daf000 VMThread "VM Thread" [stack: 0x000000ccde800000,0x000000ccde900000] [id=3212]
  0x000002217a8c5000 WatcherThread [stack: 0x000000ccdf200000,0x000000ccdf300000] [id=15032]
  0x0000022163ae9000 GCTaskThread "GC Thread#0" [stack: 0x000000ccde300000,0x000000ccde400000] [id=14668]
  0x000002217afe1000 GCTaskThread "GC Thread#1" [stack: 0x000000ccdf400000,0x000000ccdf500000] [id=14392]
  0x000002217abc5000 GCTaskThread "GC Thread#2" [stack: 0x000000ccdf500000,0x000000ccdf600000] [id=12580]
  0x000002217abc5800 GCTaskThread "GC Thread#3" [stack: 0x000000ccdf600000,0x000000ccdf700000] [id=5464]
  0x0000022163af9000 ConcurrentGCThread "G1 Main Marker" [stack: 0x000000ccde400000,0x000000ccde500000] [id=11708]
=>0x0000022163afa000 ConcurrentGCThread "G1 Conc#0" [stack: 0x000000ccde500000,0x000000ccde600000] [id=13584]
  0x0000022179c50800 ConcurrentGCThread "G1 Refine#0" [stack: 0x000000ccde600000,0x000000ccde700000] [id=3080]
  0x0000022102cab800 ConcurrentGCThread "G1 Refine#1" [stack: 0x000000cce6700000,0x000000cce6800000] [id=15448]
  0x000002217dca5000 ConcurrentGCThread "G1 Refine#2" [stack: 0x000000cce0000000,0x000000cce0100000] [id=16368]
  0x0000022179c51000 ConcurrentGCThread "G1 Young RemSet Sampling" [stack: 0x000000ccde700000,0x000000ccde800000] [id=14728]

Threads with active compile tasks:
C2 CompilerThread09764248 36112   !   4       com.android.ide.common.resources.DataMerger::mergeData (611 bytes)

VM state:not at safepoint (normal execution)

VM Mutex/Monitor currently owned by a thread: None

Heap address: 0x00000000e0000000, size: 512 MB, Compressed Oops mode: 32-bit
Narrow klass base: 0x0000000000000000, Narrow klass shift: 3
Compressed class space size: 260046848 Address: 0x0000000100000000

Heap:
 garbage-first heap   total 262144K, used 167161K [0x00000000e0000000, 0x0000000100000000)
  region size 1024K, 34 young (34816K), 6 survivors (6144K)
 Metaspace       used 122406K, capacity 126678K, committed 133156K, reserved 370688K
  class space    used 14723K, capacity 16223K, committed 17100K, reserved 253952K
Heap Regions: E=young(eden), S=young(survivor), O=old, HS=humongous(starts), HC=humongous(continues), CS=collection set, F=free, A=archive, TAMS=top-at-mark-start (previous, next)
|   0|0x00000000e0000000, 0x00000000e0100000, 0x00000000e0100000|100%| O|  |TAMS 0x00000000e0100000, 0x00000000e0100000| Untracked 
|   1|0x00000000e0100000, 0x00000000e0200000, 0x00000000e0200000|100%| O|  |TAMS 0x00000000e0200000, 0x00000000e0200000| Untracked 
|   2|0x00000000e0200000, 0x00000000e0300000, 0x00000000e0300000|100%| O|  |TAMS 0x00000000e0300000, 0x00000000e0300000| Untracked 
|   3|0x00000000e0300000, 0x00000000e0400000, 0x00000000e0400000|100%|HS|  |TAMS 0x00000000e0400000, 0x00000000e0400000| Complete 
|   4|0x00000000e0400000, 0x00000000e0500000, 0x00000000e0500000|100%|HC|  |TAMS 0x00000000e0500000, 0x00000000e0500000| Complete 
|   5|0x00000000e0500000, 0x00000000e0600000, 0x00000000e0600000|100%|HC|  |TAMS 0x00000000e0600000, 0x00000000e0600000| Complete 
|   6|0x00000000e0600000, 0x00000000e0700000, 0x00000000e0700000|100%| O|  |TAMS 0x00000000e0700000, 0x00000000e0700000| Untracked 
|   7|0x00000000e0700000, 0x00000000e0800000, 0x00000000e0800000|100%| O|  |TAMS 0x00000000e0800000, 0x00000000e0800000| Untracked 
|   8|0x00000000e0800000, 0x00000000e0900000, 0x00000000e0900000|100%| O|  |TAMS 0x00000000e0900000, 0x00000000e0900000| Untracked 
|   9|0x00000000e0900000, 0x00000000e0a00000, 0x00000000e0a00000|100%| O|  |TAMS 0x00000000e0a00000, 0x00000000e0a00000| Untracked 
|  10|0x00000000e0a00000, 0x00000000e0b00000, 0x00000000e0b00000|100%| O|  |TAMS 0x00000000e0b00000, 0x00000000e0b00000| Untracked 
|  11|0x00000000e0b00000, 0x00000000e0c00000, 0x00000000e0c00000|100%| O|  |TAMS 0x00000000e0c00000, 0x00000000e0c00000| Untracked 
|  12|0x00000000e0c00000, 0x00000000e0d00000, 0x00000000e0d00000|100%| O|  |TAMS 0x00000000e0d00000, 0x00000000e0d00000| Untracked 
|  13|0x00000000e0d00000, 0x00000000e0e00000, 0x00000000e0e00000|100%|HS|  |TAMS 0x00000000e0e00000, 0x00000000e0e00000| Complete 
|  14|0x00000000e0e00000, 0x00000000e0f00000, 0x00000000e0f00000|100%|HC|  |TAMS 0x00000000e0f00000, 0x00000000e0f00000| Complete 
|  15|0x00000000e0f00000, 0x00000000e1000000, 0x00000000e1000000|100%|HS|  |TAMS 0x00000000e1000000, 0x00000000e1000000| Complete 
|  16|0x00000000e1000000, 0x00000000e1100000, 0x00000000e1100000|100%|HC|  |TAMS 0x00000000e1100000, 0x00000000e1100000| Complete 
|  17|0x00000000e1100000, 0x00000000e1200000, 0x00000000e1200000|100%|HC|  |TAMS 0x00000000e1200000, 0x00000000e1200000| Complete 
|  18|0x00000000e1200000, 0x00000000e1300000, 0x00000000e1300000|100%|HS|  |TAMS 0x00000000e1300000, 0x00000000e1300000| Complete 
|  19|0x00000000e1300000, 0x00000000e1400000, 0x00000000e1400000|100%|HC|  |TAMS 0x00000000e1400000, 0x00000000e1400000| Complete 
|  20|0x00000000e1400000, 0x00000000e1500000, 0x00000000e1500000|100%|HC|  |TAMS 0x00000000e1500000, 0x00000000e1500000| Complete 
|  21|0x00000000e1500000, 0x00000000e1600000, 0x00000000e1600000|100%|HC|  |TAMS 0x00000000e1600000, 0x00000000e1600000| Complete 
|  22|0x00000000e1600000, 0x00000000e1700000, 0x00000000e1700000|100%|HS|  |TAMS 0x00000000e1700000, 0x00000000e1700000| Complete 
|  23|0x00000000e1700000, 0x00000000e1800000, 0x00000000e1800000|100%|HC|  |TAMS 0x00000000e1800000, 0x00000000e1800000| Complete 
|  24|0x00000000e1800000, 0x00000000e1900000, 0x00000000e1900000|100%| O|  |TAMS 0x00000000e1900000, 0x00000000e1900000| Untracked 
|  25|0x00000000e1900000, 0x00000000e1a00000, 0x00000000e1a00000|100%| O|  |TAMS 0x00000000e1a00000, 0x00000000e1a00000| Untracked 
|  26|0x00000000e1a00000, 0x00000000e1b00000, 0x00000000e1b00000|100%| O|  |TAMS 0x00000000e1b00000, 0x00000000e1b00000| Untracked 
|  27|0x00000000e1b00000, 0x00000000e1c00000, 0x00000000e1c00000|100%| O|  |TAMS 0x00000000e1c00000, 0x00000000e1c00000| Untracked 
|  28|0x00000000e1c00000, 0x00000000e1d00000, 0x00000000e1d00000|100%| O|  |TAMS 0x00000000e1d00000, 0x00000000e1d00000| Untracked 
|  29|0x00000000e1d00000, 0x00000000e1e00000, 0x00000000e1e00000|100%| O|  |TAMS 0x00000000e1e00000, 0x00000000e1e00000| Untracked 
|  30|0x00000000e1e00000, 0x00000000e1f00000, 0x00000000e1f00000|100%| O|  |TAMS 0x00000000e1f00000, 0x00000000e1f00000| Untracked 
|  31|0x00000000e1f00000, 0x00000000e2000000, 0x00000000e2000000|100%| O|  |TAMS 0x00000000e2000000, 0x00000000e2000000| Untracked 
|  32|0x00000000e2000000, 0x00000000e2100000, 0x00000000e2100000|100%| O|  |TAMS 0x00000000e2100000, 0x00000000e2100000| Untracked 
|  33|0x00000000e2100000, 0x00000000e2200000, 0x00000000e2200000|100%|HS|  |TAMS 0x00000000e2100000, 0x00000000e2100000| Complete 
|  34|0x00000000e2200000, 0x00000000e2300000, 0x00000000e2300000|100%| O|  |TAMS 0x00000000e2300000, 0x00000000e2300000| Untracked 
|  35|0x00000000e2300000, 0x00000000e2400000, 0x00000000e2400000|100%| O|  |TAMS 0x00000000e2400000, 0x00000000e2400000| Untracked 
|  36|0x00000000e2400000, 0x00000000e2500000, 0x00000000e2500000|100%|HS|  |TAMS 0x00000000e2400000, 0x00000000e2400000| Complete 
|  37|0x00000000e2500000, 0x00000000e2500000, 0x00000000e2600000|  0%| F|  |TAMS 0x00000000e2500000, 0x00000000e2500000| Untracked 
|  38|0x00000000e2600000, 0x00000000e2700000, 0x00000000e2700000|100%| O|  |TAMS 0x00000000e2700000, 0x00000000e2700000| Untracked 
|  39|0x00000000e2700000, 0x00000000e2800000, 0x00000000e2800000|100%| O|  |TAMS 0x00000000e2800000, 0x00000000e2800000| Untracked 
|  40|0x00000000e2800000, 0x00000000e2800000, 0x00000000e2900000|  0%| F|  |TAMS 0x00000000e2800000, 0x00000000e2800000| Untracked 
|  41|0x00000000e2900000, 0x00000000e2a00000, 0x00000000e2a00000|100%| O|  |TAMS 0x00000000e2a00000, 0x00000000e2a00000| Untracked 
|  42|0x00000000e2a00000, 0x00000000e2b00000, 0x00000000e2b00000|100%| O|  |TAMS 0x00000000e2b00000, 0x00000000e2b00000| Untracked 
|  43|0x00000000e2b00000, 0x00000000e2c00000, 0x00000000e2c00000|100%| O|  |TAMS 0x00000000e2c00000, 0x00000000e2c00000| Untracked 
|  44|0x00000000e2c00000, 0x00000000e2d00000, 0x00000000e2d00000|100%| O|  |TAMS 0x00000000e2d00000, 0x00000000e2d00000| Untracked 
|  45|0x00000000e2d00000, 0x00000000e2e00000, 0x00000000e2e00000|100%| O|  |TAMS 0x00000000e2e00000, 0x00000000e2e00000| Untracked 
|  46|0x00000000e2e00000, 0x00000000e2f00000, 0x00000000e2f00000|100%| O|  |TAMS 0x00000000e2f00000, 0x00000000e2f00000| Untracked 
|  47|0x00000000e2f00000, 0x00000000e3000000, 0x00000000e3000000|100%| O|  |TAMS 0x00000000e3000000, 0x00000000e3000000| Untracked 
|  48|0x00000000e3000000, 0x00000000e3100000, 0x00000000e3100000|100%| O|  |TAMS 0x00000000e3100000, 0x00000000e3100000| Untracked 
|  49|0x00000000e3100000, 0x00000000e3200000, 0x00000000e3200000|100%| O|  |TAMS 0x00000000e3200000, 0x00000000e3200000| Untracked 
|  50|0x00000000e3200000, 0x00000000e3300000, 0x00000000e3300000|100%| O|  |TAMS 0x00000000e3300000, 0x00000000e3300000| Untracked 
|  51|0x00000000e3300000, 0x00000000e3400000, 0x00000000e3400000|100%| O|  |TAMS 0x00000000e3400000, 0x00000000e3400000| Untracked 
|  52|0x00000000e3400000, 0x00000000e3500000, 0x00000000e3500000|100%| O|  |TAMS 0x00000000e3500000, 0x00000000e3500000| Untracked 
|  53|0x00000000e3500000, 0x00000000e3600000, 0x00000000e3600000|100%|HS|  |TAMS 0x00000000e3500000, 0x00000000e3500000| Complete 
|  54|0x00000000e3600000, 0x00000000e3700000, 0x00000000e3700000|100%|HC|  |TAMS 0x00000000e3600000, 0x00000000e3600000| Complete 
|  55|0x00000000e3700000, 0x00000000e3800000, 0x00000000e3800000|100%|HS|  |TAMS 0x00000000e3700000, 0x00000000e3700000| Complete 
|  56|0x00000000e3800000, 0x00000000e3900000, 0x00000000e3900000|100%|HC|  |TAMS 0x00000000e3800000, 0x00000000e3800000| Complete 
|  57|0x00000000e3900000, 0x00000000e3a00000, 0x00000000e3a00000|100%| O|  |TAMS 0x00000000e3a00000, 0x00000000e3a00000| Untracked 
|  58|0x00000000e3a00000, 0x00000000e3b00000, 0x00000000e3b00000|100%| O|  |TAMS 0x00000000e3b00000, 0x00000000e3b00000| Untracked 
|  59|0x00000000e3b00000, 0x00000000e3c00000, 0x00000000e3c00000|100%| O|  |TAMS 0x00000000e3c00000, 0x00000000e3c00000| Untracked 
|  60|0x00000000e3c00000, 0x00000000e3c00000, 0x00000000e3d00000|  0%| F|  |TAMS 0x00000000e3c00000, 0x00000000e3c00000| Untracked 
|  61|0x00000000e3d00000, 0x00000000e3e00000, 0x00000000e3e00000|100%| O|  |TAMS 0x00000000e3e00000, 0x00000000e3e00000| Untracked 
|  62|0x00000000e3e00000, 0x00000000e3e00000, 0x00000000e3f00000|  0%| F|  |TAMS 0x00000000e3e00000, 0x00000000e3e00000| Untracked 
|  63|0x00000000e3f00000, 0x00000000e4000000, 0x00000000e4000000|100%| O|  |TAMS 0x00000000e4000000, 0x00000000e4000000| Untracked 
|  64|0x00000000e4000000, 0x00000000e4100000, 0x00000000e4100000|100%| O|  |TAMS 0x00000000e4100000, 0x00000000e4100000| Untracked 
|  65|0x00000000e4100000, 0x00000000e4200000, 0x00000000e4200000|100%| O|  |TAMS 0x00000000e4200000, 0x00000000e4200000| Untracked 
|  66|0x00000000e4200000, 0x00000000e4300000, 0x00000000e4300000|100%| O|  |TAMS 0x00000000e4300000, 0x00000000e4300000| Untracked 
|  67|0x00000000e4300000, 0x00000000e4400000, 0x00000000e4400000|100%|HS|  |TAMS 0x00000000e4300000, 0x00000000e4300000| Complete 
|  68|0x00000000e4400000, 0x00000000e4500000, 0x00000000e4500000|100%|HC|  |TAMS 0x00000000e4400000, 0x00000000e4400000| Complete 
|  69|0x00000000e4500000, 0x00000000e4600000, 0x00000000e4600000|100%|HC|  |TAMS 0x00000000e4500000, 0x00000000e4500000| Complete 
|  70|0x00000000e4600000, 0x00000000e4700000, 0x00000000e4700000|100%|HS|  |TAMS 0x00000000e4600000, 0x00000000e4600000| Complete 
|  71|0x00000000e4700000, 0x00000000e4800000, 0x00000000e4800000|100%|HC|  |TAMS 0x00000000e4700000, 0x00000000e4700000| Complete 
|  72|0x00000000e4800000, 0x00000000e4900000, 0x00000000e4900000|100%| O|  |TAMS 0x00000000e4900000, 0x00000000e4900000| Untracked 
|  73|0x00000000e4900000, 0x00000000e4a00000, 0x00000000e4a00000|100%| O|  |TAMS 0x00000000e4a00000, 0x00000000e4a00000| Untracked 
|  74|0x00000000e4a00000, 0x00000000e4b00000, 0x00000000e4b00000|100%|HS|  |TAMS 0x00000000e4a00000, 0x00000000e4a00000| Complete 
|  75|0x00000000e4b00000, 0x00000000e4c00000, 0x00000000e4c00000|100%|HC|  |TAMS 0x00000000e4b00000, 0x00000000e4b00000| Complete 
|  76|0x00000000e4c00000, 0x00000000e4d00000, 0x00000000e4d00000|100%|HC|  |TAMS 0x00000000e4c00000, 0x00000000e4c00000| Complete 
|  77|0x00000000e4d00000, 0x00000000e4e00000, 0x00000000e4e00000|100%| O|  |TAMS 0x00000000e4d00000, 0x00000000e4e00000| Untracked 
|  78|0x00000000e4e00000, 0x00000000e4f00000, 0x00000000e4f00000|100%| O|  |TAMS 0x00000000e4f00000, 0x00000000e4f00000| Untracked 
|  79|0x00000000e4f00000, 0x00000000e5000000, 0x00000000e5000000|100%| O|  |TAMS 0x00000000e5000000, 0x00000000e5000000| Untracked 
|  80|0x00000000e5000000, 0x00000000e5000000, 0x00000000e5100000|  0%| F|  |TAMS 0x00000000e5000000, 0x00000000e5000000| Untracked 
|  81|0x00000000e5100000, 0x00000000e5200000, 0x00000000e5200000|100%| O|  |TAMS 0x00000000e5200000, 0x00000000e5200000| Untracked 
|  82|0x00000000e5200000, 0x00000000e5300000, 0x00000000e5300000|100%| O|  |TAMS 0x00000000e5300000, 0x00000000e5300000| Untracked 
|  83|0x00000000e5300000, 0x00000000e5400000, 0x00000000e5400000|100%| O|  |TAMS 0x00000000e5400000, 0x00000000e5400000| Untracked 
|  84|0x00000000e5400000, 0x00000000e5500000, 0x00000000e5500000|100%| O|  |TAMS 0x00000000e5500000, 0x00000000e5500000| Untracked 
|  85|0x00000000e5500000, 0x00000000e5600000, 0x00000000e5600000|100%| O|  |TAMS 0x00000000e5600000, 0x00000000e5600000| Untracked 
|  86|0x00000000e5600000, 0x00000000e5700000, 0x00000000e5700000|100%| O|  |TAMS 0x00000000e5700000, 0x00000000e5700000| Untracked 
|  87|0x00000000e5700000, 0x00000000e5800000, 0x00000000e5800000|100%| O|  |TAMS 0x00000000e5800000, 0x00000000e5800000| Untracked 
|  88|0x00000000e5800000, 0x00000000e5900000, 0x00000000e5900000|100%|HS|  |TAMS 0x00000000e5900000, 0x00000000e5900000| Complete 
|  89|0x00000000e5900000, 0x00000000e5a00000, 0x00000000e5a00000|100%|HC|  |TAMS 0x00000000e5a00000, 0x00000000e5a00000| Complete 
|  90|0x00000000e5a00000, 0x00000000e5a00000, 0x00000000e5b00000|  0%| F|  |TAMS 0x00000000e5a00000, 0x00000000e5a00000| Untracked 
|  91|0x00000000e5b00000, 0x00000000e5c00000, 0x00000000e5c00000|100%| O|  |TAMS 0x00000000e5c00000, 0x00000000e5c00000| Untracked 
|  92|0x00000000e5c00000, 0x00000000e5d00000, 0x00000000e5d00000|100%| O|  |TAMS 0x00000000e5d00000, 0x00000000e5d00000| Untracked 
|  93|0x00000000e5d00000, 0x00000000e5e00000, 0x00000000e5e00000|100%| O|  |TAMS 0x00000000e5e00000, 0x00000000e5e00000| Untracked 
|  94|0x00000000e5e00000, 0x00000000e5f00000, 0x00000000e5f00000|100%| O|  |TAMS 0x00000000e5f00000, 0x00000000e5f00000| Untracked 
|  95|0x00000000e5f00000, 0x00000000e6000000, 0x00000000e6000000|100%| O|  |TAMS 0x00000000e6000000, 0x00000000e6000000| Untracked 
|  96|0x00000000e6000000, 0x00000000e6100000, 0x00000000e6100000|100%| O|  |TAMS 0x00000000e6100000, 0x00000000e6100000| Untracked 
|  97|0x00000000e6100000, 0x00000000e6200000, 0x00000000e6200000|100%| O|  |TAMS 0x00000000e6200000, 0x00000000e6200000| Untracked 
|  98|0x00000000e6200000, 0x00000000e6300000, 0x00000000e6300000|100%| O|  |TAMS 0x00000000e6300000, 0x00000000e6300000| Untracked 
|  99|0x00000000e6300000, 0x00000000e6400000, 0x00000000e6400000|100%| O|  |TAMS 0x00000000e6400000, 0x00000000e6400000| Untracked 
| 100|0x00000000e6400000, 0x00000000e6500000, 0x00000000e6500000|100%| O|  |TAMS 0x00000000e6500000, 0x00000000e6500000| Untracked 
| 101|0x00000000e6500000, 0x00000000e6600000, 0x00000000e6600000|100%| O|  |TAMS 0x00000000e652b800, 0x00000000e6600000| Untracked 
| 102|0x00000000e6600000, 0x00000000e6700000, 0x00000000e6700000|100%| O|  |TAMS 0x00000000e6700000, 0x00000000e6700000| Untracked 
| 103|0x00000000e6700000, 0x00000000e6800000, 0x00000000e6800000|100%|HS|  |TAMS 0x00000000e6700000, 0x00000000e6700000| Complete 
| 104|0x00000000e6800000, 0x00000000e6900000, 0x00000000e6900000|100%|HC|  |TAMS 0x00000000e6800000, 0x00000000e6800000| Complete 
| 105|0x00000000e6900000, 0x00000000e6a00000, 0x00000000e6a00000|100%| O|  |TAMS 0x00000000e6900000, 0x00000000e6a00000| Untracked 
| 106|0x00000000e6a00000, 0x00000000e6b00000, 0x00000000e6b00000|100%| O|  |TAMS 0x00000000e6a00000, 0x00000000e6b00000| Untracked 
| 107|0x00000000e6b00000, 0x00000000e6c00000, 0x00000000e6c00000|100%| O|  |TAMS 0x00000000e6b00000, 0x00000000e6c00000| Untracked 
| 108|0x00000000e6c00000, 0x00000000e6d00000, 0x00000000e6d00000|100%| O|  |TAMS 0x00000000e6c00000, 0x00000000e6d00000| Untracked 
| 109|0x00000000e6d00000, 0x00000000e6e00000, 0x00000000e6e00000|100%| O|  |TAMS 0x00000000e6d00000, 0x00000000e6e00000| Untracked 
| 110|0x00000000e6e00000, 0x00000000e6f00000, 0x00000000e6f00000|100%| O|  |TAMS 0x00000000e6e00000, 0x00000000e6f00000| Untracked 
| 111|0x00000000e6f00000, 0x00000000e7000000, 0x00000000e7000000|100%| O|  |TAMS 0x00000000e6f00000, 0x00000000e7000000| Untracked 
| 112|0x00000000e7000000, 0x00000000e7100000, 0x00000000e7100000|100%| O|  |TAMS 0x00000000e7000000, 0x00000000e7100000| Untracked 
| 113|0x00000000e7100000, 0x00000000e71a5600, 0x00000000e7200000| 64%| O|  |TAMS 0x00000000e7100000, 0x00000000e71a5600| Untracked 
| 114|0x00000000e7200000, 0x00000000e7300000, 0x00000000e7300000|100%| O|  |TAMS 0x00000000e7300000, 0x00000000e7300000| Untracked 
| 115|0x00000000e7300000, 0x00000000e7300000, 0x00000000e7400000|  0%| F|  |TAMS 0x00000000e7300000, 0x00000000e7300000| Untracked 
| 116|0x00000000e7400000, 0x00000000e7500000, 0x00000000e7500000|100%| O|  |TAMS 0x00000000e7500000, 0x00000000e7500000| Untracked 
| 117|0x00000000e7500000, 0x00000000e7600000, 0x00000000e7600000|100%|HS|  |TAMS 0x00000000e7500000, 0x00000000e7500000| Complete 
| 118|0x00000000e7600000, 0x00000000e7700000, 0x00000000e7700000|100%|HC|  |TAMS 0x00000000e7600000, 0x00000000e7600000| Complete 
| 119|0x00000000e7700000, 0x00000000e7800000, 0x00000000e7800000|100%|HC|  |TAMS 0x00000000e7700000, 0x00000000e7700000| Complete 
| 120|0x00000000e7800000, 0x00000000e7900000, 0x00000000e7900000|100%| O|  |TAMS 0x00000000e7900000, 0x00000000e7900000| Untracked 
| 121|0x00000000e7900000, 0x00000000e7a00000, 0x00000000e7a00000|100%|HS|  |TAMS 0x00000000e7900000, 0x00000000e7900000| Complete 
| 122|0x00000000e7a00000, 0x00000000e7b00000, 0x00000000e7b00000|100%|HC|  |TAMS 0x00000000e7a00000, 0x00000000e7a00000| Complete 
| 123|0x00000000e7b00000, 0x00000000e7c00000, 0x00000000e7c00000|100%|HC|  |TAMS 0x00000000e7b00000, 0x00000000e7b00000| Complete 
| 124|0x00000000e7c00000, 0x00000000e7d00000, 0x00000000e7d00000|100%|HC|  |TAMS 0x00000000e7c00000, 0x00000000e7c00000| Complete 
| 125|0x00000000e7d00000, 0x00000000e7e00000, 0x00000000e7e00000|100%|HC|  |TAMS 0x00000000e7d00000, 0x00000000e7d00000| Complete 
| 126|0x00000000e7e00000, 0x00000000e7f00000, 0x00000000e7f00000|100%|HS|  |TAMS 0x00000000e7e00000, 0x00000000e7e00000| Complete 
| 127|0x00000000e7f00000, 0x00000000e8000000, 0x00000000e8000000|100%|HC|  |TAMS 0x00000000e7f00000, 0x00000000e7f00000| Complete 
| 128|0x00000000e8000000, 0x00000000e8000000, 0x00000000e8100000|  0%| F|  |TAMS 0x00000000e8000000, 0x00000000e8000000| Untracked 
| 129|0x00000000e8100000, 0x00000000e8100000, 0x00000000e8200000|  0%| F|  |TAMS 0x00000000e8100000, 0x00000000e8100000| Untracked 
| 130|0x00000000e8200000, 0x00000000e8200000, 0x00000000e8300000|  0%| F|  |TAMS 0x00000000e8200000, 0x00000000e8200000| Untracked 
| 131|0x00000000e8300000, 0x00000000e8300000, 0x00000000e8400000|  0%| F|  |TAMS 0x00000000e8300000, 0x00000000e8300000| Untracked 
| 132|0x00000000e8400000, 0x00000000e8400000, 0x00000000e8500000|  0%| F|  |TAMS 0x00000000e8400000, 0x00000000e8400000| Untracked 
| 133|0x00000000e8500000, 0x00000000e8500000, 0x00000000e8600000|  0%| F|  |TAMS 0x00000000e8500000, 0x00000000e8500000| Untracked 
| 134|0x00000000e8600000, 0x00000000e8600000, 0x00000000e8700000|  0%| F|  |TAMS 0x00000000e8600000, 0x00000000e8600000| Untracked 
| 135|0x00000000e8700000, 0x00000000e8700000, 0x00000000e8800000|  0%| F|  |TAMS 0x00000000e8700000, 0x00000000e8700000| Untracked 
| 136|0x00000000e8800000, 0x00000000e8900000, 0x00000000e8900000|100%| O|  |TAMS 0x00000000e8900000, 0x00000000e8900000| Untracked 
| 137|0x00000000e8900000, 0x00000000e8900000, 0x00000000e8a00000|  0%| F|  |TAMS 0x00000000e8900000, 0x00000000e8900000| Untracked 
| 138|0x00000000e8a00000, 0x00000000e8a00000, 0x00000000e8b00000|  0%| F|  |TAMS 0x00000000e8a00000, 0x00000000e8a00000| Untracked 
| 139|0x00000000e8b00000, 0x00000000e8b00000, 0x00000000e8c00000|  0%| F|  |TAMS 0x00000000e8b00000, 0x00000000e8b00000| Untracked 
| 140|0x00000000e8c00000, 0x00000000e8c00000, 0x00000000e8d00000|  0%| F|  |TAMS 0x00000000e8c00000, 0x00000000e8c00000| Untracked 
| 141|0x00000000e8d00000, 0x00000000e8d00000, 0x00000000e8e00000|  0%| F|  |TAMS 0x00000000e8d00000, 0x00000000e8d00000| Untracked 
| 142|0x00000000e8e00000, 0x00000000e8e00000, 0x00000000e8f00000|  0%| F|  |TAMS 0x00000000e8e00000, 0x00000000e8e00000| Untracked 
| 143|0x00000000e8f00000, 0x00000000e8f00000, 0x00000000e9000000|  0%| F|  |TAMS 0x00000000e8f00000, 0x00000000e8f00000| Untracked 
| 144|0x00000000e9000000, 0x00000000e9000000, 0x00000000e9100000|  0%| F|  |TAMS 0x00000000e9000000, 0x00000000e9000000| Untracked 
| 145|0x00000000e9100000, 0x00000000e9100000, 0x00000000e9200000|  0%| F|  |TAMS 0x00000000e9100000, 0x00000000e9100000| Untracked 
| 146|0x00000000e9200000, 0x00000000e9200000, 0x00000000e9300000|  0%| F|  |TAMS 0x00000000e9200000, 0x00000000e9200000| Untracked 
| 147|0x00000000e9300000, 0x00000000e9400000, 0x00000000e9400000|100%| O|  |TAMS 0x00000000e9400000, 0x00000000e9400000| Untracked 
| 148|0x00000000e9400000, 0x00000000e9400000, 0x00000000e9500000|  0%| F|  |TAMS 0x00000000e9400000, 0x00000000e9400000| Untracked 
| 149|0x00000000e9500000, 0x00000000e9500000, 0x00000000e9600000|  0%| F|  |TAMS 0x00000000e9500000, 0x00000000e9500000| Untracked 
| 150|0x00000000e9600000, 0x00000000e9600000, 0x00000000e9700000|  0%| F|  |TAMS 0x00000000e9600000, 0x00000000e9600000| Untracked 
| 151|0x00000000e9700000, 0x00000000e9700000, 0x00000000e9800000|  0%| F|  |TAMS 0x00000000e9700000, 0x00000000e9700000| Untracked 
| 152|0x00000000e9800000, 0x00000000e9800000, 0x00000000e9900000|  0%| F|  |TAMS 0x00000000e9800000, 0x00000000e9800000| Untracked 
| 153|0x00000000e9900000, 0x00000000e9900000, 0x00000000e9a00000|  0%| F|  |TAMS 0x00000000e9900000, 0x00000000e9900000| Untracked 
| 154|0x00000000e9a00000, 0x00000000e9b00000, 0x00000000e9b00000|100%| O|  |TAMS 0x00000000e9b00000, 0x00000000e9b00000| Untracked 
| 155|0x00000000e9b00000, 0x00000000e9b00000, 0x00000000e9c00000|  0%| F|  |TAMS 0x00000000e9b00000, 0x00000000e9b00000| Untracked 
| 156|0x00000000e9c00000, 0x00000000e9d00000, 0x00000000e9d00000|100%| O|  |TAMS 0x00000000e9d00000, 0x00000000e9d00000| Untracked 
| 157|0x00000000e9d00000, 0x00000000e9d00000, 0x00000000e9e00000|  0%| F|  |TAMS 0x00000000e9d00000, 0x00000000e9d00000| Untracked 
| 158|0x00000000e9e00000, 0x00000000e9e00000, 0x00000000e9f00000|  0%| F|  |TAMS 0x00000000e9e00000, 0x00000000e9e00000| Untracked 
| 159|0x00000000e9f00000, 0x00000000e9f00000, 0x00000000ea000000|  0%| F|  |TAMS 0x00000000e9f00000, 0x00000000e9f00000| Untracked 
| 160|0x00000000ea000000, 0x00000000ea000000, 0x00000000ea100000|  0%| F|  |TAMS 0x00000000ea000000, 0x00000000ea000000| Untracked 
| 161|0x00000000ea100000, 0x00000000ea100000, 0x00000000ea200000|  0%| F|  |TAMS 0x00000000ea100000, 0x00000000ea100000| Untracked 
| 162|0x00000000ea200000, 0x00000000ea200000, 0x00000000ea300000|  0%| F|  |TAMS 0x00000000ea200000, 0x00000000ea200000| Untracked 
| 163|0x00000000ea300000, 0x00000000ea400000, 0x00000000ea400000|100%| O|  |TAMS 0x00000000ea400000, 0x00000000ea400000| Untracked 
| 164|0x00000000ea400000, 0x00000000ea500000, 0x00000000ea500000|100%| O|  |TAMS 0x00000000ea500000, 0x00000000ea500000| Untracked 
| 165|0x00000000ea500000, 0x00000000ea600000, 0x00000000ea600000|100%| O|  |TAMS 0x00000000ea600000, 0x00000000ea600000| Untracked 
| 166|0x00000000ea600000, 0x00000000ea600000, 0x00000000ea700000|  0%| F|  |TAMS 0x00000000ea600000, 0x00000000ea600000| Untracked 
| 167|0x00000000ea700000, 0x00000000ea800000, 0x00000000ea800000|100%| O|  |TAMS 0x00000000ea800000, 0x00000000ea800000| Untracked 
| 168|0x00000000ea800000, 0x00000000ea900000, 0x00000000ea900000|100%| O|  |TAMS 0x00000000ea900000, 0x00000000ea900000| Untracked 
| 169|0x00000000ea900000, 0x00000000eaa00000, 0x00000000eaa00000|100%| O|  |TAMS 0x00000000eaa00000, 0x00000000eaa00000| Untracked 
| 170|0x00000000eaa00000, 0x00000000eaa00000, 0x00000000eab00000|  0%| F|  |TAMS 0x00000000eaa00000, 0x00000000eaa00000| Untracked 
| 171|0x00000000eab00000, 0x00000000eab00000, 0x00000000eac00000|  0%| F|  |TAMS 0x00000000eab00000, 0x00000000eab00000| Untracked 
| 172|0x00000000eac00000, 0x00000000eac00000, 0x00000000ead00000|  0%| F|  |TAMS 0x00000000eac00000, 0x00000000eac00000| Untracked 
| 173|0x00000000ead00000, 0x00000000ead00000, 0x00000000eae00000|  0%| F|  |TAMS 0x00000000ead00000, 0x00000000ead00000| Untracked 
| 174|0x00000000eae00000, 0x00000000eae00000, 0x00000000eaf00000|  0%| F|  |TAMS 0x00000000eae00000, 0x00000000eae00000| Untracked 
| 175|0x00000000eaf00000, 0x00000000eaf00000, 0x00000000eb000000|  0%| F|  |TAMS 0x00000000eaf00000, 0x00000000eaf00000| Untracked 
| 176|0x00000000eb000000, 0x00000000eb000000, 0x00000000eb100000|  0%| F|  |TAMS 0x00000000eb000000, 0x00000000eb000000| Untracked 
| 177|0x00000000eb100000, 0x00000000eb100000, 0x00000000eb200000|  0%| F|  |TAMS 0x00000000eb100000, 0x00000000eb100000| Untracked 
| 178|0x00000000eb200000, 0x00000000eb200000, 0x00000000eb300000|  0%| F|  |TAMS 0x00000000eb200000, 0x00000000eb200000| Untracked 
| 179|0x00000000eb300000, 0x00000000eb300000, 0x00000000eb400000|  0%| F|  |TAMS 0x00000000eb300000, 0x00000000eb300000| Untracked 
| 180|0x00000000eb400000, 0x00000000eb400000, 0x00000000eb500000|  0%| F|  |TAMS 0x00000000eb400000, 0x00000000eb400000| Untracked 
| 181|0x00000000eb500000, 0x00000000eb5991c8, 0x00000000eb600000| 59%| S|CS|TAMS 0x00000000eb500000, 0x00000000eb500000| Complete 
| 182|0x00000000eb600000, 0x00000000eb700000, 0x00000000eb700000|100%| S|CS|TAMS 0x00000000eb600000, 0x00000000eb600000| Complete 
| 183|0x00000000eb700000, 0x00000000eb800000, 0x00000000eb800000|100%| S|CS|TAMS 0x00000000eb700000, 0x00000000eb700000| Complete 
| 184|0x00000000eb800000, 0x00000000eb900000, 0x00000000eb900000|100%| S|CS|TAMS 0x00000000eb800000, 0x00000000eb800000| Complete 
| 185|0x00000000eb900000, 0x00000000eba00000, 0x00000000eba00000|100%| S|CS|TAMS 0x00000000eb900000, 0x00000000eb900000| Complete 
| 186|0x00000000eba00000, 0x00000000ebb00000, 0x00000000ebb00000|100%| S|CS|TAMS 0x00000000eba00000, 0x00000000eba00000| Complete 
| 187|0x00000000ebb00000, 0x00000000ebb00000, 0x00000000ebc00000|  0%| F|  |TAMS 0x00000000ebb00000, 0x00000000ebb00000| Untracked 
| 188|0x00000000ebc00000, 0x00000000ebc00000, 0x00000000ebd00000|  0%| F|  |TAMS 0x00000000ebc00000, 0x00000000ebc00000| Untracked 
| 189|0x00000000ebd00000, 0x00000000ebd00000, 0x00000000ebe00000|  0%| F|  |TAMS 0x00000000ebd00000, 0x00000000ebd00000| Untracked 
| 190|0x00000000ebe00000, 0x00000000ebe00000, 0x00000000ebf00000|  0%| F|  |TAMS 0x00000000ebe00000, 0x00000000ebe00000| Untracked 
| 191|0x00000000ebf00000, 0x00000000ebf00000, 0x00000000ec000000|  0%| F|  |TAMS 0x00000000ebf00000, 0x00000000ebf00000| Untracked 
| 192|0x00000000ec000000, 0x00000000ec000000, 0x00000000ec100000|  0%| F|  |TAMS 0x00000000ec000000, 0x00000000ec000000| Untracked 
| 193|0x00000000ec100000, 0x00000000ec100000, 0x00000000ec200000|  0%| F|  |TAMS 0x00000000ec100000, 0x00000000ec100000| Untracked 
| 194|0x00000000ec200000, 0x00000000ec200000, 0x00000000ec300000|  0%| F|  |TAMS 0x00000000ec200000, 0x00000000ec200000| Untracked 
| 195|0x00000000ec300000, 0x00000000ec300000, 0x00000000ec400000|  0%| F|  |TAMS 0x00000000ec300000, 0x00000000ec300000| Untracked 
| 196|0x00000000ec400000, 0x00000000ec400000, 0x00000000ec500000|  0%| F|  |TAMS 0x00000000ec400000, 0x00000000ec400000| Untracked 
| 197|0x00000000ec500000, 0x00000000ec500000, 0x00000000ec600000|  0%| F|  |TAMS 0x00000000ec500000, 0x00000000ec500000| Untracked 
| 198|0x00000000ec600000, 0x00000000ec600000, 0x00000000ec700000|  0%| F|  |TAMS 0x00000000ec600000, 0x00000000ec600000| Untracked 
| 199|0x00000000ec700000, 0x00000000ec700000, 0x00000000ec800000|  0%| F|  |TAMS 0x00000000ec700000, 0x00000000ec700000| Untracked 
| 200|0x00000000ec800000, 0x00000000ec800000, 0x00000000ec900000|  0%| F|  |TAMS 0x00000000ec800000, 0x00000000ec800000| Untracked 
| 201|0x00000000ec900000, 0x00000000ec900000, 0x00000000eca00000|  0%| F|  |TAMS 0x00000000ec900000, 0x00000000ec900000| Untracked 
| 202|0x00000000eca00000, 0x00000000eca00000, 0x00000000ecb00000|  0%| F|  |TAMS 0x00000000eca00000, 0x00000000eca00000| Untracked 
| 203|0x00000000ecb00000, 0x00000000ecb00000, 0x00000000ecc00000|  0%| F|  |TAMS 0x00000000ecb00000, 0x00000000ecb00000| Untracked 
| 204|0x00000000ecc00000, 0x00000000ecc00000, 0x00000000ecd00000|  0%| F|  |TAMS 0x00000000ecc00000, 0x00000000ecc00000| Untracked 
| 205|0x00000000ecd00000, 0x00000000ecd00000, 0x00000000ece00000|  0%| F|  |TAMS 0x00000000ecd00000, 0x00000000ecd00000| Untracked 
| 206|0x00000000ece00000, 0x00000000ece00000, 0x00000000ecf00000|  0%| F|  |TAMS 0x00000000ece00000, 0x00000000ece00000| Untracked 
| 207|0x00000000ecf00000, 0x00000000ecf00000, 0x00000000ed000000|  0%| F|  |TAMS 0x00000000ecf00000, 0x00000000ecf00000| Untracked 
| 208|0x00000000ed000000, 0x00000000ed000000, 0x00000000ed100000|  0%| F|  |TAMS 0x00000000ed000000, 0x00000000ed000000| Untracked 
| 209|0x00000000ed100000, 0x00000000ed100000, 0x00000000ed200000|  0%| F|  |TAMS 0x00000000ed100000, 0x00000000ed100000| Untracked 
| 210|0x00000000ed200000, 0x00000000ed200000, 0x00000000ed300000|  0%| F|  |TAMS 0x00000000ed200000, 0x00000000ed200000| Untracked 
| 211|0x00000000ed300000, 0x00000000ed300000, 0x00000000ed400000|  0%| F|  |TAMS 0x00000000ed300000, 0x00000000ed300000| Untracked 
| 212|0x00000000ed400000, 0x00000000ed400000, 0x00000000ed500000|  0%| F|  |TAMS 0x00000000ed400000, 0x00000000ed400000| Untracked 
| 213|0x00000000ed500000, 0x00000000ed500000, 0x00000000ed600000|  0%| F|  |TAMS 0x00000000ed500000, 0x00000000ed500000| Untracked 
| 214|0x00000000ed600000, 0x00000000ed600000, 0x00000000ed700000|  0%| F|  |TAMS 0x00000000ed600000, 0x00000000ed600000| Untracked 
| 215|0x00000000ed700000, 0x00000000ed700000, 0x00000000ed800000|  0%| F|  |TAMS 0x00000000ed700000, 0x00000000ed700000| Untracked 
| 216|0x00000000ed800000, 0x00000000ed800000, 0x00000000ed900000|  0%| F|  |TAMS 0x00000000ed800000, 0x00000000ed800000| Untracked 
| 217|0x00000000ed900000, 0x00000000ed900000, 0x00000000eda00000|  0%| F|  |TAMS 0x00000000ed900000, 0x00000000ed900000| Untracked 
| 218|0x00000000eda00000, 0x00000000eda00000, 0x00000000edb00000|  0%| F|  |TAMS 0x00000000eda00000, 0x00000000eda00000| Untracked 
| 219|0x00000000edb00000, 0x00000000edb00000, 0x00000000edc00000|  0%| F|  |TAMS 0x00000000edb00000, 0x00000000edb00000| Untracked 
| 220|0x00000000edc00000, 0x00000000edc00000, 0x00000000edd00000|  0%| F|  |TAMS 0x00000000edc00000, 0x00000000edc00000| Untracked 
| 221|0x00000000edd00000, 0x00000000edd00000, 0x00000000ede00000|  0%| F|  |TAMS 0x00000000edd00000, 0x00000000edd00000| Untracked 
| 222|0x00000000ede00000, 0x00000000ede00000, 0x00000000edf00000|  0%| F|  |TAMS 0x00000000ede00000, 0x00000000ede00000| Untracked 
| 223|0x00000000edf00000, 0x00000000edf00000, 0x00000000ee000000|  0%| F|  |TAMS 0x00000000edf00000, 0x00000000edf00000| Untracked 
| 224|0x00000000ee000000, 0x00000000ee000000, 0x00000000ee100000|  0%| F|  |TAMS 0x00000000ee000000, 0x00000000ee000000| Untracked 
| 225|0x00000000ee100000, 0x00000000ee100000, 0x00000000ee200000|  0%| F|  |TAMS 0x00000000ee100000, 0x00000000ee100000| Untracked 
| 226|0x00000000ee200000, 0x00000000ee200000, 0x00000000ee300000|  0%| F|  |TAMS 0x00000000ee200000, 0x00000000ee200000| Untracked 
| 227|0x00000000ee300000, 0x00000000ee400000, 0x00000000ee400000|100%| E|  |TAMS 0x00000000ee300000, 0x00000000ee300000| Complete 
| 228|0x00000000ee400000, 0x00000000ee500000, 0x00000000ee500000|100%| E|CS|TAMS 0x00000000ee400000, 0x00000000ee400000| Complete 
| 229|0x00000000ee500000, 0x00000000ee600000, 0x00000000ee600000|100%| E|CS|TAMS 0x00000000ee500000, 0x00000000ee500000| Complete 
| 230|0x00000000ee600000, 0x00000000ee700000, 0x00000000ee700000|100%| E|CS|TAMS 0x00000000ee600000, 0x00000000ee600000| Complete 
| 231|0x00000000ee700000, 0x00000000ee800000, 0x00000000ee800000|100%| E|CS|TAMS 0x00000000ee700000, 0x00000000ee700000| Complete 
| 232|0x00000000ee800000, 0x00000000ee900000, 0x00000000ee900000|100%| E|CS|TAMS 0x00000000ee800000, 0x00000000ee800000| Complete 
| 233|0x00000000ee900000, 0x00000000eea00000, 0x00000000eea00000|100%| E|CS|TAMS 0x00000000ee900000, 0x00000000ee900000| Complete 
| 234|0x00000000eea00000, 0x00000000eeb00000, 0x00000000eeb00000|100%| E|CS|TAMS 0x00000000eea00000, 0x00000000eea00000| Complete 
| 235|0x00000000eeb00000, 0x00000000eec00000, 0x00000000eec00000|100%| E|CS|TAMS 0x00000000eeb00000, 0x00000000eeb00000| Complete 
| 236|0x00000000eec00000, 0x00000000eed00000, 0x00000000eed00000|100%| E|CS|TAMS 0x00000000eec00000, 0x00000000eec00000| Complete 
| 237|0x00000000eed00000, 0x00000000eee00000, 0x00000000eee00000|100%| E|CS|TAMS 0x00000000eed00000, 0x00000000eed00000| Complete 
| 238|0x00000000eee00000, 0x00000000eef00000, 0x00000000eef00000|100%| E|CS|TAMS 0x00000000eee00000, 0x00000000eee00000| Complete 
| 239|0x00000000eef00000, 0x00000000ef000000, 0x00000000ef000000|100%| E|CS|TAMS 0x00000000eef00000, 0x00000000eef00000| Complete 
| 240|0x00000000ef000000, 0x00000000ef100000, 0x00000000ef100000|100%| E|CS|TAMS 0x00000000ef000000, 0x00000000ef000000| Complete 
| 241|0x00000000ef100000, 0x00000000ef200000, 0x00000000ef200000|100%| E|CS|TAMS 0x00000000ef100000, 0x00000000ef100000| Complete 
| 242|0x00000000ef200000, 0x00000000ef300000, 0x00000000ef300000|100%| E|CS|TAMS 0x00000000ef200000, 0x00000000ef200000| Complete 
| 243|0x00000000ef300000, 0x00000000ef400000, 0x00000000ef400000|100%| E|CS|TAMS 0x00000000ef300000, 0x00000000ef300000| Complete 
| 244|0x00000000ef400000, 0x00000000ef500000, 0x00000000ef500000|100%| E|CS|TAMS 0x00000000ef400000, 0x00000000ef400000| Complete 
| 245|0x00000000ef500000, 0x00000000ef600000, 0x00000000ef600000|100%| E|CS|TAMS 0x00000000ef500000, 0x00000000ef500000| Complete 
| 246|0x00000000ef600000, 0x00000000ef700000, 0x00000000ef700000|100%| E|CS|TAMS 0x00000000ef600000, 0x00000000ef600000| Complete 
| 247|0x00000000ef700000, 0x00000000ef800000, 0x00000000ef800000|100%| E|CS|TAMS 0x00000000ef700000, 0x00000000ef700000| Complete 
| 248|0x00000000ef800000, 0x00000000ef900000, 0x00000000ef900000|100%| E|CS|TAMS 0x00000000ef800000, 0x00000000ef800000| Complete 
| 249|0x00000000ef900000, 0x00000000efa00000, 0x00000000efa00000|100%| E|CS|TAMS 0x00000000ef900000, 0x00000000ef900000| Complete 
| 250|0x00000000efa00000, 0x00000000efb00000, 0x00000000efb00000|100%| E|CS|TAMS 0x00000000efa00000, 0x00000000efa00000| Complete 
| 251|0x00000000efb00000, 0x00000000efc00000, 0x00000000efc00000|100%| E|CS|TAMS 0x00000000efb00000, 0x00000000efb00000| Complete 
| 252|0x00000000efc00000, 0x00000000efd00000, 0x00000000efd00000|100%| E|CS|TAMS 0x00000000efc00000, 0x00000000efc00000| Complete 
| 253|0x00000000efd00000, 0x00000000efe00000, 0x00000000efe00000|100%| E|CS|TAMS 0x00000000efd00000, 0x00000000efd00000| Complete 
| 254|0x00000000efe00000, 0x00000000eff00000, 0x00000000eff00000|100%| E|CS|TAMS 0x00000000efe00000, 0x00000000efe00000| Complete 
| 255|0x00000000eff00000, 0x00000000f0000000, 0x00000000f0000000|100%| E|CS|TAMS 0x00000000eff00000, 0x00000000eff00000| Complete 

Card table byte_map: [0x00000221765d0000,0x00000221766d0000] _byte_map_base: 0x0000022175ed0000

Marking Bits (Prev, Next): (CMBitMap*) 0x0000022163af6110, (CMBitMap*) 0x0000022163af60d8
 Prev Bits: [0x0000022176fd0000, 0x00000221777d0000)
 Next Bits: [0x00000221767d0000, 0x0000022176fd0000)

Polling page: 0x0000022161c80000

Metaspace:

Usage:
  Non-class:    107.87 MB capacity,   105.16 MB ( 97%) used,     2.24 MB (  2%) free+waste,   478.75 KB ( <1%) overhead. 
      Class:     15.84 MB capacity,    14.38 MB ( 91%) used,     1.26 MB (  8%) free+waste,   206.88 KB (  1%) overhead. 
       Both:    123.71 MB capacity,   119.54 MB ( 97%) used,     3.50 MB (  3%) free+waste,   685.63 KB ( <1%) overhead. 

Virtual space:
  Non-class space:      114.00 MB reserved,     113.34 MB (>99%) committed 
      Class space:      248.00 MB reserved,      16.70 MB (  7%) committed 
             Both:      362.00 MB reserved,     130.04 MB ( 36%) committed 

Chunk freelists:
   Non-Class:  5.34 MB
       Class:  801.00 KB
        Both:  6.13 MB

MaxMetaspaceSize: 256.00 MB
CompressedClassSpaceSize: 248.00 MB

CodeHeap 'non-profiled nmethods': size=120064Kb used=32830Kb max_used=32830Kb free=87233Kb
 bounds [0x000002216f090000, 0x00000221710b0000, 0x00000221765d0000]
CodeHeap 'profiled nmethods': size=120000Kb used=51663Kb max_used=51663Kb free=68336Kb
 bounds [0x0000022167b60000, 0x000002216ae30000, 0x000002216f090000]
CodeHeap 'non-nmethods': size=5696Kb used=2343Kb max_used=2452Kb free=3352Kb
 bounds [0x00000221675d0000, 0x0000022167840000, 0x0000022167b60000]
 total_blobs=26039 nmethods=25071 adapters=877
 compilation: enabled
              stopped_count=0, restarted_count=0
 full_count=0

Compilation events (20 events):
Event: 9764.095 Thread 0x0000022179dfa000 nmethod 36098 0x0000022171096d10 code [0x0000022171096ec0, 0x0000022171097698]
Event: 9764.095 Thread 0x0000022179dfa000 36100       4       com.android.resources.Keyboard::getEnum (62 bytes)
Event: 9764.104 Thread 0x0000022179dfa000 nmethod 36100 0x0000022171097890 code [0x0000022171097a40, 0x00000221710988b8]
Event: 9764.104 Thread 0x0000022179dfa000 36103       4       com.android.resources.ScreenSize::getEnum (42 bytes)
Event: 9764.109 Thread 0x0000022179dfa000 nmethod 36103 0x0000022171098b10 code [0x0000022171098cc0, 0x0000022171099098]
Event: 9764.109 Thread 0x0000022179dfa000 36105       4       com.android.resources.Navigation::getEnum (42 bytes)
Event: 9764.113 Thread 0x0000022179e03800 36107       3       com.android.build.gradle.tasks.ProcessApplicationManifest::getArtifactName (130 bytes)
Event: 9764.114 Thread 0x0000022179e03800 nmethod 36107 0x000002216ae2aa10 code [0x000002216ae2ada0, 0x000002216ae2c768]
Event: 9764.114 Thread 0x0000022179dfa000 nmethod 36105 0x0000022171099210 code [0x00000221710993c0, 0x00000221710997d8]
Event: 9764.114 Thread 0x0000022179dfa000 36106 %     4       com.android.ide.common.resources.DataMerger::setPostBlobLoadStateToWritten @ 122 (177 bytes)
Event: 9764.120 Thread 0x0000022179e03800 36108       3       java.util.Collections::emptyEnumeration (4 bytes)
Event: 9764.120 Thread 0x0000022179e03800 nmethod 36108 0x0000022167bd4e10 code [0x0000022167bd4fc0, 0x0000022167bd50b8]
Event: 9764.145 Thread 0x0000022179dfa000 nmethod 36106% 0x0000022171099990 code [0x0000022171099c00, 0x000002217109ad68]
Event: 9764.145 Thread 0x0000022179dfa000 36104       4       com.android.ide.common.resources.ResourceFile::<init> (19 bytes)
Event: 9764.181 Thread 0x0000022179dfa000 nmethod 36104 0x000002217109ba90 code [0x000002217109bcc0, 0x000002217109d1c0]
Event: 9764.182 Thread 0x0000022179dfa000 36110       4       java.util.BitSet::nextSetBit (102 bytes)
Event: 9764.183 Thread 0x0000022179dfa000 nmethod 36110 0x000002217109d990 code [0x000002217109db20, 0x000002217109dc58]
Event: 9764.183 Thread 0x0000022179dfa000 36109       4       org.gradle.internal.typeconversion.NotationParserBuilder::fromCharSequence (59 bytes)
Event: 9764.189 Thread 0x0000022179dfa000 nmethod 36109 0x000002217109dd90 code [0x000002217109df40, 0x000002217109e458]
Event: 9764.189 Thread 0x0000022179dfa000 36111 %     4       com.android.ide.common.resources.DataSet::checkItems @ 78 (157 bytes)

GC Heap History (20 events):
Event: 9660.622 GC heap before
{Heap before GC invocations=370 (full 0):
 garbage-first heap   total 262144K, used 142483K [0x00000000e0000000, 0x0000000100000000)
  region size 1024K, 41 young (41984K), 2 survivors (2048K)
 Metaspace       used 122217K, capacity 126493K, committed 133156K, reserved 370688K
  class space    used 14717K, capacity 16214K, committed 17100K, reserved 253952K
}
Event: 9660.629 GC heap after
{Heap after GC invocations=371 (full 0):
 garbage-first heap   total 262144K, used 106081K [0x00000000e0000000, 0x0000000100000000)
  region size 1024K, 3 young (3072K), 3 survivors (3072K)
 Metaspace       used 122217K, capacity 126493K, committed 133156K, reserved 370688K
  class space    used 14717K, capacity 16214K, committed 17100K, reserved 253952K
}
Event: 9662.005 GC heap before
{Heap before GC invocations=372 (full 0):
 garbage-first heap   total 262144K, used 240225K [0x00000000e0000000, 0x0000000100000000)
  region size 1024K, 99 young (101376K), 3 survivors (3072K)
 Metaspace       used 122242K, capacity 126502K, committed 133156K, reserved 370688K
  class space    used 14718K, capacity 16216K, committed 17100K, reserved 253952K
}
Event: 9662.015 GC heap after
{Heap after GC invocations=373 (full 0):
 garbage-first heap   total 262144K, used 109912K [0x00000000e0000000, 0x0000000100000000)
  region size 1024K, 8 young (8192K), 8 survivors (8192K)
 Metaspace       used 122242K, capacity 126502K, committed 133156K, reserved 370688K
  class space    used 14718K, capacity 16216K, committed 17100K, reserved 253952K
}
Event: 9662.020 GC heap before
{Heap before GC invocations=373 (full 0):
 garbage-first heap   total 262144K, used 114008K [0x00000000e0000000, 0x0000000100000000)
  region size 1024K, 12 young (12288K), 8 survivors (8192K)
 Metaspace       used 122242K, capacity 126502K, committed 133156K, reserved 370688K
  class space    used 14718K, capacity 16216K, committed 17100K, reserved 253952K
}
Event: 9662.034 GC heap after
{Heap after GC invocations=374 (full 0):
 garbage-first heap   total 262144K, used 101585K [0x00000000e0000000, 0x0000000100000000)
  region size 1024K, 2 young (2048K), 2 survivors (2048K)
 Metaspace       used 122242K, capacity 126502K, committed 133156K, reserved 370688K
  class space    used 14718K, capacity 16216K, committed 17100K, reserved 253952K
}
Event: 9662.307 GC heap before
{Heap before GC invocations=374 (full 0):
 garbage-first heap   total 262144K, used 117969K [0x00000000e0000000, 0x0000000100000000)
  region size 1024K, 20 young (20480K), 2 survivors (2048K)
 Metaspace       used 122245K, capacity 126502K, committed 133156K, reserved 370688K
  class space    used 14718K, capacity 16216K, committed 17100K, reserved 253952K
}
Event: 9662.315 GC heap after
{Heap after GC invocations=375 (full 0):
 garbage-first heap   total 262144K, used 102846K [0x00000000e0000000, 0x0000000100000000)
  region size 1024K, 3 young (3072K), 3 survivors (3072K)
 Metaspace       used 122245K, capacity 126502K, committed 133156K, reserved 370688K
  class space    used 14718K, capacity 16216K, committed 17100K, reserved 253952K
}
Event: 9705.183 GC heap before
{Heap before GC invocations=376 (full 0):
 garbage-first heap   total 262144K, used 236990K [0x00000000e0000000, 0x0000000100000000)
  region size 1024K, 107 young (109568K), 3 survivors (3072K)
 Metaspace       used 122331K, capacity 126590K, committed 133156K, reserved 370688K
  class space    used 14720K, capacity 16220K, committed 17100K, reserved 253952K
}
Event: 9705.199 GC heap after
{Heap after GC invocations=377 (full 0):
 garbage-first heap   total 262144K, used 117538K [0x00000000e0000000, 0x0000000100000000)
  region size 1024K, 14 young (14336K), 14 survivors (14336K)
 Metaspace       used 122331K, capacity 126590K, committed 133156K, reserved 370688K
  class space    used 14720K, capacity 16220K, committed 17100K, reserved 253952K
}
Event: 9705.210 GC heap before
{Heap before GC invocations=377 (full 0):
 garbage-first heap   total 262144K, used 118562K [0x00000000e0000000, 0x0000000100000000)
  region size 1024K, 15 young (15360K), 14 survivors (14336K)
 Metaspace       used 122331K, capacity 126590K, committed 133156K, reserved 370688K
  class space    used 14720K, capacity 16220K, committed 17100K, reserved 253952K
}
Event: 9705.223 GC heap after
{Heap after GC invocations=378 (full 0):
 garbage-first heap   total 262144K, used 118958K [0x00000000e0000000, 0x0000000100000000)
  region size 1024K, 2 young (2048K), 2 survivors (2048K)
 Metaspace       used 122331K, capacity 126590K, committed 133156K, reserved 370688K
  class space    used 14720K, capacity 16220K, committed 17100K, reserved 253952K
}
Event: 9705.232 GC heap before
{Heap before GC invocations=378 (full 0):
 garbage-first heap   total 262144K, used 122030K [0x00000000e0000000, 0x0000000100000000)
  region size 1024K, 6 young (6144K), 2 survivors (2048K)
 Metaspace       used 122331K, capacity 126590K, committed 133156K, reserved 370688K
  class space    used 14720K, capacity 16220K, committed 17100K, reserved 253952K
}
Event: 9705.246 GC heap after
{Heap after GC invocations=379 (full 0):
 garbage-first heap   total 262144K, used 120649K [0x00000000e0000000, 0x0000000100000000)
  region size 1024K, 4 young (4096K), 4 survivors (4096K)
 Metaspace       used 122331K, capacity 126590K, committed 133156K, reserved 370688K
  class space    used 14720K, capacity 16220K, committed 17100K, reserved 253952K
}
Event: 9706.544 GC heap before
{Heap before GC invocations=380 (full 0):
 garbage-first heap   total 262144K, used 214857K [0x00000000e0000000, 0x0000000100000000)
  region size 1024K, 87 young (89088K), 4 survivors (4096K)
 Metaspace       used 122352K, capacity 126612K, committed 133156K, reserved 370688K
  class space    used 14722K, capacity 16223K, committed 17100K, reserved 253952K
}
Event: 9706.550 GC heap after
{Heap after GC invocations=381 (full 0):
 garbage-first heap   total 262144K, used 121308K [0x00000000e0000000, 0x0000000100000000)
  region size 1024K, 5 young (5120K), 5 survivors (5120K)
 Metaspace       used 122352K, capacity 126612K, committed 133156K, reserved 370688K
  class space    used 14722K, capacity 16223K, committed 17100K, reserved 253952K
}
Event: 9761.785 GC heap before
{Heap before GC invocations=381 (full 0):
 garbage-first heap   total 262144K, used 129500K [0x00000000e0000000, 0x0000000100000000)
  region size 1024K, 12 young (12288K), 5 survivors (5120K)
 Metaspace       used 122365K, capacity 126612K, committed 133156K, reserved 370688K
  class space    used 14722K, capacity 16223K, committed 17100K, reserved 253952K
}
Event: 9761.804 GC heap after
{Heap after GC invocations=382 (full 0):
 garbage-first heap   total 262144K, used 108559K [0x00000000e0000000, 0x0000000100000000)
  region size 1024K, 2 young (2048K), 2 survivors (2048K)
 Metaspace       used 122365K, capacity 126612K, committed 133156K, reserved 370688K
  class space    used 14722K, capacity 16223K, committed 17100K, reserved 253952K
}
Event: 9764.030 GC heap before
{Heap before GC invocations=382 (full 0):
 garbage-first heap   total 262144K, used 176143K [0x00000000e0000000, 0x0000000100000000)
  region size 1024K, 69 young (70656K), 2 survivors (2048K)
 Metaspace       used 122402K, capacity 126678K, committed 133156K, reserved 370688K
  class space    used 14723K, capacity 16223K, committed 17100K, reserved 253952K
}
Event: 9764.051 GC heap after
{Heap after GC invocations=383 (full 0):
 garbage-first heap   total 262144K, used 112889K [0x00000000e0000000, 0x0000000100000000)
  region size 1024K, 6 young (6144K), 6 survivors (6144K)
 Metaspace       used 122402K, capacity 126678K, committed 133156K, reserved 370688K
  class space    used 14723K, capacity 16223K, committed 17100K, reserved 253952K
}

Deoptimization events (20 events):
Event: 9704.906 Thread 0x0000022103902800 DEOPT PACKING pc=0x0000022170ff567c sp=0x000000cce69fb280
Event: 9704.906 Thread 0x0000022103902800 DEOPT UNPACKING pc=0x00000221675f65af sp=0x000000cce69fb1d8 mode 2
Event: 9705.122 Thread 0x0000022103907800 DEOPT PACKING pc=0x0000022168e3aa31 sp=0x000000cce68fac90
Event: 9705.123 Thread 0x0000022103907800 DEOPT UNPACKING pc=0x00000221675f6d5e sp=0x000000cce68fa1e8 mode 0
Event: 9705.571 Thread 0x0000022103906800 DEOPT PACKING pc=0x000002216a5bdf11 sp=0x000000cce65fce90
Event: 9705.571 Thread 0x0000022103906800 DEOPT UNPACKING pc=0x00000221675f6d5e sp=0x000000cce65fc400 mode 0
Event: 9705.594 Thread 0x0000022103909000 DEOPT PACKING pc=0x000002216a6b5f43 sp=0x000000cce6afe480
Event: 9705.594 Thread 0x0000022103909000 DEOPT UNPACKING pc=0x00000221675f6d5e sp=0x000000cce6afd918 mode 0
Event: 9706.711 Thread 0x0000022103901800 DEOPT PACKING pc=0x0000022169fa37e4 sp=0x000000ccdf8fab90
Event: 9706.711 Thread 0x0000022103901800 DEOPT UNPACKING pc=0x00000221675f6d5e sp=0x000000ccdf8fa028 mode 0
Event: 9761.961 Thread 0x0000022103901800 Uncommon trap: trap_request=0xffffffd6 fr.pc=0x0000022171074084 relative=0x0000000000000824
Event: 9761.961 Thread 0x0000022103901800 Uncommon trap: reason=array_check action=maybe_recompile pc=0x0000022171074084 method=java.util.ComparableTimSort.binarySort([Ljava/lang/Object;III)V @ 183 c2
Event: 9761.961 Thread 0x0000022103901800 DEOPT PACKING pc=0x0000022171074084 sp=0x000000ccdf8fa930
Event: 9761.961 Thread 0x0000022103901800 DEOPT UNPACKING pc=0x00000221675f65af sp=0x000000ccdf8fa8d0 mode 2
Event: 9761.965 Thread 0x0000022103901800 Uncommon trap: trap_request=0xffffffd6 fr.pc=0x0000022171074084 relative=0x0000000000000824
Event: 9761.965 Thread 0x0000022103901800 Uncommon trap: reason=array_check action=maybe_recompile pc=0x0000022171074084 method=java.util.ComparableTimSort.binarySort([Ljava/lang/Object;III)V @ 183 c2
Event: 9761.965 Thread 0x0000022103901800 DEOPT PACKING pc=0x0000022171074084 sp=0x000000ccdf8fa830
Event: 9761.965 Thread 0x0000022103901800 DEOPT UNPACKING pc=0x00000221675f65af sp=0x000000ccdf8fa7d0 mode 2
Event: 9764.189 Thread 0x0000022103901800 DEOPT PACKING pc=0x000002216896e622 sp=0x000000ccdf8f8510
Event: 9764.189 Thread 0x0000022103901800 DEOPT UNPACKING pc=0x00000221675f6d5e sp=0x000000ccdf8f7a60 mode 0

Classes redefined (0 events):
No events

Internal exceptions (20 events):
Event: 9657.475 Thread 0x0000022103900000 Exception <a 'java/lang/NoSuchMethodError'{0x00000000ecfe2a48}: <clinit>> (0x00000000ecfe2a48) thrown at [./src/hotspot/share/prims/jni.cpp, line 1362]
Event: 9657.478 Thread 0x0000022103900000 Exception <a 'java/lang/NoSuchMethodError'{0x00000000ece18900}: <clinit>> (0x00000000ece18900) thrown at [./src/hotspot/share/prims/jni.cpp, line 1362]
Event: 9657.478 Thread 0x0000022103900000 Exception <a 'java/lang/NoSuchMethodError'{0x00000000ece27d30}: <clinit>> (0x00000000ece27d30) thrown at [./src/hotspot/share/prims/jni.cpp, line 1362]
Event: 9657.479 Thread 0x0000022103900000 Exception <a 'java/lang/NoSuchMethodError'{0x00000000ece3eca8}: <clinit>> (0x00000000ece3eca8) thrown at [./src/hotspot/share/prims/jni.cpp, line 1362]
Event: 9657.494 Thread 0x0000022103901800 Exception <a 'java/lang/NoSuchMethodError'{0x00000000ecd6ea48}: <clinit>> (0x00000000ecd6ea48) thrown at [./src/hotspot/share/prims/jni.cpp, line 1362]
Event: 9657.495 Thread 0x0000022103901800 Exception <a 'java/lang/NoSuchMethodError'{0x00000000ecd7a3f8}: <clinit>> (0x00000000ecd7a3f8) thrown at [./src/hotspot/share/prims/jni.cpp, line 1362]
Event: 9657.498 Thread 0x0000022103901800 Exception <a 'java/lang/NoSuchMethodError'{0x00000000ecc0d568}: <clinit>> (0x00000000ecc0d568) thrown at [./src/hotspot/share/prims/jni.cpp, line 1362]
Event: 9657.498 Thread 0x0000022103901800 Exception <a 'java/lang/NoSuchMethodError'{0x00000000ecc0ffa0}: <clinit>> (0x00000000ecc0ffa0) thrown at [./src/hotspot/share/prims/jni.cpp, line 1362]
Event: 9657.498 Thread 0x0000022103901800 Exception <a 'java/lang/NoSuchMethodError'{0x00000000ecc115a8}: <clinit>> (0x00000000ecc115a8) thrown at [./src/hotspot/share/prims/jni.cpp, line 1362]
Event: 9657.498 Thread 0x0000022103901800 Exception <a 'java/lang/NoSuchMethodError'{0x00000000ecc12b40}: <clinit>> (0x00000000ecc12b40) thrown at [./src/hotspot/share/prims/jni.cpp, line 1362]
Event: 9657.498 Thread 0x0000022103901800 Exception <a 'java/lang/NoSuchMethodError'{0x00000000ecc142a0}: <clinit>> (0x00000000ecc142a0) thrown at [./src/hotspot/share/prims/jni.cpp, line 1362]
Event: 9657.498 Thread 0x0000022103901800 Exception <a 'java/lang/NoSuchMethodError'{0x00000000ecc15690}: <clinit>> (0x00000000ecc15690) thrown at [./src/hotspot/share/prims/jni.cpp, line 1362]
Event: 9657.498 Thread 0x0000022103901800 Exception <a 'java/lang/NoSuchMethodError'{0x00000000ecc16920}: <clinit>> (0x00000000ecc16920) thrown at [./src/hotspot/share/prims/jni.cpp, line 1362]
Event: 9657.534 Thread 0x0000022103901800 Exception <a 'java/lang/NoSuchMethodError'{0x00000000ec90ff28}: 'java.lang.Object java.lang.invoke.DelegatingMethodHandle$Holder.reinvoke_L(java.lang.Object, java.lang.Object, java.lang.Object, java.lang.Object, java.lang.Object, java.lang.Object, java.lang.Object, java.lang.Object, java.lang.Object, java.lang.Object, java.lang.Object, java.lang.Object, java.lang.Object, java.lang.Object, java.lang.Object, java.lang.Object, java.lang.Object, java.lang.Object, java.lang.Object)'> (0x00000000ec90ff28) thrown
Event: 9657.538 Thread 0x0000022103901800 Exception <a 'java/lang/NoSuchMethodError'{0x00000000ec984ce0}: 'java.lang.Object java.lang.invoke.DelegatingMethodHandle$Holder.reinvoke_L(java.lang.Object, java.lang.Object, java.lang.Object, java.lang.Object, java.lang.Object, java.lang.Object, java.lang.Object, java.lang.Object, java.lang.Object, java.lang.Object, java.lang.Object, java.lang.Object, java.lang.Object, java.lang.Object, java.lang.Object, java.lang.Object, java.lang.Object, java.lang.Object)'> (0x00000000ec984ce0) thrown at [./src/hotspot
Event: 9660.855 Thread 0x000002217a8cb000 Exception <a 'sun/nio/fs/WindowsException'{0x00000000ef4d2968}> (0x00000000ef4d2968) thrown at [./src/hotspot/share/prims/jni.cpp, line 615]
Event: 9660.856 Thread 0x000002217a8cb000 Exception <a 'sun/nio/fs/WindowsException'{0x00000000ef4d8db0}> (0x00000000ef4d8db0) thrown at [./src/hotspot/share/prims/jni.cpp, line 615]
Event: 9660.891 Thread 0x000002217a8cb000 Exception <a 'sun/nio/fs/WindowsException'{0x00000000ef4df230}> (0x00000000ef4df230) thrown at [./src/hotspot/share/prims/jni.cpp, line 615]
Event: 9662.450 Thread 0x0000022103901800 Exception <a 'sun/nio/fs/WindowsException'{0x00000000efcb7290}> (0x00000000efcb7290) thrown at [./src/hotspot/share/prims/jni.cpp, line 615]
Event: 9706.726 Thread 0x0000022103901800 Exception <a 'sun/nio/fs/WindowsException'{0x00000000efb37988}> (0x00000000efb37988) thrown at [./src/hotspot/share/prims/jni.cpp, line 615]

Events (20 events):
Event: 9764.054 Executing VM operation: RevokeBias
Event: 9764.054 Executing VM operation: RevokeBias done
Event: 9764.054 Executing VM operation: RevokeBias
Event: 9764.055 Executing VM operation: RevokeBias done
Event: 9764.055 Executing VM operation: BulkRevokeBias
Event: 9764.057 Executing VM operation: BulkRevokeBias done
Event: 9764.057 Executing VM operation: BulkRevokeBias
Event: 9764.059 Executing VM operation: BulkRevokeBias done
Event: 9764.059 Executing VM operation: BulkRevokeBias
Event: 9764.061 Executing VM operation: BulkRevokeBias done
Event: 9764.061 Executing VM operation: BulkRevokeBias
Event: 9764.063 Executing VM operation: BulkRevokeBias done
Event: 9764.063 Executing VM operation: RevokeBias
Event: 9764.063 Executing VM operation: RevokeBias done
Event: 9764.063 Executing VM operation: RevokeBias
Event: 9764.064 Executing VM operation: RevokeBias done
Event: 9764.064 Executing VM operation: RevokeBias
Event: 9764.064 Executing VM operation: RevokeBias done
Event: 9764.064 Executing VM operation: BulkRevokeBias
Event: 9764.066 Executing VM operation: BulkRevokeBias done


Dynamic libraries:
0x00007ff738c00000 - 0x00007ff738c0a000 	C:\Program Files\Android\Android Studio1\jre\bin\java.exe
0x00007ff8e9ca0000 - 0x00007ff8e9ea9000 	C:\WINDOWS\SYSTEM32\ntdll.dll
0x00007ff8e9240000 - 0x00007ff8e92fd000 	C:\WINDOWS\System32\KERNEL32.DLL
0x00007ff8e7500000 - 0x00007ff8e7874000 	C:\WINDOWS\System32\KERNELBASE.dll
0x00007ff8e72c0000 - 0x00007ff8e73d1000 	C:\WINDOWS\System32\ucrtbase.dll
0x00007ff8d9510000 - 0x00007ff8d9527000 	C:\Program Files\Android\Android Studio1\jre\bin\VCRUNTIME140.dll
0x00007ff8d9260000 - 0x00007ff8d9279000 	C:\Program Files\Android\Android Studio1\jre\bin\jli.dll
0x00007ff8e96b0000 - 0x00007ff8e985c000 	C:\WINDOWS\System32\USER32.dll
0x00007ff8e7b10000 - 0x00007ff8e7b36000 	C:\WINDOWS\System32\win32u.dll
0x00007ff8e8d90000 - 0x00007ff8e8db9000 	C:\WINDOWS\System32\GDI32.dll
0x00007ff8e5cf0000 - 0x00007ff8e5f95000 	C:\WINDOWS\WinSxS\amd64_microsoft.windows.common-controls_6595b64144ccf1df_6.0.22000.120_none_9d947278b86cc467\COMCTL32.dll
0x00007ff8e79f0000 - 0x00007ff8e7b02000 	C:\WINDOWS\System32\gdi32full.dll
0x00007ff8e98e0000 - 0x00007ff8e9983000 	C:\WINDOWS\System32\msvcrt.dll
0x00007ff8e7460000 - 0x00007ff8e74fd000 	C:\WINDOWS\System32\msvcp_win.dll
0x00007ff8e9300000 - 0x00007ff8e9331000 	C:\WINDOWS\System32\IMM32.DLL
0x00007ff8c7310000 - 0x00007ff8c73ad000 	C:\Program Files\Android\Android Studio1\jre\bin\msvcp140.dll
0x00007ff8958b0000 - 0x00007ff896385000 	C:\Program Files\Android\Android Studio1\jre\bin\server\jvm.dll
0x00007ff8e7b40000 - 0x00007ff8e7bee000 	C:\WINDOWS\System32\ADVAPI32.dll
0x00007ff8e7bf0000 - 0x00007ff8e7c8e000 	C:\WINDOWS\System32\sechost.dll
0x00007ff8e9990000 - 0x00007ff8e9ab0000 	C:\WINDOWS\System32\RPCRT4.dll
0x00007ff8e9230000 - 0x00007ff8e9238000 	C:\WINDOWS\System32\PSAPI.DLL
0x00007ff8d3d40000 - 0x00007ff8d3d49000 	C:\WINDOWS\SYSTEM32\WSOCK32.dll
0x00007ff8df160000 - 0x00007ff8df193000 	C:\WINDOWS\SYSTEM32\WINMM.dll
0x00007ff8df1a0000 - 0x00007ff8df1aa000 	C:\WINDOWS\SYSTEM32\VERSION.dll
0x00007ff8e9b10000 - 0x00007ff8e9b7f000 	C:\WINDOWS\System32\WS2_32.dll
0x00007ff8e5bd0000 - 0x00007ff8e5be8000 	C:\WINDOWS\SYSTEM32\kernel.appcore.dll
0x00007ff8e3fa0000 - 0x00007ff8e3fb1000 	C:\Program Files\Android\Android Studio1\jre\bin\verify.dll
0x00007ff8e6a60000 - 0x00007ff8e6c81000 	C:\WINDOWS\SYSTEM32\DBGHELP.DLL
0x00007ff8e63a0000 - 0x00007ff8e63d1000 	C:\WINDOWS\SYSTEM32\dbgcore.DLL
0x00007ff8e73e0000 - 0x00007ff8e745f000 	C:\WINDOWS\System32\bcryptPrimitives.dll
0x00007ff8e2b50000 - 0x00007ff8e2b79000 	C:\Program Files\Android\Android Studio1\jre\bin\java.dll
0x00007ff8e3f90000 - 0x00007ff8e3f9b000 	C:\Program Files\Android\Android Studio1\jre\bin\jimage.dll
0x00007ff8e2b30000 - 0x00007ff8e2b48000 	C:\Program Files\Android\Android Studio1\jre\bin\zip.dll
0x00007ff8e83c0000 - 0x00007ff8e8b6e000 	C:\WINDOWS\System32\SHELL32.dll
0x00007ff8e4c40000 - 0x00007ff8e54a7000 	C:\WINDOWS\SYSTEM32\windows.storage.dll
0x00007ff8e7e50000 - 0x00007ff8e81c8000 	C:\WINDOWS\System32\combase.dll
0x00007ff8e4ad0000 - 0x00007ff8e4c36000 	C:\WINDOWS\SYSTEM32\wintypes.dll
0x00007ff8e93b0000 - 0x00007ff8e949a000 	C:\WINDOWS\System32\SHCORE.dll
0x00007ff8e9560000 - 0x00007ff8e95bd000 	C:\WINDOWS\System32\shlwapi.dll
0x00007ff8e70c0000 - 0x00007ff8e70e1000 	C:\WINDOWS\SYSTEM32\profapi.dll
0x00007ff8da800000 - 0x00007ff8da81a000 	C:\Program Files\Android\Android Studio1\jre\bin\net.dll
0x00007ff8df750000 - 0x00007ff8df85c000 	C:\WINDOWS\SYSTEM32\WINHTTP.dll
0x00007ff8e62b0000 - 0x00007ff8e6317000 	C:\WINDOWS\system32\mswsock.dll
0x00007ff8da5a0000 - 0x00007ff8da5b4000 	C:\Program Files\Android\Android Studio1\jre\bin\nio.dll
0x00007ff8d13c0000 - 0x00007ff8d13e7000 	C:\Users\Captain\Desktop\Sales-Management-Test\native\fdc75f09e3144964f2cf3f50f0aa648679c211496f362492102eb8c894070792\windows-amd64\native-platform.dll
0x00007ff8a0ad0000 - 0x00007ff8a0c66000 	C:\Users\Captain\Desktop\Sales-Management-Test\native\12488b8bf47d2d4c9fbf2f6322a914ad602e24e48041cd04a747c6da556b65c4\windows-amd64\native-platform-file-events.dll
0x00007ff8e2c50000 - 0x00007ff8e2c5a000 	C:\Program Files\Android\Android Studio1\jre\bin\management.dll
0x00007ff8e2c20000 - 0x00007ff8e2c2d000 	C:\Program Files\Android\Android Studio1\jre\bin\management_ext.dll
0x00007ff8e6a00000 - 0x00007ff8e6a18000 	C:\WINDOWS\SYSTEM32\CRYPTSP.dll
0x00007ff8e5b30000 - 0x00007ff8e5b65000 	C:\WINDOWS\system32\rsaenh.dll
0x00007ff8e63e0000 - 0x00007ff8e6409000 	C:\WINDOWS\SYSTEM32\USERENV.dll
0x00007ff8e6840000 - 0x00007ff8e6867000 	C:\WINDOWS\SYSTEM32\bcrypt.dll
0x00007ff8e65b0000 - 0x00007ff8e65bc000 	C:\WINDOWS\SYSTEM32\CRYPTBASE.dll
0x00007ff8e58e0000 - 0x00007ff8e590d000 	C:\WINDOWS\SYSTEM32\IPHLPAPI.DLL
0x00007ff8e81d0000 - 0x00007ff8e81d9000 	C:\WINDOWS\System32\NSI.dll
0x00007ff8df670000 - 0x00007ff8df689000 	C:\WINDOWS\SYSTEM32\dhcpcsvc6.DLL
0x00007ff8e2450000 - 0x00007ff8e246e000 	C:\WINDOWS\SYSTEM32\dhcpcsvc.DLL
0x00007ff8e5680000 - 0x00007ff8e5767000 	C:\WINDOWS\SYSTEM32\DNSAPI.dll
0x00007ff8df5a0000 - 0x00007ff8df5ac000 	C:\WINDOWS\SYSTEM32\WINNSI.DLL
0x00007ff8d5dd0000 - 0x00007ff8d5df7000 	C:\Program Files\Android\Android Studio1\jre\bin\sunec.dll
0x000000005b030000 - 0x000000005b056000 	C:\Program Files\Bonjour\mdnsNSP.dll
0x00007ff8da6e0000 - 0x00007ff8da6ea000 	C:\Windows\System32\rasadhlp.dll
0x00007ff8dde50000 - 0x00007ff8dded1000 	C:\WINDOWS\System32\fwpuclnt.dll
0x00007ff8e4190000 - 0x00007ff8e4221000 	C:\WINDOWS\system32\apphelp.dll

dbghelp: loaded successfully - version: 4.0.5 - missing functions: none
symbol engine: initialized successfully - sym options: 0x614 - pdb path: .;C:\Program Files\Android\Android Studio1\jre\bin;C:\WINDOWS\SYSTEM32;C:\WINDOWS\WinSxS\amd64_microsoft.windows.common-controls_6595b64144ccf1df_6.0.22000.120_none_9d947278b86cc467;C:\Program Files\Android\Android Studio1\jre\bin\server;C:\Users\Captain\Desktop\Sales-Management-Test\native\fdc75f09e3144964f2cf3f50f0aa648679c211496f362492102eb8c894070792\windows-amd64;C:\Users\Captain\Desktop\Sales-Management-Test\native\12488b8bf47d2d4c9fbf2f6322a914ad602e24e48041cd04a747c6da556b65c4\windows-amd64;C:\Program Files\Bonjour;C:\Users\Captain\AppData\Local\Temp\room-f87334fe-9e9c-4e58-bd32-61abe1f661eb;C:\Users\Captain\AppData\Local\Temp\room-f43d8665-c0a1-437e-a189-e7f3e33fd90d;C:\Users\Captain\AppData\Local\Temp\room-acb47867-7390-4bb3-b27d-0720dffef279;C:\Users\Captain\AppData\Local\Temp\room-61bf9143-7728-4184-8db7-d3a2e5104bfb;C:\Users\Captain\AppData\Local\Temp\room-6c6283f2-86e9-41cb-a8d4-1d932a9f0917;C:\Users\Captain\AppData\Local\Temp\room-282f3885-ddc7-4afb-90bd-2e195e890bc6;C:\Users\Captain\AppData\Local\Temp\room-c2a87028-25cf-455c-99c0-07ef25249517

VM Arguments:
jvm_args: --add-opens=java.base/java.util=ALL-UNNAMED --add-opens=java.base/java.lang=ALL-UNNAMED --add-opens=java.base/java.lang.invoke=ALL-UNNAMED --add-opens=java.prefs/java.util.prefs=ALL-UNNAMED -XX:MaxMetaspaceSize=256m -XX:+HeapDumpOnOutOfMemoryError -Xms256m -Xmx512m -Dfile.encoding=UTF-8 -Duser.country=US -Duser.language=en -Duser.variant 
java_command: org.gradle.launcher.daemon.bootstrap.GradleDaemon 6.8.3
java_class_path (initial): C:\Users\Captain\Desktop\Sales-Management-Test\wrapper\dists\gradle-6.8.3-bin\7ykxq50lst7lb7wx1nijpicxn\gradle-6.8.3\lib\gradle-launcher-6.8.3.jar
Launcher Type: SUN_STANDARD

[Global flags]
     intx CICompilerCount                          = 3                                         {product} {ergonomic}
   size_t CompressedClassSpaceSize                 = 260046848                                 {product} {ergonomic}
     uint ConcGCThreads                            = 1                                         {product} {ergonomic}
     uint G1ConcRefinementThreads                  = 4                                         {product} {ergonomic}
   size_t G1HeapRegionSize                         = 1048576                                   {product} {ergonomic}
    uintx GCDrainStackTargetSize                   = 64                                        {product} {ergonomic}
     bool HeapDumpOnOutOfMemoryError               = true                                   {manageable} {command line}
   size_t InitialHeapSize                          = 268435456                                 {product} {command line}
   size_t MarkStackSize                            = 4194304                                   {product} {ergonomic}
   size_t MaxHeapSize                              = 536870912                                 {product} {command line}
   size_t MaxMetaspaceSize                         = 268435456                                 {product} {command line}
   size_t MaxNewSize                               = 321912832                                 {product} {ergonomic}
   size_t MinHeapDeltaBytes                        = 1048576                                   {product} {ergonomic}
    uintx NonNMethodCodeHeapSize                   = 5830732                                {pd product} {ergonomic}
    uintx NonProfiledCodeHeapSize                  = 122913754                              {pd product} {ergonomic}
    uintx ProfiledCodeHeapSize                     = 122913754                              {pd product} {ergonomic}
    uintx ReservedCodeCacheSize                    = 251658240                              {pd product} {ergonomic}
     bool SegmentedCodeCache                       = true                                      {product} {ergonomic}
     bool UseCompressedClassPointers               = true                                 {lp64_product} {ergonomic}
     bool UseCompressedOops                        = true                                 {lp64_product} {ergonomic}
     bool UseG1GC                                  = true                                      {product} {ergonomic}
     bool UseLargePagesIndividualAllocation        = false                                  {pd product} {ergonomic}

Logging:
Log output configuration:
 #0: stdout all=warning uptime,level,tags
 #1: stderr all=off uptime,level,tags

Environment Variables:
PATH=C:\Program Files (x86)\Common Files\Intel\Shared Libraries\redist\intel64\compiler;C:\Program Files (x86)\Common Files\Oracle\Java\javapath;C:\adb\adb_win_v1.0.26;C:\Windows\system32;C:\Windows;C:\Windows\System32\Wbem;C:\Windows\System32\WindowsPowerShell\v1.0\;C:\Program Files (x86)\ATI Technologies\ATI.ACE\Core-Static;C:\adb;C:\WINDOWS\system32;C:\WINDOWS;C:\WINDOWS\System32\Wbem;C:\WINDOWS\System32\WindowsPowerShell\v1.0\;C:\WINDOWS\System32\OpenSSH\;C:\Users\Captain\AppData\Local\Microsoft\WindowsApps;C:\Users\Captain\AppData\Local\Programs\Python\Python39;C:\WINDOWS\system32;C:\WINDOWS;C:\WINDOWS\System32\Wbem;C:\WINDOWS\System32\WindowsPowerShell\v1.0\;C:\WINDOWS\System32\OpenSSH\;C:\Program Files (x86)\dotnet\;C:\Program Files\Git\cmd;C:\Program Files (x86)\AMD\ATI.ACE\Core-Static;C:\Users\Captain\AppData\Local\Programs\Python\Python39\Scripts\;C:\Users\Captain\AppData\Local\Programs\Python\Python39\;C:\Users\Captain\AppData\Local\Microsoft\WindowsApps;C:\Users\Captain\AppData\Local\GitHubDesktop\bin;;%USERPROFILE%\AppData\Local\Microsoft\WindowsApps
USERNAME=Captain
OS=Windows_NT
PROCESSOR_IDENTIFIER=Intel64 Family 6 Model 42 Stepping 7, GenuineIntel



---------------  S Y S T E M  ---------------

OS: Windows 10 , 64 bit Build 22000 (10.0.22000.434)
OS uptime: 0 days 23:28 hours

CPU:total 4 (initial active 4) (4 cores per cpu, 1 threads per core) family 6 model 42 stepping 7 microcode 0x2f, cmov, cx8, fxsr, mmx, sse, sse2, sse3, ssse3, sse4.1, sse4.2, popcnt, avx, aes, clmul, tsc, tscinvbit

Memory: 4k page, system-wide physical 8173M (1712M free)
TotalPageFile size 10419M (AvailPageFile size 2899M)
current process WorkingSet (physical memory assigned to process): 599M, peak: 662M
current process commit charge ("private bytes"): 675M, peak: 685M

vm_info: OpenJDK 64-Bit Server VM (11.0.11+9-b60-7590822) for windows-amd64 JRE (11.0.11+9-b60-7590822), built on Jul 29 2021 21:43:44 by "builder" with MS VC++ 14.0 (VS2015)

END.
