#
# A fatal error has been detected by the Java Runtime Environment:
#
#  EXCEPTION_ACCESS_VIOLATION (0xc0000005) at pc=0x00007ff8c18aa380, pid=3752, tid=12716
#
# JRE version: OpenJDK Runtime Environment (11.0.11+9) (build 11.0.11+9-b60-7590822)
# Java VM: OpenJDK 64-Bit Server VM (11.0.11+9-b60-7590822, mixed mode, tiered, compressed oops, g1 gc, windows-amd64)
# Problematic frame:
# V  [jvm.dll+0x6ba380]
#
# No core dump will be written. Minidumps are not enabled by default on client versions of Windows
#
# If you would like to submit a bug report, please visit:
#   https://bugreport.java.com/bugreport/crash.jsp
#

---------------  S U M M A R Y ------------

Command Line: --add-opens=java.base/java.util=ALL-UNNAMED --add-opens=java.base/java.lang=ALL-UNNAMED --add-opens=java.base/java.lang.invoke=ALL-UNNAMED --add-opens=java.prefs/java.util.prefs=ALL-UNNAMED -XX:MaxMetaspaceSize=256m -XX:+HeapDumpOnOutOfMemoryError -Xms256m -Xmx512m -Dfile.encoding=UTF-8 -Duser.country=US -Duser.language=en -Duser.variant org.gradle.launcher.daemon.bootstrap.GradleDaemon 6.8.3

Host: Intel(R) Core(TM) i5-2400 CPU @ 3.10GHz, 4 cores, 7G,  Windows 10 , 64 bit Build 22000 (10.0.22000.434)
Time: Tue Jun 14 15:55:58 2022 Myanmar Standard Time elapsed time: 6334.178265 seconds (0d 1h 45m 34s)

---------------  T H R E A D  ---------------

Current thread (0x00000226c6d2c000):  JavaThread "C2 CompilerThread0" daemon [_thread_in_vm, id=12716, stack(0x0000005605600000,0x0000005605700000)]


Current CompileTask:
C2:6334178 34568       4       org.antlr.v4.runtime.atn.ParserATNSimulator::closureCheckingStopState (244 bytes)

Stack: [0x0000005605600000,0x0000005605700000],  sp=0x00000056056ff718,  free space=1021k
Native frames: (J=compiled Java code, j=interpreted, Vv=VM code, C=native code)
V  [jvm.dll+0x6ba380]


siginfo: EXCEPTION_ACCESS_VIOLATION (0xc0000005), reading address 0x000005b80000fdfe


Register to memory mapping:

RIP=0x00007ff8c18aa380 jvm.dll
RAX=0x00000226d15219e0 points into unknown readable memory: 0x00000226c9efa920 | 20 a9 ef c9 26 02 00 00
RBX=0x0000000000000082 is an unknown value
RCX=0x000005b80000fdfc is an unknown value
RDX=0x00000226cdb99980 points into unknown readable memory: 0x726fcc9103e7002a | 2a 00 e7 03 91 cc 6f 72
RSP=0x00000056056ff718 is pointing into the stack for thread: 0x00000226c6d2c000
RBP=0x00000226c6d2c000 is a thread
RSI=0x00000226c9dd9460 points into unknown readable memory: 0x00000056056ff928 | 28 f9 6f 05 56 00 00 00
RDI=0x0000000000000410 is an unknown value
R8 =0x000000007ffee000 points into unknown readable memory: 0x00000000546c6148 | 48 61 6c 54 00 00 00 00
R9 =0x0000000000000083 is an unknown value
R10=0x00000000546c6148 is an unknown value
R11=0x00000269bfb7e64e is an unknown value
R12=0x00000226c62b7820 points into unknown readable memory: 0x0000000000000000 | 00 00 00 00 00 00 00 00
R13=
[error occurred during error reporting (printing register info), id 0xc0000005, EXCEPTION_ACCESS_VIOLATION (0xc0000005) at pc=0x00007ff8c14cabc7]

Registers:
RAX=0x00000226d15219e0, RBX=0x0000000000000082, RCX=0x000005b80000fdfc, RDX=0x00000226cdb99980
RSP=0x00000056056ff718, RBP=0x00000226c6d2c000, RSI=0x00000226c9dd9460, RDI=0x0000000000000410
R8 =0x000000007ffee000, R9 =0x0000000000000083, R10=0x00000000546c6148, R11=0x00000269bfb7e64e
R12=0x00000226c62b7820, R13=0x00000000ffffffff, R14=0x0000000000000000, R15=0x00000226c6d2c000
RIP=0x00007ff8c18aa380, EFLAGS=0x0000000000010297

Top of Stack: (sp=0x00000056056ff718)
0x00000056056ff718:   00007ff8c13a11b1 00000056056ffa38
0x00000056056ff728:   00007ff8c18e9a67 00007ff8c1a01388
0x00000056056ff738:   0000000000008708 00000226b009d2a0
0x00000056056ff748:   00007ff8c138e708 00000056056ff920
0x00000056056ff758:   00000226c6d2c000 00000226c6d2c000
0x00000056056ff768:   0000000000000000 0000000000000000
0x00000056056ff778:   00007ff8c13f9b46 00000056056ff880
0x00000056056ff788:   00000226b009d2a0 0000000000000000
0x00000056056ff798:   00000226d6a2ddc0 0000022600000000
0x00000056056ff7a8:   0000000000000000 00000004ffffffff
0x00000056056ff7b8:   00000226c63bffb0 000087080000aa11
0x00000056056ff7c8:   00000226c62b7820 00000226d6a2e3b0
0x00000056056ff7d8:   00007ff9121af335 00000226d6a2ddc0
0x00000056056ff7e8:   00000226c6d2afa8 00000226c637ff10
0x00000056056ff7f8:   00000226d6a2ddc0 00000226c6d2c000
0x00000056056ff808:   00000000004b73f1 00000001fedf4000 

Instructions: (pc=0x00007ff8c18aa380)
0x00007ff8c18aa280:   48 ff c1 80 3c 08 00 75 f7 48 63 d1 85 c9 7e 14
0x00007ff8c18aa290:   80 38 2f 75 03 c6 00 2e 48 ff c0 48 83 ea 01 75
0x00007ff8c18aa2a0:   ef 49 8b c0 48 83 c4 28 c3 cc cc cc cc cc cc cc
0x00007ff8c18aa2b0:   48 89 5c 24 08 48 89 6c 24 10 48 89 74 24 18 57
0x00007ff8c18aa2c0:   48 83 ec 20 0f b7 11 48 8b f1 48 83 c1 06 e8 dd
0x00007ff8c18aa2d0:   40 05 00 33 d2 8d 58 01 48 63 cb e8 80 38 f9 ff
0x00007ff8c18aa2e0:   0f b7 16 48 8d 4e 06 44 8b cb 4c 8b c0 48 8b f8
0x00007ff8c18aa2f0:   e8 bb 39 05 00 48 8b 5c 24 30 48 8b c7 48 8b 6c
0x00007ff8c18aa300:   24 38 48 8b 74 24 40 48 83 c4 20 5f c3 cc cc cc
0x00007ff8c18aa310:   48 89 5c 24 18 48 89 74 24 20 57 48 83 ec 20 48
0x00007ff8c18aa320:   8b da 48 8d 71 06 0f b7 11 4c 8d 4c 24 30 48 8b
0x00007ff8c18aa330:   ce 4c 8d 44 24 38 e8 15 42 05 00 48 63 c8 33 d2
0x00007ff8c18aa340:   48 03 c9 89 03 e8 16 38 f9 ff 44 8b 03 48 8b f8
0x00007ff8c18aa350:   45 85 c0 7e 0e 48 8b d0 48 8b ce e8 e0 35 05 00
0x00007ff8c18aa360:   48 8b c7 48 8b 5c 24 40 48 8b 74 24 48 48 83 c4
0x00007ff8c18aa370:   20 5f c3 cc cc cc cc cc cc cc cc cc cc cc cc cc
0x00007ff8c18aa380:   0f b7 41 02 66 85 c0 78 0f 48 8b d1 b9 00 00 ff
0x00007ff8c18aa390:   ff 48 ff 25 e0 7a 2f 00 c3 cc cc cc cc cc cc cc
0x00007ff8c18aa3a0:   0f b7 41 02 66 85 c0 78 0f 48 8b d1 b9 00 00 01
0x00007ff8c18aa3b0:   00 48 ff 25 c0 7a 2f 00 c3 cc cc cc cc cc cc cc
0x00007ff8c18aa3c0:   40 56 48 83 ec 30 49 8b f0 45 85 c9 7f 08 33 c0
0x00007ff8c18aa3d0:   48 83 c4 30 5e c3 48 89 5c 24 40 48 89 6c 24 48
0x00007ff8c18aa3e0:   48 89 7c 24 50 0f b7 39 49 63 e9 48 2b fd 4c 89
0x00007ff8c18aa3f0:   7c 24 20 4c 8d 79 06 48 63 da 49 03 ff 49 03 df
0x00007ff8c18aa400:   48 3b df 76 05 83 c8 ff eb 55 4c 89 74 24 28 45
0x00007ff8c18aa410:   0f be 30 0f 1f 40 00 66 0f 1f 84 00 00 00 00 00
0x00007ff8c18aa420:   4c 8b c7 41 8b d6 4c 2b c3 48 8b cb 49 ff c0 ff
0x00007ff8c18aa430:   15 7b 80 09 00 48 8b d8 48 85 c0 74 1a 4c 8b c5
0x00007ff8c18aa440:   48 8b d6 48 8b c8 e8 47 6d 09 00 85 c0 74 2a 48
0x00007ff8c18aa450:   ff c3 48 3b df 76 c9 83 c8 ff 4c 8b 74 24 28 48
0x00007ff8c18aa460:   8b 7c 24 50 48 8b 6c 24 48 48 8b 5c 24 40 4c 8b
0x00007ff8c18aa470:   7c 24 20 48 83 c4 30 5e c3 49 2b df 8b c3 eb da 


Stack slot to memory mapping:
stack at sp + 0 slots: 0x00007ff8c13a11b1 jvm.dll
stack at sp + 1 slots: 0x00000056056ffa38 is pointing into the stack for thread: 0x00000226c6d2c000
stack at sp + 2 slots: 0x00007ff8c18e9a67 jvm.dll
stack at sp + 3 slots: 0x00007ff8c1a01388 jvm.dll
stack at sp + 4 slots: 0x0000000000008708 is an unknown value
stack at sp + 5 slots: 0x00000226b009d2a0 points into unknown readable memory: 0x00000226c63a5e60 | 60 5e 3a c6 26 02 00 00
stack at sp + 6 slots: 0x00007ff8c138e708 jvm.dll
stack at sp + 7 slots: 0x00000056056ff920 is pointing into the stack for thread: 0x00000226c6d2c000


---------------  P R O C E S S  ---------------

Threads class SMR info:
_java_thread_list=0x00000226d10b50f0, length=128, elements={
0x00000226b009e800, 0x00000226c6381800, 0x00000226c63b0000, 0x00000226c6d24800,
0x00000226c6d25800, 0x00000226c6d27000, 0x00000226c6d2c000, 0x00000226c6d30000,
0x00000226c63c7000, 0x00000226c6e8e800, 0x00000226ca14c800, 0x00000226c70c8000,
0x00000226c8543800, 0x00000226c6e38800, 0x00000226c6e39800, 0x00000226c6e37000,
0x00000226ca534800, 0x00000226ca52f800, 0x00000226c9886000, 0x00000226c9882800,
0x00000226ccaf5800, 0x00000226ce316800, 0x00000226ce315000, 0x00000226ce314000,
0x00000226ce315800, 0x00000226ce317800, 0x00000226ce311800, 0x00000226ce318000,
0x00000226ce312800, 0x00000226ce319000, 0x00000226ce313800, 0x00000226ce31e000,
0x00000226ce31e800, 0x00000226ce31a000, 0x00000226ce31f800, 0x00000226ce31a800,
0x00000226ce31d000, 0x00000226ce320800, 0x00000226ce31c800, 0x00000226c8e8a800,
0x00000226c8e8b000, 0x00000226c8e86000, 0x00000226c8e8c000, 0x00000226c8e8c800,
0x00000226c8e87000, 0x00000226c8e89800, 0x00000226c8e8d800, 0x00000226c8e88000,
0x00000226c8e8e800, 0x00000226c8e88800, 0x00000226c8e8f000, 0x00000226c8e91000,
0x00000226c8e94000, 0x00000226c8e95000, 0x00000226c8e92800, 0x00000226c8e90000,
0x00000226c8e91800, 0x00000226d388d000, 0x00000226d3889000, 0x00000226d388c800,
0x00000226d388b800, 0x00000226d388e000, 0x00000226d388a000, 0x00000226d388b000,
0x00000226d3888800, 0x00000226d388f000, 0x00000226d3890800, 0x00000226d3891800,
0x00000226d3895800, 0x00000226d3893800, 0x00000226d388f800, 0x00000226d3896000,
0x00000226d3897000, 0x00000226d3893000, 0x00000226d3892000, 0x00000226ccaf3000,
0x00000226ccaf4000, 0x00000226ccafa800, 0x00000226ccaf6000, 0x00000226ccaf7000,
0x00000226ccaf4800, 0x00000226ccafc000, 0x00000226ccafd000, 0x00000226ccafb000,
0x00000226ccafd800, 0x00000226ccaf9800, 0x00000226ccaf8000, 0x00000226ccafe800,
0x00000226ccaff000, 0x00000226ccb00000, 0x00000226ccb01000, 0x00000226c9880000,
0x00000226c987c000, 0x00000226c987d000, 0x00000226c987e800, 0x00000226c9881000,
0x00000226c9883800, 0x00000226c9881800, 0x00000226c987d800, 0x00000226c9884000,
0x00000226c987f000, 0x00000226c988a800, 0x00000226c9886800, 0x00000226c9888000,
0x00000226c9889000, 0x00000226c988a000, 0x00000226d5cdc800, 0x00000226d5cdf800,
0x00000226d5cda800, 0x00000226d5cda000, 0x00000226d5cdf000, 0x00000226d5ce0800,
0x00000226d5cdb800, 0x00000226d5cdd000, 0x00000226d0d91800, 0x00000226d0d8f800,
0x00000226d0d95000, 0x00000226d0d90000, 0x00000226d0d92800, 0x00000226d0d91000,
0x00000226d0d94000, 0x00000226c6e34800, 0x00000226c6e33800, 0x00000226c6e3a000,
0x00000226c6e35000, 0x00000226c6e36000, 0x00000226ca536000, 0x00000226ca530800
}

Java Threads: ( => current thread )
  0x00000226b009e800 JavaThread "main" [_thread_blocked, id=18748, stack(0x0000005604a00000,0x0000005604b00000)]
  0x00000226c6381800 JavaThread "Reference Handler" daemon [_thread_blocked, id=16144, stack(0x0000005605100000,0x0000005605200000)]
  0x00000226c63b0000 JavaThread "Finalizer" daemon [_thread_blocked, id=9300, stack(0x0000005605200000,0x0000005605300000)]
  0x00000226c6d24800 JavaThread "Signal Dispatcher" daemon [_thread_blocked, id=17364, stack(0x0000005605300000,0x0000005605400000)]
  0x00000226c6d25800 JavaThread "Attach Listener" daemon [_thread_blocked, id=15096, stack(0x0000005605400000,0x0000005605500000)]
  0x00000226c6d27000 JavaThread "Service Thread" daemon [_thread_blocked, id=12728, stack(0x0000005605500000,0x0000005605600000)]
=>0x00000226c6d2c000 JavaThread "C2 CompilerThread0" daemon [_thread_in_vm, id=12716, stack(0x0000005605600000,0x0000005605700000)]
  0x00000226c6d30000 JavaThread "C1 CompilerThread0" daemon [_thread_blocked, id=8780, stack(0x0000005605700000,0x0000005605800000)]
  0x00000226c63c7000 JavaThread "Sweeper thread" daemon [_thread_blocked, id=10928, stack(0x0000005605800000,0x0000005605900000)]
  0x00000226c6e8e800 JavaThread "Common-Cleaner" daemon [_thread_blocked, id=10140, stack(0x0000005605900000,0x0000005605a00000)]
  0x00000226ca14c800 JavaThread "Daemon health stats" [_thread_blocked, id=16356, stack(0x0000005605f00000,0x0000005606000000)]
  0x00000226c70c8000 JavaThread "Incoming local TCP Connector on port 9605" [_thread_in_native, id=10256, stack(0x0000005606100000,0x0000005606200000)]
  0x00000226c8543800 JavaThread "Daemon periodic checks" [_thread_blocked, id=10120, stack(0x0000005606200000,0x0000005606300000)]
  0x00000226c6e38800 JavaThread "Cache worker for file hash cache (C:\Users\Captain\Desktop\Sales-Management-Test\caches\6.8.3\fileHashes)" [_thread_blocked, id=11440, stack(0x0000005606a00000,0x0000005606b00000)]
  0x00000226c6e39800 JavaThread "File lock request listener" [_thread_in_native, id=272, stack(0x0000005606b00000,0x0000005606c00000)]
  0x00000226c6e37000 JavaThread "Cache worker for journal cache (C:\Users\Captain\Desktop\Sales-Management-Test\caches\journal-1)" [_thread_blocked, id=6748, stack(0x0000005606c00000,0x0000005606d00000)]
  0x00000226ca534800 JavaThread "Cache worker for execution history cache (C:\Users\Captain\Desktop\Sales-Management-Test\caches\6.8.3\executionHistory)" [_thread_blocked, id=10208, stack(0x0000005607700000,0x0000005607800000)]
  0x00000226ca52f800 JavaThread "Cache worker for file content cache (C:\Users\Captain\Desktop\Sales-Management-Test\caches\6.8.3\fileContent)" [_thread_blocked, id=6252, stack(0x0000005607800000,0x0000005607900000)]
  0x00000226c9886000 JavaThread "Memory manager" [_thread_blocked, id=17256, stack(0x000000560ce00000,0x000000560cf00000)]
  0x00000226c9882800 JavaThread "Cache worker for Java compile cache (C:\Users\Captain\Desktop\Sales-Management-Test\caches\6.8.3\javaCompile)" [_thread_blocked, id=4612, stack(0x000000560d500000,0x000000560d600000)]
  0x00000226ccaf5800 JavaThread "ForkJoinPool.commonPool-worker-5" daemon [_thread_blocked, id=12552, stack(0x0000005607400000,0x0000005607500000)]
  0x00000226ce316800 JavaThread "Daemon Thread 17" [_thread_blocked, id=13612, stack(0x0000005604700000,0x0000005604800000)]
  0x00000226ce315000 JavaThread "Handler for socket connection from /127.0.0.1:9605 to /127.0.0.1:8665" [_thread_in_native, id=5260, stack(0x0000005604800000,0x0000005604900000)]
  0x00000226ce314000 JavaThread "Cancel handler" [_thread_blocked, id=16812, stack(0x0000005604900000,0x0000005604a00000)]
  0x00000226ce315800 JavaThread "Daemon worker Thread 17" [_thread_blocked, id=5176, stack(0x0000005605b00000,0x0000005605c00000)]
  0x00000226ce317800 JavaThread "Asynchronous log dispatcher for DefaultDaemonConnection: socket connection from /127.0.0.1:9605 to /127.0.0.1:8665" [_thread_blocked, id=15040, stack(0x0000005606000000,0x0000005606100000)]
  0x00000226ce311800 JavaThread "Stdin handler" [_thread_blocked, id=16652, stack(0x0000005606300000,0x0000005606400000)]
  0x00000226ce318000 JavaThread "Daemon client event forwarder" [_thread_blocked, id=15232, stack(0x0000005606400000,0x0000005606500000)]
  0x00000226ce312800 JavaThread "Cache worker for file hash cache (C:\Users\Captain\Desktop\Sales-Management-App-master\.gradle\6.8.3\fileHashes)" [_thread_blocked, id=1224, stack(0x0000005606500000,0x0000005606600000)]
  0x00000226ce319000 JavaThread "Cache worker for checksums cache (C:\Users\Captain\Desktop\Sales-Management-App-master\.gradle\checksums)" [_thread_blocked, id=15396, stack(0x0000005606600000,0x0000005606700000)]
  0x00000226ce313800 JavaThread "Cache worker for cache directory md-supplier (C:\Users\Captain\Desktop\Sales-Management-Test\caches\6.8.3\md-supplier)" [_thread_blocked, id=3736, stack(0x0000005606700000,0x0000005606800000)]
  0x00000226ce31e000 JavaThread "Cache worker for cache directory md-rule (C:\Users\Captain\Desktop\Sales-Management-Test\caches\6.8.3\md-rule)" [_thread_blocked, id=5784, stack(0x0000005606800000,0x0000005606900000)]
  0x00000226ce31e800 JavaThread "Cache worker for Build Output Cleanup Cache (C:\Users\Captain\Desktop\Sales-Management-App-master\.gradle\buildOutputCleanup)" [_thread_blocked, id=10944, stack(0x0000005606900000,0x0000005606a00000)]
  0x00000226ce31a000 JavaThread "Build operations" [_thread_blocked, id=5164, stack(0x0000005606d00000,0x0000005606e00000)]
  0x00000226ce31f800 JavaThread "Build operations Thread 2" [_thread_blocked, id=14820, stack(0x0000005606e00000,0x0000005606f00000)]
  0x00000226ce31a800 JavaThread "Build operations Thread 3" [_thread_blocked, id=17656, stack(0x0000005606f00000,0x0000005607000000)]
  0x00000226ce31d000 JavaThread "Build operations Thread 4" [_thread_blocked, id=7172, stack(0x0000005607000000,0x0000005607100000)]
  0x00000226ce320800 JavaThread "jar transforms Thread 1446" [_thread_blocked, id=14328, stack(0x0000005607100000,0x0000005607200000)]
  0x00000226ce31c800 JavaThread "jar transforms Thread 1447" [_thread_blocked, id=12076, stack(0x0000005607200000,0x0000005607300000)]
  0x00000226c8e8a800 JavaThread "jar transforms Thread 1448" [_thread_blocked, id=5348, stack(0x0000005607300000,0x0000005607400000)]
  0x00000226c8e8b000 JavaThread "jar transforms Thread 1449" [_thread_blocked, id=10752, stack(0x0000005607500000,0x0000005607600000)]
  0x00000226c8e86000 JavaThread "jar transforms Thread 1450" [_thread_blocked, id=7220, stack(0x0000005607600000,0x0000005607700000)]
  0x00000226c8e8c000 JavaThread "jar transforms Thread 1451" [_thread_blocked, id=16412, stack(0x0000005607900000,0x0000005607a00000)]
  0x00000226c8e8c800 JavaThread "jar transforms Thread 1452" [_thread_blocked, id=6536, stack(0x0000005607a00000,0x0000005607b00000)]
  0x00000226c8e87000 JavaThread "jar transforms Thread 1453" [_thread_blocked, id=2028, stack(0x0000005607b00000,0x0000005607c00000)]
  0x00000226c8e89800 JavaThread "jar transforms Thread 1454" [_thread_blocked, id=5192, stack(0x0000005607c00000,0x0000005607d00000)]
  0x00000226c8e8d800 JavaThread "jar transforms Thread 1455" [_thread_blocked, id=4512, stack(0x0000005607d00000,0x0000005607e00000)]
  0x00000226c8e88000 JavaThread "jar transforms Thread 1456" [_thread_blocked, id=3172, stack(0x0000005607e00000,0x0000005607f00000)]
  0x00000226c8e8e800 JavaThread "jar transforms Thread 1457" [_thread_blocked, id=9860, stack(0x0000005607f00000,0x0000005608000000)]
  0x00000226c8e88800 JavaThread "jar transforms Thread 1458" [_thread_blocked, id=12248, stack(0x0000005608000000,0x0000005608100000)]
  0x00000226c8e8f000 JavaThread "jar transforms Thread 1459" [_thread_blocked, id=7976, stack(0x0000005608100000,0x0000005608200000)]
  0x00000226c8e91000 JavaThread "jar transforms Thread 1460" [_thread_blocked, id=18256, stack(0x0000005608200000,0x0000005608300000)]
  0x00000226c8e94000 JavaThread "jar transforms Thread 1461" [_thread_blocked, id=16720, stack(0x0000005608300000,0x0000005608400000)]
  0x00000226c8e95000 JavaThread "jar transforms Thread 1462" [_thread_blocked, id=1896, stack(0x0000005608400000,0x0000005608500000)]
  0x00000226c8e92800 JavaThread "jar transforms Thread 1463" [_thread_blocked, id=9588, stack(0x0000005608500000,0x0000005608600000)]
  0x00000226c8e90000 JavaThread "jar transforms Thread 1464" [_thread_blocked, id=2332, stack(0x0000005608600000,0x0000005608700000)]
  0x00000226c8e91800 JavaThread "jar transforms Thread 1465" [_thread_blocked, id=14940, stack(0x0000005608700000,0x0000005608800000)]
  0x00000226d388d000 JavaThread "jar transforms Thread 1466" [_thread_blocked, id=1160, stack(0x0000005608800000,0x0000005608900000)]
  0x00000226d3889000 JavaThread "jar transforms Thread 1467" [_thread_blocked, id=8676, stack(0x0000005608900000,0x0000005608a00000)]
  0x00000226d388c800 JavaThread "jar transforms Thread 1468" [_thread_blocked, id=17584, stack(0x0000005608a00000,0x0000005608b00000)]
  0x00000226d388b800 JavaThread "jar transforms Thread 1469" [_thread_blocked, id=15832, stack(0x0000005608b00000,0x0000005608c00000)]
  0x00000226d388e000 JavaThread "jar transforms Thread 1470" [_thread_blocked, id=6440, stack(0x0000005608c00000,0x0000005608d00000)]
  0x00000226d388a000 JavaThread "jar transforms Thread 1471" [_thread_blocked, id=13876, stack(0x0000005608d00000,0x0000005608e00000)]
  0x00000226d388b000 JavaThread "jar transforms Thread 1472" [_thread_blocked, id=15848, stack(0x0000005608e00000,0x0000005608f00000)]
  0x00000226d3888800 JavaThread "jar transforms Thread 1473" [_thread_blocked, id=2940, stack(0x0000005608f00000,0x0000005609000000)]
  0x00000226d388f000 JavaThread "jar transforms Thread 1474" [_thread_blocked, id=16540, stack(0x0000005609000000,0x0000005609100000)]
  0x00000226d3890800 JavaThread "jar transforms Thread 1475" [_thread_blocked, id=16504, stack(0x0000005609100000,0x0000005609200000)]
  0x00000226d3891800 JavaThread "jar transforms Thread 1476" [_thread_blocked, id=14560, stack(0x0000005609200000,0x0000005609300000)]
  0x00000226d3895800 JavaThread "jar transforms Thread 1477" [_thread_blocked, id=3360, stack(0x0000005609300000,0x0000005609400000)]
  0x00000226d3893800 JavaThread "jar transforms Thread 1478" [_thread_blocked, id=18008, stack(0x0000005609400000,0x0000005609500000)]
  0x00000226d388f800 JavaThread "jar transforms Thread 1479" [_thread_blocked, id=8908, stack(0x0000005609500000,0x0000005609600000)]
  0x00000226d3896000 JavaThread "jar transforms Thread 1480" [_thread_blocked, id=4732, stack(0x0000005609600000,0x0000005609700000)]
  0x00000226d3897000 JavaThread "jar transforms Thread 1481" [_thread_blocked, id=12144, stack(0x0000005609700000,0x0000005609800000)]
  0x00000226d3893000 JavaThread "jar transforms Thread 1482" [_thread_blocked, id=17040, stack(0x0000005609800000,0x0000005609900000)]
  0x00000226d3892000 JavaThread "jar transforms Thread 1483" [_thread_blocked, id=17292, stack(0x0000005609900000,0x0000005609a00000)]
  0x00000226ccaf3000 JavaThread "jar transforms Thread 1484" [_thread_blocked, id=3964, stack(0x0000005609a00000,0x0000005609b00000)]
  0x00000226ccaf4000 JavaThread "jar transforms Thread 1485" [_thread_blocked, id=14972, stack(0x0000005609b00000,0x0000005609c00000)]
  0x00000226ccafa800 JavaThread "jar transforms Thread 1486" [_thread_blocked, id=16260, stack(0x0000005609c00000,0x0000005609d00000)]
  0x00000226ccaf6000 JavaThread "jar transforms Thread 1487" [_thread_blocked, id=13112, stack(0x0000005609d00000,0x0000005609e00000)]
  0x00000226ccaf7000 JavaThread "jar transforms Thread 1488" [_thread_blocked, id=14856, stack(0x0000005609e00000,0x0000005609f00000)]
  0x00000226ccaf4800 JavaThread "jar transforms Thread 1489" [_thread_blocked, id=8624, stack(0x0000005609f00000,0x000000560a000000)]
  0x00000226ccafc000 JavaThread "jar transforms Thread 1490" [_thread_blocked, id=12860, stack(0x000000560a000000,0x000000560a100000)]
  0x00000226ccafd000 JavaThread "jar transforms Thread 1491" [_thread_blocked, id=2756, stack(0x000000560a100000,0x000000560a200000)]
  0x00000226ccafb000 JavaThread "jar transforms Thread 1492" [_thread_blocked, id=2360, stack(0x000000560a200000,0x000000560a300000)]
  0x00000226ccafd800 JavaThread "jar transforms Thread 1493" [_thread_blocked, id=4372, stack(0x000000560a300000,0x000000560a400000)]
  0x00000226ccaf9800 JavaThread "jar transforms Thread 1494" [_thread_blocked, id=7080, stack(0x000000560a400000,0x000000560a500000)]
  0x00000226ccaf8000 JavaThread "jar transforms Thread 1495" [_thread_blocked, id=5716, stack(0x000000560a500000,0x000000560a600000)]
  0x00000226ccafe800 JavaThread "jar transforms Thread 1496" [_thread_blocked, id=7888, stack(0x000000560a600000,0x000000560a700000)]
  0x00000226ccaff000 JavaThread "jar transforms Thread 1497" [_thread_blocked, id=1776, stack(0x000000560a700000,0x000000560a800000)]
  0x00000226ccb00000 JavaThread "jar transforms Thread 1498" [_thread_blocked, id=12876, stack(0x000000560a800000,0x000000560a900000)]
  0x00000226ccb01000 JavaThread "jar transforms Thread 1499" [_thread_blocked, id=14480, stack(0x000000560a900000,0x000000560aa00000)]
  0x00000226c9880000 JavaThread "jar transforms Thread 1500" [_thread_blocked, id=12652, stack(0x000000560aa00000,0x000000560ab00000)]
  0x00000226c987c000 JavaThread "jar transforms Thread 1501" [_thread_blocked, id=10128, stack(0x000000560ab00000,0x000000560ac00000)]
  0x00000226c987d000 JavaThread "jar transforms Thread 1502" [_thread_blocked, id=16600, stack(0x000000560ac00000,0x000000560ad00000)]
  0x00000226c987e800 JavaThread "jar transforms Thread 1503" [_thread_blocked, id=18584, stack(0x000000560ad00000,0x000000560ae00000)]
  0x00000226c9881000 JavaThread "jar transforms Thread 1504" [_thread_blocked, id=16836, stack(0x000000560ae00000,0x000000560af00000)]
  0x00000226c9883800 JavaThread "jar transforms Thread 1505" [_thread_blocked, id=9328, stack(0x000000560af00000,0x000000560b000000)]
  0x00000226c9881800 JavaThread "jar transforms Thread 1506" [_thread_blocked, id=6444, stack(0x000000560b000000,0x000000560b100000)]
  0x00000226c987d800 JavaThread "jar transforms Thread 1507" [_thread_blocked, id=14000, stack(0x000000560b100000,0x000000560b200000)]
  0x00000226c9884000 JavaThread "jar transforms Thread 1508" [_thread_blocked, id=7240, stack(0x000000560b200000,0x000000560b300000)]
  0x00000226c987f000 JavaThread "jar transforms Thread 1509" [_thread_blocked, id=14736, stack(0x000000560b300000,0x000000560b400000)]
  0x00000226c988a800 JavaThread "jar transforms Thread 1510" [_thread_blocked, id=11448, stack(0x000000560b400000,0x000000560b500000)]
  0x00000226c9886800 JavaThread "jar transforms Thread 1511" [_thread_blocked, id=6864, stack(0x000000560b500000,0x000000560b600000)]
  0x00000226c9888000 JavaThread "jar transforms Thread 1512" [_thread_blocked, id=8308, stack(0x000000560b600000,0x000000560b700000)]
  0x00000226c9889000 JavaThread "jar transforms Thread 1513" [_thread_blocked, id=12792, stack(0x000000560b700000,0x000000560b800000)]
  0x00000226c988a000 JavaThread "jar transforms Thread 1514" [_thread_blocked, id=17164, stack(0x000000560b800000,0x000000560b900000)]
  0x00000226d5cdc800 JavaThread "jar transforms Thread 1515" [_thread_blocked, id=17132, stack(0x000000560b900000,0x000000560ba00000)]
  0x00000226d5cdf800 JavaThread "jar transforms Thread 1516" [_thread_blocked, id=8176, stack(0x000000560ba00000,0x000000560bb00000)]
  0x00000226d5cda800 JavaThread "jar transforms Thread 1517" [_thread_blocked, id=1616, stack(0x000000560bb00000,0x000000560bc00000)]
  0x00000226d5cda000 JavaThread "jar transforms Thread 1518" [_thread_blocked, id=5916, stack(0x000000560bc00000,0x000000560bd00000)]
  0x00000226d5cdf000 JavaThread "jar transforms Thread 1519" [_thread_blocked, id=12760, stack(0x000000560bd00000,0x000000560be00000)]
  0x00000226d5ce0800 JavaThread "jar transforms Thread 1520" [_thread_blocked, id=13848, stack(0x000000560be00000,0x000000560bf00000)]
  0x00000226d5cdb800 JavaThread "jar transforms Thread 1521" [_thread_blocked, id=16124, stack(0x000000560bf00000,0x000000560c000000)]
  0x00000226d5cdd000 JavaThread "jar transforms Thread 1522" [_thread_blocked, id=16692, stack(0x000000560c000000,0x000000560c100000)]
  0x00000226d0d91800 JavaThread "jar transforms Thread 1523" [_thread_blocked, id=2840, stack(0x000000560c100000,0x000000560c200000)]
  0x00000226d0d8f800 JavaThread "jar transforms Thread 1524" [_thread_blocked, id=1944, stack(0x000000560c200000,0x000000560c300000)]
  0x00000226d0d95000 JavaThread "jar transforms Thread 1525" [_thread_blocked, id=16548, stack(0x000000560c300000,0x000000560c400000)]
  0x00000226d0d90000 JavaThread "jar transforms Thread 1526" [_thread_blocked, id=10804, stack(0x000000560c400000,0x000000560c500000)]
  0x00000226d0d92800 JavaThread "jar transforms Thread 1527" [_thread_blocked, id=1516, stack(0x000000560c500000,0x000000560c600000)]
  0x00000226d0d91000 JavaThread "jar transforms Thread 1528" [_thread_blocked, id=8800, stack(0x000000560c600000,0x000000560c700000)]
  0x00000226d0d94000 JavaThread "jar transforms Thread 1529" [_thread_blocked, id=15788, stack(0x000000560c700000,0x000000560c800000)]
  0x00000226c6e34800 JavaThread "jar transforms Thread 1530" [_thread_blocked, id=19432, stack(0x000000560c800000,0x000000560c900000)]
  0x00000226c6e33800 JavaThread "Execution worker for ':'" [_thread_blocked, id=2316, stack(0x000000560ca00000,0x000000560cb00000)]
  0x00000226c6e3a000 JavaThread "Execution worker for ':' Thread 2" [_thread_blocked, id=16076, stack(0x000000560cb00000,0x000000560cc00000)]
  0x00000226c6e35000 JavaThread "Execution worker for ':' Thread 3" [_thread_blocked, id=9040, stack(0x000000560cc00000,0x000000560cd00000)]
  0x00000226c6e36000 JavaThread "Cache worker for execution history cache (C:\Users\Captain\Desktop\Sales-Management-App-master\.gradle\6.8.3\executionHistory)" [_thread_blocked, id=11940, stack(0x000000560cf00000,0x000000560d000000)]
  0x00000226ca536000 JavaThread "Cache worker for Java compile cache (C:\Users\Captain\Desktop\Sales-Management-App-master\.gradle\6.8.3\javaCompile)" [_thread_blocked, id=3560, stack(0x000000560d100000,0x000000560d200000)]
  0x00000226ca530800 JavaThread "C2 CompilerThread1" daemon [_thread_blocked, id=12216, stack(0x000000560c900000,0x000000560ca00000)]

Other Threads:
  0x00000226c637f000 VMThread "VM Thread" [stack: 0x0000005605000000,0x0000005605100000] [id=3984]
  0x00000226c6e97000 WatcherThread [stack: 0x0000005605a00000,0x0000005605b00000] [id=6408]
  0x00000226b00b8000 GCTaskThread "GC Thread#0" [stack: 0x0000005604b00000,0x0000005604c00000] [id=11500]
  0x00000226c71cf800 GCTaskThread "GC Thread#1" [stack: 0x0000005605c00000,0x0000005605d00000] [id=14152]
  0x00000226c743e000 GCTaskThread "GC Thread#2" [stack: 0x0000005605d00000,0x0000005605e00000] [id=6688]
  0x00000226c743e800 GCTaskThread "GC Thread#3" [stack: 0x0000005605e00000,0x0000005605f00000] [id=13708]
  0x00000226b00c8800 ConcurrentGCThread "G1 Main Marker" [stack: 0x0000005604c00000,0x0000005604d00000] [id=9656]
  0x00000226b00ca000 ConcurrentGCThread "G1 Conc#0" [stack: 0x0000005604d00000,0x0000005604e00000] [id=12168]
  0x00000226b017d800 ConcurrentGCThread "G1 Refine#0" [stack: 0x0000005604e00000,0x0000005604f00000] [id=13912]
  0x00000226cc86f800 ConcurrentGCThread "G1 Refine#1" [stack: 0x000000560cd00000,0x000000560ce00000] [id=8948]
  0x00000226d1aa4000 ConcurrentGCThread "G1 Refine#2" [stack: 0x000000560d400000,0x000000560d500000] [id=15008]
  0x00000226cd16c800 ConcurrentGCThread "G1 Refine#3" [stack: 0x000000560d800000,0x000000560d900000] [id=15424]
  0x00000226c621e800 ConcurrentGCThread "G1 Young RemSet Sampling" [stack: 0x0000005604f00000,0x0000005605000000] [id=18984]

Threads with active compile tasks:
C2 CompilerThread06334285 34568       4       org.antlr.v4.runtime.atn.ParserATNSimulator::closureCheckingStopState (244 bytes)

VM state:synchronizing (normal execution)

VM Mutex/Monitor currently owned by a thread:  ([mutex/lock_event])
[0x00000226b009b5f0] Threads_lock - owner thread: 0x00000226c637f000

Heap address: 0x00000000e0000000, size: 512 MB, Compressed Oops mode: 32-bit
Narrow klass base: 0x0000000000000000, Narrow klass shift: 3
Compressed class space size: 260046848 Address: 0x0000000100000000

Heap:
 garbage-first heap   total 262144K, used 186321K [0x00000000e0000000, 0x0000000100000000)
  region size 1024K, 52 young (53248K), 2 survivors (2048K)
 Metaspace       used 127943K, capacity 132276K, committed 132396K, reserved 370688K
  class space    used 15401K, capacity 16917K, committed 17024K, reserved 253952K
Heap Regions: E=young(eden), S=young(survivor), O=old, HS=humongous(starts), HC=humongous(continues), CS=collection set, F=free, A=archive, TAMS=top-at-mark-start (previous, next)
|   0|0x00000000e0000000, 0x00000000e0100000, 0x00000000e0100000|100%| O|  |TAMS 0x00000000e0100000, 0x00000000e0000000| Untracked 
|   1|0x00000000e0100000, 0x00000000e0200000, 0x00000000e0200000|100%| O|  |TAMS 0x00000000e0200000, 0x00000000e0100000| Untracked 
|   2|0x00000000e0200000, 0x00000000e0300000, 0x00000000e0300000|100%| O|  |TAMS 0x00000000e0300000, 0x00000000e0200000| Untracked 
|   3|0x00000000e0300000, 0x00000000e0400000, 0x00000000e0400000|100%|HS|  |TAMS 0x00000000e0400000, 0x00000000e0300000| Complete 
|   4|0x00000000e0400000, 0x00000000e0500000, 0x00000000e0500000|100%|HC|  |TAMS 0x00000000e0500000, 0x00000000e0400000| Complete 
|   5|0x00000000e0500000, 0x00000000e0600000, 0x00000000e0600000|100%|HC|  |TAMS 0x00000000e0600000, 0x00000000e0500000| Complete 
|   6|0x00000000e0600000, 0x00000000e0700000, 0x00000000e0700000|100%| O|  |TAMS 0x00000000e0700000, 0x00000000e0600000| Untracked 
|   7|0x00000000e0700000, 0x00000000e0800000, 0x00000000e0800000|100%| O|  |TAMS 0x00000000e0800000, 0x00000000e0700000| Untracked 
|   8|0x00000000e0800000, 0x00000000e0900000, 0x00000000e0900000|100%| O|  |TAMS 0x00000000e0900000, 0x00000000e0800000| Untracked 
|   9|0x00000000e0900000, 0x00000000e0a00000, 0x00000000e0a00000|100%| O|  |TAMS 0x00000000e0a00000, 0x00000000e0900000| Untracked 
|  10|0x00000000e0a00000, 0x00000000e0b00000, 0x00000000e0b00000|100%| O|  |TAMS 0x00000000e0b00000, 0x00000000e0a00000| Untracked 
|  11|0x00000000e0b00000, 0x00000000e0c00000, 0x00000000e0c00000|100%| O|  |TAMS 0x00000000e0c00000, 0x00000000e0b00000| Untracked 
|  12|0x00000000e0c00000, 0x00000000e0d00000, 0x00000000e0d00000|100%| O|  |TAMS 0x00000000e0d00000, 0x00000000e0c00000| Untracked 
|  13|0x00000000e0d00000, 0x00000000e0e00000, 0x00000000e0e00000|100%| O|  |TAMS 0x00000000e0e00000, 0x00000000e0d00000| Untracked 
|  14|0x00000000e0e00000, 0x00000000e0f00000, 0x00000000e0f00000|100%| O|  |TAMS 0x00000000e0f00000, 0x00000000e0e00000| Untracked 
|  15|0x00000000e0f00000, 0x00000000e1000000, 0x00000000e1000000|100%| O|  |TAMS 0x00000000e1000000, 0x00000000e0f00000| Untracked 
|  16|0x00000000e1000000, 0x00000000e1100000, 0x00000000e1100000|100%|HS|  |TAMS 0x00000000e1100000, 0x00000000e1000000| Complete 
|  17|0x00000000e1100000, 0x00000000e1200000, 0x00000000e1200000|100%|HC|  |TAMS 0x00000000e1200000, 0x00000000e1100000| Complete 
|  18|0x00000000e1200000, 0x00000000e1300000, 0x00000000e1300000|100%|HS|  |TAMS 0x00000000e1300000, 0x00000000e1200000| Complete 
|  19|0x00000000e1300000, 0x00000000e1400000, 0x00000000e1400000|100%|HC|  |TAMS 0x00000000e1400000, 0x00000000e1300000| Complete 
|  20|0x00000000e1400000, 0x00000000e1500000, 0x00000000e1500000|100%|HC|  |TAMS 0x00000000e1500000, 0x00000000e1400000| Complete 
|  21|0x00000000e1500000, 0x00000000e1600000, 0x00000000e1600000|100%|HS|  |TAMS 0x00000000e1600000, 0x00000000e1500000| Complete 
|  22|0x00000000e1600000, 0x00000000e1700000, 0x00000000e1700000|100%|HC|  |TAMS 0x00000000e1700000, 0x00000000e1600000| Complete 
|  23|0x00000000e1700000, 0x00000000e1800000, 0x00000000e1800000|100%|HC|  |TAMS 0x00000000e1800000, 0x00000000e1700000| Complete 
|  24|0x00000000e1800000, 0x00000000e1900000, 0x00000000e1900000|100%|HC|  |TAMS 0x00000000e1900000, 0x00000000e1800000| Complete 
|  25|0x00000000e1900000, 0x00000000e1a00000, 0x00000000e1a00000|100%|HS|  |TAMS 0x00000000e1a00000, 0x00000000e1900000| Complete 
|  26|0x00000000e1a00000, 0x00000000e1b00000, 0x00000000e1b00000|100%|HC|  |TAMS 0x00000000e1b00000, 0x00000000e1a00000| Complete 
|  27|0x00000000e1b00000, 0x00000000e1c00000, 0x00000000e1c00000|100%| O|  |TAMS 0x00000000e1c00000, 0x00000000e1b00000| Untracked 
|  28|0x00000000e1c00000, 0x00000000e1d00000, 0x00000000e1d00000|100%| O|  |TAMS 0x00000000e1d00000, 0x00000000e1c00000| Untracked 
|  29|0x00000000e1d00000, 0x00000000e1e00000, 0x00000000e1e00000|100%| O|  |TAMS 0x00000000e1e00000, 0x00000000e1d00000| Untracked 
|  30|0x00000000e1e00000, 0x00000000e1f00000, 0x00000000e1f00000|100%| O|  |TAMS 0x00000000e1f00000, 0x00000000e1e00000| Untracked 
|  31|0x00000000e1f00000, 0x00000000e2000000, 0x00000000e2000000|100%| O|  |TAMS 0x00000000e2000000, 0x00000000e1f00000| Untracked 
|  32|0x00000000e2000000, 0x00000000e2100000, 0x00000000e2100000|100%| O|  |TAMS 0x00000000e2100000, 0x00000000e2000000| Untracked 
|  33|0x00000000e2100000, 0x00000000e2200000, 0x00000000e2200000|100%| O|  |TAMS 0x00000000e2200000, 0x00000000e2100000| Untracked 
|  34|0x00000000e2200000, 0x00000000e2300000, 0x00000000e2300000|100%| O|  |TAMS 0x00000000e2300000, 0x00000000e2200000| Untracked 
|  35|0x00000000e2300000, 0x00000000e2400000, 0x00000000e2400000|100%| O|  |TAMS 0x00000000e2400000, 0x00000000e2300000| Untracked 
|  36|0x00000000e2400000, 0x00000000e2500000, 0x00000000e2500000|100%| O|  |TAMS 0x00000000e2500000, 0x00000000e2400000| Untracked 
|  37|0x00000000e2500000, 0x00000000e2600000, 0x00000000e2600000|100%| O|  |TAMS 0x00000000e2600000, 0x00000000e2500000| Untracked 
|  38|0x00000000e2600000, 0x00000000e2700000, 0x00000000e2700000|100%| O|  |TAMS 0x00000000e2700000, 0x00000000e2600000| Untracked 
|  39|0x00000000e2700000, 0x00000000e2800000, 0x00000000e2800000|100%| O|  |TAMS 0x00000000e2800000, 0x00000000e2700000| Untracked 
|  40|0x00000000e2800000, 0x00000000e2900000, 0x00000000e2900000|100%| O|  |TAMS 0x00000000e2900000, 0x00000000e2800000| Untracked 
|  41|0x00000000e2900000, 0x00000000e2a00000, 0x00000000e2a00000|100%| O|  |TAMS 0x00000000e2900000, 0x00000000e2900000| Untracked 
|  42|0x00000000e2a00000, 0x00000000e2b00000, 0x00000000e2b00000|100%| O|  |TAMS 0x00000000e2b00000, 0x00000000e2a00000| Untracked 
|  43|0x00000000e2b00000, 0x00000000e2c00000, 0x00000000e2c00000|100%| O|  |TAMS 0x00000000e2c00000, 0x00000000e2b00000| Untracked 
|  44|0x00000000e2c00000, 0x00000000e2d00000, 0x00000000e2d00000|100%| O|  |TAMS 0x00000000e2d00000, 0x00000000e2c00000| Untracked 
|  45|0x00000000e2d00000, 0x00000000e2e00000, 0x00000000e2e00000|100%| O|  |TAMS 0x00000000e2e00000, 0x00000000e2d00000| Untracked 
|  46|0x00000000e2e00000, 0x00000000e2f00000, 0x00000000e2f00000|100%| O|  |TAMS 0x00000000e2f00000, 0x00000000e2e00000| Untracked 
|  47|0x00000000e2f00000, 0x00000000e3000000, 0x00000000e3000000|100%|HS|  |TAMS 0x00000000e2f00000, 0x00000000e2f00000| Complete 
|  48|0x00000000e3000000, 0x00000000e3100000, 0x00000000e3100000|100%| O|  |TAMS 0x00000000e3100000, 0x00000000e3000000| Untracked 
|  49|0x00000000e3100000, 0x00000000e3200000, 0x00000000e3200000|100%| O|  |TAMS 0x00000000e3200000, 0x00000000e3100000| Untracked 
|  50|0x00000000e3200000, 0x00000000e3300000, 0x00000000e3300000|100%|HS|  |TAMS 0x00000000e3200000, 0x00000000e3200000| Complete 
|  51|0x00000000e3300000, 0x00000000e3400000, 0x00000000e3400000|100%| O|  |TAMS 0x00000000e3400000, 0x00000000e3300000| Untracked 
|  52|0x00000000e3400000, 0x00000000e3500000, 0x00000000e3500000|100%| O|  |TAMS 0x00000000e3500000, 0x00000000e3400000| Untracked 
|  53|0x00000000e3500000, 0x00000000e3500000, 0x00000000e3600000|  0%| F|  |TAMS 0x00000000e3500000, 0x00000000e3500000| Untracked 
|  54|0x00000000e3600000, 0x00000000e3700000, 0x00000000e3700000|100%| O|  |TAMS 0x00000000e3600000, 0x00000000e3600000| Untracked 
|  55|0x00000000e3700000, 0x00000000e3800000, 0x00000000e3800000|100%| O|  |TAMS 0x00000000e3800000, 0x00000000e3700000| Untracked 
|  56|0x00000000e3800000, 0x00000000e3900000, 0x00000000e3900000|100%| O|  |TAMS 0x00000000e3900000, 0x00000000e3800000| Untracked 
|  57|0x00000000e3900000, 0x00000000e3a00000, 0x00000000e3a00000|100%| O|  |TAMS 0x00000000e3a00000, 0x00000000e3900000| Untracked 
|  58|0x00000000e3a00000, 0x00000000e3b00000, 0x00000000e3b00000|100%| O|  |TAMS 0x00000000e3b00000, 0x00000000e3a00000| Untracked 
|  59|0x00000000e3b00000, 0x00000000e3c00000, 0x00000000e3c00000|100%| O|  |TAMS 0x00000000e3c00000, 0x00000000e3b00000| Untracked 
|  60|0x00000000e3c00000, 0x00000000e3d00000, 0x00000000e3d00000|100%| O|  |TAMS 0x00000000e3d00000, 0x00000000e3c00000| Untracked 
|  61|0x00000000e3d00000, 0x00000000e3e00000, 0x00000000e3e00000|100%| O|  |TAMS 0x00000000e3e00000, 0x00000000e3d00000| Untracked 
|  62|0x00000000e3e00000, 0x00000000e3e00000, 0x00000000e3f00000|  0%| F|  |TAMS 0x00000000e3e00000, 0x00000000e3e00000| Untracked 
|  63|0x00000000e3f00000, 0x00000000e4000000, 0x00000000e4000000|100%| O|  |TAMS 0x00000000e4000000, 0x00000000e3f00000| Untracked 
|  64|0x00000000e4000000, 0x00000000e4000000, 0x00000000e4100000|  0%| F|  |TAMS 0x00000000e4000000, 0x00000000e4000000| Untracked 
|  65|0x00000000e4100000, 0x00000000e4100000, 0x00000000e4200000|  0%| F|  |TAMS 0x00000000e4100000, 0x00000000e4100000| Untracked 
|  66|0x00000000e4200000, 0x00000000e4300000, 0x00000000e4300000|100%| O|  |TAMS 0x00000000e4300000, 0x00000000e4200000| Untracked 
|  67|0x00000000e4300000, 0x00000000e4400000, 0x00000000e4400000|100%| O|  |TAMS 0x00000000e4400000, 0x00000000e4300000| Untracked 
|  68|0x00000000e4400000, 0x00000000e4500000, 0x00000000e4500000|100%|HS|  |TAMS 0x00000000e4400000, 0x00000000e4400000| Complete 
|  69|0x00000000e4500000, 0x00000000e4600000, 0x00000000e4600000|100%|HC|  |TAMS 0x00000000e4500000, 0x00000000e4500000| Complete 
|  70|0x00000000e4600000, 0x00000000e4700000, 0x00000000e4700000|100%| O|  |TAMS 0x00000000e4600000, 0x00000000e4600000| Untracked 
|  71|0x00000000e4700000, 0x00000000e4800000, 0x00000000e4800000|100%| O|  |TAMS 0x00000000e4800000, 0x00000000e4700000| Untracked 
|  72|0x00000000e4800000, 0x00000000e4900000, 0x00000000e4900000|100%| O|  |TAMS 0x00000000e4900000, 0x00000000e4800000| Untracked 
|  73|0x00000000e4900000, 0x00000000e4a00000, 0x00000000e4a00000|100%| O|  |TAMS 0x00000000e4a00000, 0x00000000e4900000| Untracked 
|  74|0x00000000e4a00000, 0x00000000e4a00000, 0x00000000e4b00000|  0%| F|  |TAMS 0x00000000e4a00000, 0x00000000e4a00000| Untracked 
|  75|0x00000000e4b00000, 0x00000000e4c00000, 0x00000000e4c00000|100%| O|  |TAMS 0x00000000e4b00000, 0x00000000e4b00000| Untracked 
|  76|0x00000000e4c00000, 0x00000000e4c00000, 0x00000000e4d00000|  0%| F|  |TAMS 0x00000000e4c00000, 0x00000000e4c00000| Untracked 
|  77|0x00000000e4d00000, 0x00000000e4e00000, 0x00000000e4e00000|100%| O|  |TAMS 0x00000000e4e00000, 0x00000000e4d00000| Untracked 
|  78|0x00000000e4e00000, 0x00000000e4f00000, 0x00000000e4f00000|100%| O|  |TAMS 0x00000000e4f00000, 0x00000000e4e00000| Untracked 
|  79|0x00000000e4f00000, 0x00000000e5000000, 0x00000000e5000000|100%| O|  |TAMS 0x00000000e4f00000, 0x00000000e4f00000| Untracked 
|  80|0x00000000e5000000, 0x00000000e5100000, 0x00000000e5100000|100%| O|  |TAMS 0x00000000e5000000, 0x00000000e5000000| Untracked 
|  81|0x00000000e5100000, 0x00000000e5200000, 0x00000000e5200000|100%| O|  |TAMS 0x00000000e5100000, 0x00000000e5100000| Untracked 
|  82|0x00000000e5200000, 0x00000000e5300000, 0x00000000e5300000|100%| O|  |TAMS 0x00000000e5200000, 0x00000000e5200000| Untracked 
|  83|0x00000000e5300000, 0x00000000e5400000, 0x00000000e5400000|100%| O|  |TAMS 0x00000000e5300000, 0x00000000e5300000| Untracked 
|  84|0x00000000e5400000, 0x00000000e5500000, 0x00000000e5500000|100%| O|  |TAMS 0x00000000e5400000, 0x00000000e5400000| Untracked 
|  85|0x00000000e5500000, 0x00000000e5600000, 0x00000000e5600000|100%| O|  |TAMS 0x00000000e5500000, 0x00000000e5500000| Untracked 
|  86|0x00000000e5600000, 0x00000000e5700000, 0x00000000e5700000|100%| O|  |TAMS 0x00000000e5600000, 0x00000000e5600000| Untracked 
|  87|0x00000000e5700000, 0x00000000e5800000, 0x00000000e5800000|100%| O|  |TAMS 0x00000000e5700000, 0x00000000e5700000| Untracked 
|  88|0x00000000e5800000, 0x00000000e5800000, 0x00000000e5900000|  0%| F|  |TAMS 0x00000000e5800000, 0x00000000e5800000| Untracked 
|  89|0x00000000e5900000, 0x00000000e5900000, 0x00000000e5a00000|  0%| F|  |TAMS 0x00000000e5900000, 0x00000000e5900000| Untracked 
|  90|0x00000000e5a00000, 0x00000000e5b00000, 0x00000000e5b00000|100%| O|  |TAMS 0x00000000e5b00000, 0x00000000e5a00000| Untracked 
|  91|0x00000000e5b00000, 0x00000000e5b00000, 0x00000000e5c00000|  0%| F|  |TAMS 0x00000000e5b00000, 0x00000000e5b00000| Untracked 
|  92|0x00000000e5c00000, 0x00000000e5c00000, 0x00000000e5d00000|  0%| F|  |TAMS 0x00000000e5c00000, 0x00000000e5c00000| Untracked 
|  93|0x00000000e5d00000, 0x00000000e5d00000, 0x00000000e5e00000|  0%| F|  |TAMS 0x00000000e5d00000, 0x00000000e5d00000| Untracked 
|  94|0x00000000e5e00000, 0x00000000e5f00000, 0x00000000e5f00000|100%| O|  |TAMS 0x00000000e5f00000, 0x00000000e5e00000| Untracked 
|  95|0x00000000e5f00000, 0x00000000e6000000, 0x00000000e6000000|100%| O|  |TAMS 0x00000000e5f00000, 0x00000000e5f00000| Untracked 
|  96|0x00000000e6000000, 0x00000000e6100000, 0x00000000e6100000|100%| O|  |TAMS 0x00000000e6000000, 0x00000000e6000000| Untracked 
|  97|0x00000000e6100000, 0x00000000e6100000, 0x00000000e6200000|  0%| F|  |TAMS 0x00000000e6100000, 0x00000000e6100000| Untracked 
|  98|0x00000000e6200000, 0x00000000e6300000, 0x00000000e6300000|100%| O|  |TAMS 0x00000000e6300000, 0x00000000e6200000| Untracked 
|  99|0x00000000e6300000, 0x00000000e6400000, 0x00000000e6400000|100%| O|  |TAMS 0x00000000e6400000, 0x00000000e6300000| Untracked 
| 100|0x00000000e6400000, 0x00000000e6400000, 0x00000000e6500000|  0%| F|  |TAMS 0x00000000e6400000, 0x00000000e6400000| Untracked 
| 101|0x00000000e6500000, 0x00000000e6600000, 0x00000000e6600000|100%| O|  |TAMS 0x00000000e6600000, 0x00000000e6500000| Untracked 
| 102|0x00000000e6600000, 0x00000000e6700000, 0x00000000e6700000|100%| O|  |TAMS 0x00000000e6700000, 0x00000000e6600000| Untracked 
| 103|0x00000000e6700000, 0x00000000e6700000, 0x00000000e6800000|  0%| F|  |TAMS 0x00000000e6700000, 0x00000000e6700000| Untracked 
| 104|0x00000000e6800000, 0x00000000e6900000, 0x00000000e6900000|100%| O|  |TAMS 0x00000000e6900000, 0x00000000e6800000| Untracked 
| 105|0x00000000e6900000, 0x00000000e6a00000, 0x00000000e6a00000|100%| O|  |TAMS 0x00000000e6a00000, 0x00000000e6900000| Untracked 
| 106|0x00000000e6a00000, 0x00000000e6b00000, 0x00000000e6b00000|100%| O|  |TAMS 0x00000000e6b00000, 0x00000000e6a00000| Untracked 
| 107|0x00000000e6b00000, 0x00000000e6c00000, 0x00000000e6c00000|100%| O|  |TAMS 0x00000000e6c00000, 0x00000000e6b00000| Untracked 
| 108|0x00000000e6c00000, 0x00000000e6d00000, 0x00000000e6d00000|100%| O|  |TAMS 0x00000000e6c8c800, 0x00000000e6c00000| Untracked 
| 109|0x00000000e6d00000, 0x00000000e6e00000, 0x00000000e6e00000|100%| O|  |TAMS 0x00000000e6d00000, 0x00000000e6d00000| Untracked 
| 110|0x00000000e6e00000, 0x00000000e6f00000, 0x00000000e6f00000|100%| O|  |TAMS 0x00000000e6f00000, 0x00000000e6e00000| Untracked 
| 111|0x00000000e6f00000, 0x00000000e7000000, 0x00000000e7000000|100%| O|  |TAMS 0x00000000e6f00000, 0x00000000e6f00000| Untracked 
| 112|0x00000000e7000000, 0x00000000e7100000, 0x00000000e7100000|100%| O|  |TAMS 0x00000000e7000000, 0x00000000e7000000| Untracked 
| 113|0x00000000e7100000, 0x00000000e7200000, 0x00000000e7200000|100%| O|  |TAMS 0x00000000e7100000, 0x00000000e7100000| Untracked 
| 114|0x00000000e7200000, 0x00000000e7300000, 0x00000000e7300000|100%| O|  |TAMS 0x00000000e7200000, 0x00000000e7200000| Untracked 
| 115|0x00000000e7300000, 0x00000000e7400000, 0x00000000e7400000|100%| O|  |TAMS 0x00000000e7300000, 0x00000000e7300000| Untracked 
| 116|0x00000000e7400000, 0x00000000e7500000, 0x00000000e7500000|100%| O|  |TAMS 0x00000000e7400000, 0x00000000e7400000| Untracked 
| 117|0x00000000e7500000, 0x00000000e7600000, 0x00000000e7600000|100%| O|  |TAMS 0x00000000e7500000, 0x00000000e7500000| Untracked 
| 118|0x00000000e7600000, 0x00000000e7700000, 0x00000000e7700000|100%| O|  |TAMS 0x00000000e7600000, 0x00000000e7600000| Untracked 
| 119|0x00000000e7700000, 0x00000000e7800000, 0x00000000e7800000|100%| O|  |TAMS 0x00000000e7700000, 0x00000000e7700000| Untracked 
| 120|0x00000000e7800000, 0x00000000e7900000, 0x00000000e7900000|100%| O|  |TAMS 0x00000000e7800000, 0x00000000e7800000| Untracked 
| 121|0x00000000e7900000, 0x00000000e7a00000, 0x00000000e7a00000|100%| O|  |TAMS 0x00000000e7900000, 0x00000000e7900000| Untracked 
| 122|0x00000000e7a00000, 0x00000000e7b00000, 0x00000000e7b00000|100%| O|  |TAMS 0x00000000e7a00000, 0x00000000e7a00000| Untracked 
| 123|0x00000000e7b00000, 0x00000000e7c00000, 0x00000000e7c00000|100%| O|  |TAMS 0x00000000e7b00000, 0x00000000e7b00000| Untracked 
| 124|0x00000000e7c00000, 0x00000000e7d00000, 0x00000000e7d00000|100%| O|  |TAMS 0x00000000e7c00000, 0x00000000e7c00000| Untracked 
| 125|0x00000000e7d00000, 0x00000000e7e00000, 0x00000000e7e00000|100%| O|  |TAMS 0x00000000e7d00000, 0x00000000e7d00000| Untracked 
| 126|0x00000000e7e00000, 0x00000000e7f00000, 0x00000000e7f00000|100%| O|  |TAMS 0x00000000e7e00000, 0x00000000e7e00000| Untracked 
| 127|0x00000000e7f00000, 0x00000000e8000000, 0x00000000e8000000|100%| O|  |TAMS 0x00000000e7f00000, 0x00000000e7f00000| Untracked 
| 128|0x00000000e8000000, 0x00000000e8000000, 0x00000000e8100000|  0%| F|  |TAMS 0x00000000e8000000, 0x00000000e8000000| Untracked 
| 129|0x00000000e8100000, 0x00000000e8100000, 0x00000000e8200000|  0%| F|  |TAMS 0x00000000e8100000, 0x00000000e8100000| Untracked 
| 130|0x00000000e8200000, 0x00000000e8200000, 0x00000000e8300000|  0%| F|  |TAMS 0x00000000e8200000, 0x00000000e8200000| Untracked 
| 131|0x00000000e8300000, 0x00000000e8300000, 0x00000000e8400000|  0%| F|  |TAMS 0x00000000e8300000, 0x00000000e8300000| Untracked 
| 132|0x00000000e8400000, 0x00000000e8400000, 0x00000000e8500000|  0%| F|  |TAMS 0x00000000e8400000, 0x00000000e8400000| Untracked 
| 133|0x00000000e8500000, 0x00000000e8500000, 0x00000000e8600000|  0%| F|  |TAMS 0x00000000e8500000, 0x00000000e8500000| Untracked 
| 134|0x00000000e8600000, 0x00000000e8700000, 0x00000000e8700000|100%| O|  |TAMS 0x00000000e8700000, 0x00000000e8600000| Untracked 
| 135|0x00000000e8700000, 0x00000000e8700000, 0x00000000e8800000|  0%| F|  |TAMS 0x00000000e8700000, 0x00000000e8700000| Untracked 
| 136|0x00000000e8800000, 0x00000000e8900000, 0x00000000e8900000|100%| O|  |TAMS 0x00000000e8900000, 0x00000000e8800000| Untracked 
| 137|0x00000000e8900000, 0x00000000e8900000, 0x00000000e8a00000|  0%| F|  |TAMS 0x00000000e8900000, 0x00000000e8900000| Untracked 
| 138|0x00000000e8a00000, 0x00000000e8b00000, 0x00000000e8b00000|100%| O|  |TAMS 0x00000000e8a00000, 0x00000000e8a00000| Untracked 
| 139|0x00000000e8b00000, 0x00000000e8c00000, 0x00000000e8c00000|100%| O|  |TAMS 0x00000000e8c00000, 0x00000000e8b00000| Untracked 
| 140|0x00000000e8c00000, 0x00000000e8d00000, 0x00000000e8d00000|100%| O|  |TAMS 0x00000000e8c00000, 0x00000000e8c00000| Untracked 
| 141|0x00000000e8d00000, 0x00000000e8e00000, 0x00000000e8e00000|100%| O|  |TAMS 0x00000000e8d00000, 0x00000000e8d00000| Untracked 
| 142|0x00000000e8e00000, 0x00000000e8f00000, 0x00000000e8f00000|100%| O|  |TAMS 0x00000000e8f00000, 0x00000000e8e00000| Untracked 
| 143|0x00000000e8f00000, 0x00000000e9000000, 0x00000000e9000000|100%| O|  |TAMS 0x00000000e9000000, 0x00000000e8f00000| Untracked 
| 144|0x00000000e9000000, 0x00000000e9100000, 0x00000000e9100000|100%| O|  |TAMS 0x00000000e9000000, 0x00000000e9000000| Untracked 
| 145|0x00000000e9100000, 0x00000000e9200000, 0x00000000e9200000|100%| O|  |TAMS 0x00000000e9100000, 0x00000000e9100000| Untracked 
| 146|0x00000000e9200000, 0x00000000e9200000, 0x00000000e9300000|  0%| F|  |TAMS 0x00000000e9200000, 0x00000000e9200000| Untracked 
| 147|0x00000000e9300000, 0x00000000e9300000, 0x00000000e9400000|  0%| F|  |TAMS 0x00000000e9300000, 0x00000000e9300000| Untracked 
| 148|0x00000000e9400000, 0x00000000e9500000, 0x00000000e9500000|100%| O|  |TAMS 0x00000000e9500000, 0x00000000e9400000| Untracked 
| 149|0x00000000e9500000, 0x00000000e9500000, 0x00000000e9600000|  0%| F|  |TAMS 0x00000000e9500000, 0x00000000e9500000| Untracked 
| 150|0x00000000e9600000, 0x00000000e9600000, 0x00000000e9700000|  0%| F|  |TAMS 0x00000000e9600000, 0x00000000e9600000| Untracked 
| 151|0x00000000e9700000, 0x00000000e9700000, 0x00000000e9800000|  0%| F|  |TAMS 0x00000000e9700000, 0x00000000e9700000| Untracked 
| 152|0x00000000e9800000, 0x00000000e9800000, 0x00000000e9900000|  0%| F|  |TAMS 0x00000000e9800000, 0x00000000e9800000| Untracked 
| 153|0x00000000e9900000, 0x00000000e9900000, 0x00000000e9a00000|  0%| F|  |TAMS 0x00000000e9900000, 0x00000000e9900000| Untracked 
| 154|0x00000000e9a00000, 0x00000000e9b00000, 0x00000000e9b00000|100%| O|  |TAMS 0x00000000e9b00000, 0x00000000e9a00000| Untracked 
| 155|0x00000000e9b00000, 0x00000000e9c00000, 0x00000000e9c00000|100%| O|  |TAMS 0x00000000e9c00000, 0x00000000e9b00000| Untracked 
| 156|0x00000000e9c00000, 0x00000000e9c00000, 0x00000000e9d00000|  0%| F|  |TAMS 0x00000000e9c00000, 0x00000000e9c00000| Untracked 
| 157|0x00000000e9d00000, 0x00000000e9e00000, 0x00000000e9e00000|100%| O|  |TAMS 0x00000000e9e00000, 0x00000000e9d00000| Untracked 
| 158|0x00000000e9e00000, 0x00000000e9e00000, 0x00000000e9f00000|  0%| F|  |TAMS 0x00000000e9e00000, 0x00000000e9e00000| Untracked 
| 159|0x00000000e9f00000, 0x00000000e9f00000, 0x00000000ea000000|  0%| F|  |TAMS 0x00000000e9f00000, 0x00000000e9f00000| Untracked 
| 160|0x00000000ea000000, 0x00000000ea100000, 0x00000000ea100000|100%| O|  |TAMS 0x00000000ea100000, 0x00000000ea000000| Untracked 
| 161|0x00000000ea100000, 0x00000000ea200000, 0x00000000ea200000|100%| O|  |TAMS 0x00000000ea200000, 0x00000000ea100000| Untracked 
| 162|0x00000000ea200000, 0x00000000ea200000, 0x00000000ea300000|  0%| F|  |TAMS 0x00000000ea200000, 0x00000000ea200000| Untracked 
| 163|0x00000000ea300000, 0x00000000ea400000, 0x00000000ea400000|100%| O|  |TAMS 0x00000000ea400000, 0x00000000ea300000| Untracked 
| 164|0x00000000ea400000, 0x00000000ea400000, 0x00000000ea500000|  0%| F|  |TAMS 0x00000000ea400000, 0x00000000ea400000| Untracked 
| 165|0x00000000ea500000, 0x00000000ea600000, 0x00000000ea600000|100%| O|  |TAMS 0x00000000ea600000, 0x00000000ea500000| Untracked 
| 166|0x00000000ea600000, 0x00000000ea600000, 0x00000000ea700000|  0%| F|  |TAMS 0x00000000ea600000, 0x00000000ea600000| Untracked 
| 167|0x00000000ea700000, 0x00000000ea700000, 0x00000000ea800000|  0%| F|  |TAMS 0x00000000ea700000, 0x00000000ea700000| Untracked 
| 168|0x00000000ea800000, 0x00000000ea800000, 0x00000000ea900000|  0%| F|  |TAMS 0x00000000ea800000, 0x00000000ea800000| Untracked 
| 169|0x00000000ea900000, 0x00000000ea900000, 0x00000000eaa00000|  0%| F|  |TAMS 0x00000000ea900000, 0x00000000ea900000| Untracked 
| 170|0x00000000eaa00000, 0x00000000eaa00000, 0x00000000eab00000|  0%| F|  |TAMS 0x00000000eaa00000, 0x00000000eaa00000| Untracked 
| 171|0x00000000eab00000, 0x00000000eab00000, 0x00000000eac00000|  0%| F|  |TAMS 0x00000000eab00000, 0x00000000eab00000| Untracked 
| 172|0x00000000eac00000, 0x00000000eac00000, 0x00000000ead00000|  0%| F|  |TAMS 0x00000000eac00000, 0x00000000eac00000| Untracked 
| 173|0x00000000ead00000, 0x00000000ead00000, 0x00000000eae00000|  0%| F|  |TAMS 0x00000000ead00000, 0x00000000ead00000| Untracked 
| 174|0x00000000eae00000, 0x00000000eae00000, 0x00000000eaf00000|  0%| F|  |TAMS 0x00000000eae00000, 0x00000000eae00000| Untracked 
| 175|0x00000000eaf00000, 0x00000000eaf00000, 0x00000000eb000000|  0%| F|  |TAMS 0x00000000eaf00000, 0x00000000eaf00000| Untracked 
| 176|0x00000000eb000000, 0x00000000eb000000, 0x00000000eb100000|  0%| F|  |TAMS 0x00000000eb000000, 0x00000000eb000000| Untracked 
| 177|0x00000000eb100000, 0x00000000eb100000, 0x00000000eb200000|  0%| F|  |TAMS 0x00000000eb100000, 0x00000000eb100000| Untracked 
| 178|0x00000000eb200000, 0x00000000eb200000, 0x00000000eb300000|  0%| F|  |TAMS 0x00000000eb200000, 0x00000000eb200000| Untracked 
| 179|0x00000000eb300000, 0x00000000eb300000, 0x00000000eb400000|  0%| F|  |TAMS 0x00000000eb300000, 0x00000000eb300000| Untracked 
| 180|0x00000000eb400000, 0x00000000eb400000, 0x00000000eb500000|  0%| F|  |TAMS 0x00000000eb400000, 0x00000000eb400000| Untracked 
| 181|0x00000000eb500000, 0x00000000eb500000, 0x00000000eb600000|  0%| F|  |TAMS 0x00000000eb500000, 0x00000000eb500000| Untracked 
| 182|0x00000000eb600000, 0x00000000eb600000, 0x00000000eb700000|  0%| F|  |TAMS 0x00000000eb600000, 0x00000000eb600000| Untracked 
| 183|0x00000000eb700000, 0x00000000eb700000, 0x00000000eb800000|  0%| F|  |TAMS 0x00000000eb700000, 0x00000000eb700000| Untracked 
| 184|0x00000000eb800000, 0x00000000eb800000, 0x00000000eb900000|  0%| F|  |TAMS 0x00000000eb800000, 0x00000000eb800000| Untracked 
| 185|0x00000000eb900000, 0x00000000eb900000, 0x00000000eba00000|  0%| F|  |TAMS 0x00000000eb900000, 0x00000000eb900000| Untracked 
| 186|0x00000000eba00000, 0x00000000eba00000, 0x00000000ebb00000|  0%| F|  |TAMS 0x00000000eba00000, 0x00000000eba00000| Untracked 
| 187|0x00000000ebb00000, 0x00000000ebb00000, 0x00000000ebc00000|  0%| F|  |TAMS 0x00000000ebb00000, 0x00000000ebb00000| Untracked 
| 188|0x00000000ebc00000, 0x00000000ebc00000, 0x00000000ebd00000|  0%| F|  |TAMS 0x00000000ebc00000, 0x00000000ebc00000| Untracked 
| 189|0x00000000ebd00000, 0x00000000ebd00000, 0x00000000ebe00000|  0%| F|  |TAMS 0x00000000ebd00000, 0x00000000ebd00000| Untracked 
| 190|0x00000000ebe00000, 0x00000000ebe00000, 0x00000000ebf00000|  0%| F|  |TAMS 0x00000000ebe00000, 0x00000000ebe00000| Untracked 
| 191|0x00000000ebf00000, 0x00000000ebf00000, 0x00000000ec000000|  0%| F|  |TAMS 0x00000000ebf00000, 0x00000000ebf00000| Untracked 
| 192|0x00000000ec000000, 0x00000000ec000000, 0x00000000ec100000|  0%| F|  |TAMS 0x00000000ec000000, 0x00000000ec000000| Untracked 
| 193|0x00000000ec100000, 0x00000000ec100000, 0x00000000ec200000|  0%| F|  |TAMS 0x00000000ec100000, 0x00000000ec100000| Untracked 
| 194|0x00000000ec200000, 0x00000000ec200000, 0x00000000ec300000|  0%| F|  |TAMS 0x00000000ec200000, 0x00000000ec200000| Untracked 
| 195|0x00000000ec300000, 0x00000000ec300000, 0x00000000ec400000|  0%| F|  |TAMS 0x00000000ec300000, 0x00000000ec300000| Untracked 
| 196|0x00000000ec400000, 0x00000000ec400000, 0x00000000ec500000|  0%| F|  |TAMS 0x00000000ec400000, 0x00000000ec400000| Untracked 
| 197|0x00000000ec500000, 0x00000000ec500000, 0x00000000ec600000|  0%| F|  |TAMS 0x00000000ec500000, 0x00000000ec500000| Untracked 
| 198|0x00000000ec600000, 0x00000000ec600000, 0x00000000ec700000|  0%| F|  |TAMS 0x00000000ec600000, 0x00000000ec600000| Untracked 
| 199|0x00000000ec700000, 0x00000000ec700000, 0x00000000ec800000|  0%| F|  |TAMS 0x00000000ec700000, 0x00000000ec700000| Untracked 
| 200|0x00000000ec800000, 0x00000000ec800000, 0x00000000ec900000|  0%| F|  |TAMS 0x00000000ec800000, 0x00000000ec800000| Untracked 
| 201|0x00000000ec900000, 0x00000000ec900000, 0x00000000eca00000|  0%| F|  |TAMS 0x00000000ec900000, 0x00000000ec900000| Untracked 
| 202|0x00000000eca00000, 0x00000000eca00000, 0x00000000ecb00000|  0%| F|  |TAMS 0x00000000eca00000, 0x00000000eca00000| Untracked 
| 203|0x00000000ecb00000, 0x00000000ecb00000, 0x00000000ecc00000|  0%| F|  |TAMS 0x00000000ecb00000, 0x00000000ecb00000| Untracked 
| 204|0x00000000ecc00000, 0x00000000ecc80800, 0x00000000ecd00000| 50%| E|  |TAMS 0x00000000ecc00000, 0x00000000ecc00000| Complete 
| 205|0x00000000ecd00000, 0x00000000ece00000, 0x00000000ece00000|100%| E|CS|TAMS 0x00000000ecd00000, 0x00000000ecd00000| Complete 
| 206|0x00000000ece00000, 0x00000000ecf00000, 0x00000000ecf00000|100%| E|CS|TAMS 0x00000000ece00000, 0x00000000ece00000| Complete 
| 207|0x00000000ecf00000, 0x00000000ed000000, 0x00000000ed000000|100%| E|CS|TAMS 0x00000000ecf00000, 0x00000000ecf00000| Complete 
| 208|0x00000000ed000000, 0x00000000ed100000, 0x00000000ed100000|100%| E|CS|TAMS 0x00000000ed000000, 0x00000000ed000000| Complete 
| 209|0x00000000ed100000, 0x00000000ed200000, 0x00000000ed200000|100%| E|CS|TAMS 0x00000000ed100000, 0x00000000ed100000| Complete 
| 210|0x00000000ed200000, 0x00000000ed300000, 0x00000000ed300000|100%| E|CS|TAMS 0x00000000ed200000, 0x00000000ed200000| Complete 
| 211|0x00000000ed300000, 0x00000000ed400000, 0x00000000ed400000|100%| E|CS|TAMS 0x00000000ed300000, 0x00000000ed300000| Complete 
| 212|0x00000000ed400000, 0x00000000ed500000, 0x00000000ed500000|100%| E|CS|TAMS 0x00000000ed400000, 0x00000000ed400000| Complete 
| 213|0x00000000ed500000, 0x00000000ed600000, 0x00000000ed600000|100%| E|CS|TAMS 0x00000000ed500000, 0x00000000ed500000| Complete 
| 214|0x00000000ed600000, 0x00000000ed700000, 0x00000000ed700000|100%| E|CS|TAMS 0x00000000ed600000, 0x00000000ed600000| Complete 
| 215|0x00000000ed700000, 0x00000000ed800000, 0x00000000ed800000|100%| E|CS|TAMS 0x00000000ed700000, 0x00000000ed700000| Complete 
| 216|0x00000000ed800000, 0x00000000ed900000, 0x00000000ed900000|100%| E|CS|TAMS 0x00000000ed800000, 0x00000000ed800000| Complete 
| 217|0x00000000ed900000, 0x00000000eda00000, 0x00000000eda00000|100%| E|CS|TAMS 0x00000000ed900000, 0x00000000ed900000| Complete 
| 218|0x00000000eda00000, 0x00000000edb00000, 0x00000000edb00000|100%| E|CS|TAMS 0x00000000eda00000, 0x00000000eda00000| Complete 
| 219|0x00000000edb00000, 0x00000000edc00000, 0x00000000edc00000|100%| E|CS|TAMS 0x00000000edb00000, 0x00000000edb00000| Complete 
| 220|0x00000000edc00000, 0x00000000edd00000, 0x00000000edd00000|100%| E|CS|TAMS 0x00000000edc00000, 0x00000000edc00000| Complete 
| 221|0x00000000edd00000, 0x00000000ede00000, 0x00000000ede00000|100%| E|CS|TAMS 0x00000000edd00000, 0x00000000edd00000| Complete 
| 222|0x00000000ede00000, 0x00000000edf00000, 0x00000000edf00000|100%| E|CS|TAMS 0x00000000ede00000, 0x00000000ede00000| Complete 
| 223|0x00000000edf00000, 0x00000000ee000000, 0x00000000ee000000|100%| E|CS|TAMS 0x00000000edf00000, 0x00000000edf00000| Complete 
| 224|0x00000000ee000000, 0x00000000ee100000, 0x00000000ee100000|100%| E|CS|TAMS 0x00000000ee000000, 0x00000000ee000000| Complete 
| 225|0x00000000ee100000, 0x00000000ee200000, 0x00000000ee200000|100%| E|CS|TAMS 0x00000000ee100000, 0x00000000ee100000| Complete 
| 226|0x00000000ee200000, 0x00000000ee300000, 0x00000000ee300000|100%| E|CS|TAMS 0x00000000ee200000, 0x00000000ee200000| Complete 
| 227|0x00000000ee300000, 0x00000000ee400000, 0x00000000ee400000|100%| E|CS|TAMS 0x00000000ee300000, 0x00000000ee300000| Complete 
| 228|0x00000000ee400000, 0x00000000ee500000, 0x00000000ee500000|100%| E|CS|TAMS 0x00000000ee400000, 0x00000000ee400000| Complete 
| 229|0x00000000ee500000, 0x00000000ee600000, 0x00000000ee600000|100%| E|CS|TAMS 0x00000000ee500000, 0x00000000ee500000| Complete 
| 230|0x00000000ee600000, 0x00000000ee700000, 0x00000000ee700000|100%| E|CS|TAMS 0x00000000ee600000, 0x00000000ee600000| Complete 
| 231|0x00000000ee700000, 0x00000000ee800000, 0x00000000ee800000|100%| E|CS|TAMS 0x00000000ee700000, 0x00000000ee700000| Complete 
| 232|0x00000000ee800000, 0x00000000ee900000, 0x00000000ee900000|100%| E|CS|TAMS 0x00000000ee800000, 0x00000000ee800000| Complete 
| 233|0x00000000ee900000, 0x00000000eea00000, 0x00000000eea00000|100%| E|CS|TAMS 0x00000000ee900000, 0x00000000ee900000| Complete 
| 234|0x00000000eea00000, 0x00000000eeb00000, 0x00000000eeb00000|100%| E|CS|TAMS 0x00000000eea00000, 0x00000000eea00000| Complete 
| 235|0x00000000eeb00000, 0x00000000eec00000, 0x00000000eec00000|100%| E|  |TAMS 0x00000000eeb00000, 0x00000000eeb00000| Complete 
| 236|0x00000000eec00000, 0x00000000eed00000, 0x00000000eed00000|100%| E|CS|TAMS 0x00000000eec00000, 0x00000000eec00000| Complete 
| 237|0x00000000eed00000, 0x00000000eee00000, 0x00000000eee00000|100%| E|CS|TAMS 0x00000000eed00000, 0x00000000eed00000| Complete 
| 238|0x00000000eee00000, 0x00000000eef00000, 0x00000000eef00000|100%| E|CS|TAMS 0x00000000eee00000, 0x00000000eee00000| Complete 
| 239|0x00000000eef00000, 0x00000000ef000000, 0x00000000ef000000|100%| E|CS|TAMS 0x00000000eef00000, 0x00000000eef00000| Complete 
| 240|0x00000000ef000000, 0x00000000ef100000, 0x00000000ef100000|100%| E|CS|TAMS 0x00000000ef000000, 0x00000000ef000000| Complete 
| 241|0x00000000ef100000, 0x00000000ef200000, 0x00000000ef200000|100%| E|CS|TAMS 0x00000000ef100000, 0x00000000ef100000| Complete 
| 242|0x00000000ef200000, 0x00000000ef300000, 0x00000000ef300000|100%| E|CS|TAMS 0x00000000ef200000, 0x00000000ef200000| Complete 
| 243|0x00000000ef300000, 0x00000000ef400000, 0x00000000ef400000|100%| E|CS|TAMS 0x00000000ef300000, 0x00000000ef300000| Complete 
| 244|0x00000000ef400000, 0x00000000ef500000, 0x00000000ef500000|100%| E|CS|TAMS 0x00000000ef400000, 0x00000000ef400000| Complete 
| 245|0x00000000ef500000, 0x00000000ef600000, 0x00000000ef600000|100%| E|CS|TAMS 0x00000000ef500000, 0x00000000ef500000| Complete 
| 246|0x00000000ef600000, 0x00000000ef700000, 0x00000000ef700000|100%| E|CS|TAMS 0x00000000ef600000, 0x00000000ef600000| Complete 
| 247|0x00000000ef700000, 0x00000000ef800000, 0x00000000ef800000|100%| E|CS|TAMS 0x00000000ef700000, 0x00000000ef700000| Complete 
| 248|0x00000000ef800000, 0x00000000ef900000, 0x00000000ef900000|100%| E|CS|TAMS 0x00000000ef800000, 0x00000000ef800000| Complete 
| 249|0x00000000ef900000, 0x00000000efa00000, 0x00000000efa00000|100%| E|CS|TAMS 0x00000000ef900000, 0x00000000ef900000| Complete 
| 250|0x00000000efa00000, 0x00000000efb00000, 0x00000000efb00000|100%| E|CS|TAMS 0x00000000efa00000, 0x00000000efa00000| Complete 
| 251|0x00000000efb00000, 0x00000000efc00000, 0x00000000efc00000|100%| E|CS|TAMS 0x00000000efb00000, 0x00000000efb00000| Complete 
| 252|0x00000000efc00000, 0x00000000efd00000, 0x00000000efd00000|100%| E|CS|TAMS 0x00000000efc00000, 0x00000000efc00000| Complete 
| 253|0x00000000efd00000, 0x00000000efdf46a0, 0x00000000efe00000| 95%| S|CS|TAMS 0x00000000efd00000, 0x00000000efd00000| Complete 
| 254|0x00000000efe00000, 0x00000000eff00000, 0x00000000eff00000|100%| S|CS|TAMS 0x00000000efe00000, 0x00000000efe00000| Complete 
| 255|0x00000000eff00000, 0x00000000f0000000, 0x00000000f0000000|100%| E|CS|TAMS 0x00000000eff00000, 0x00000000eff00000| Complete 

Card table byte_map: [0x00000226c2ba0000,0x00000226c2ca0000] _byte_map_base: 0x00000226c24a0000

Marking Bits (Prev, Next): (CMBitMap*) 0x00000226b00c5bf0, (CMBitMap*) 0x00000226b00c5bb8
 Prev Bits: [0x00000226c35a0000, 0x00000226c3da0000)
 Next Bits: [0x00000226c2da0000, 0x00000226c35a0000)

Polling page: 0x00000226adec0000

Metaspace:

Usage:
  Non-class:    112.66 MB capacity,   109.90 MB ( 98%) used,     2.28 MB (  2%) free+waste,   484.88 KB ( <1%) overhead. 
      Class:     16.52 MB capacity,    15.04 MB ( 91%) used,     1.28 MB (  8%) free+waste,   209.38 KB (  1%) overhead. 
       Both:    129.18 MB capacity,   124.94 MB ( 97%) used,     3.55 MB (  3%) free+waste,   694.25 KB ( <1%) overhead. 

Virtual space:
  Non-class space:      114.00 MB reserved,     112.67 MB ( 99%) committed 
      Class space:      248.00 MB reserved,      16.63 MB (  7%) committed 
             Both:      362.00 MB reserved,     129.29 MB ( 36%) committed 

Chunk freelists:
   Non-Class:  13.00 KB
       Class:  11.00 KB
        Both:  24.00 KB

MaxMetaspaceSize: 256.00 MB
CompressedClassSpaceSize: 248.00 MB

CodeHeap 'non-profiled nmethods': size=120064Kb used=30080Kb max_used=30080Kb free=89983Kb
 bounds [0x00000226bb660000, 0x00000226bd3d0000, 0x00000226c2ba0000]
CodeHeap 'profiled nmethods': size=120000Kb used=51718Kb max_used=51718Kb free=68282Kb
 bounds [0x00000226b4130000, 0x00000226b7410000, 0x00000226bb660000]
CodeHeap 'non-nmethods': size=5696Kb used=2345Kb max_used=2455Kb free=3350Kb
 bounds [0x00000226b3ba0000, 0x00000226b3e20000, 0x00000226b4130000]
 total_blobs=25355 nmethods=24387 adapters=877
 compilation: enabled
              stopped_count=0, restarted_count=0
 full_count=0

Compilation events (20 events):
Event: 6332.578 Thread 0x00000226ca530800 34561       4       org.antlr.v4.runtime.atn.ATNConfig::<init> (37 bytes)
Event: 6332.580 Thread 0x00000226ca530800 nmethod 34561 0x00000226bd3bdb90 code [0x00000226bd3bdd20, 0x00000226bd3bdff8]
Event: 6332.580 Thread 0x00000226ca530800 34573       4       org.antlr.v4.runtime.atn.SemanticContext$Predicate::hashCode (47 bytes)
Event: 6332.581 Thread 0x00000226ca530800 nmethod 34573 0x00000226bd3be090 code [0x00000226bd3be220, 0x00000226bd3be358]
Event: 6332.581 Thread 0x00000226ca530800 34612       4       org.antlr.v4.runtime.atn.ATNConfigSet$ConfigEqualityComparator::hashCode (41 bytes)
Event: 6332.582 Thread 0x00000226ca530800 nmethod 34612 0x00000226bd3be410 code [0x00000226bd3be5c0, 0x00000226bd3be778]
Event: 6332.582 Thread 0x00000226ca530800 34611       4       org.antlr.v4.runtime.atn.ATNConfigSet$ConfigEqualityComparator::hashCode (9 bytes)
Event: 6332.584 Thread 0x00000226ca530800 nmethod 34611 0x00000226bd3be890 code [0x00000226bd3bea40, 0x00000226bd3bec18]
Event: 6332.584 Thread 0x00000226ca530800 34602       4       org.antlr.v4.runtime.atn.SingletonPredictionContext::equals (72 bytes)
Event: 6332.585 Thread 0x00000226ca530800 nmethod 34602 0x00000226bd3bed90 code [0x00000226bd3bef40, 0x00000226bd3bf058]
Event: 6332.585 Thread 0x00000226ca530800 34629       4       org.antlr.v4.runtime.atn.PredictionMode$AltAndContextConfigEqualityComparator::hashCode (9 bytes)
Event: 6332.586 Thread 0x00000226ca530800 nmethod 34629 0x00000226bd3bf190 code [0x00000226bd3bf320, 0x00000226bd3bf478]
Event: 6332.586 Thread 0x00000226ca530800 34626       4       org.antlr.v4.runtime.atn.ATNConfig::hashCode (53 bytes)
Event: 6332.587 Thread 0x00000226ca530800 nmethod 34626 0x00000226bd3bf590 code [0x00000226bd3bf720, 0x00000226bd3bf918]
Event: 6332.587 Thread 0x00000226ca530800 34661       4       java.lang.String::indexOf (18 bytes)
Event: 6332.590 Thread 0x00000226ca530800 nmethod 34661 0x00000226bd3bfa10 code [0x00000226bd3bfbc0, 0x00000226bd3c02b8]
Event: 6332.590 Thread 0x00000226ca530800 34647       4       org.antlr.v4.runtime.atn.ATNConfigSet$AbstractConfigHashSet::createBucket (6 bytes)
Event: 6332.591 Thread 0x00000226ca530800 nmethod 34647 0x00000226bd3c0510 code [0x00000226bd3c06a0, 0x00000226bd3c07d8]
Event: 6332.591 Thread 0x00000226ca530800 34649       4       org.antlr.v4.runtime.atn.ATNConfigSet::add (142 bytes)
Event: 6332.684 Thread 0x00000226ca530800 nmethod 34649 0x00000226bd3c0890 code [0x00000226bd3c0c00, 0x00000226bd3c42f8]

GC Heap History (20 events):
Event: 6048.057 GC heap before
{Heap before GC invocations=312 (full 0):
 garbage-first heap   total 262144K, used 113138K [0x00000000e0000000, 0x0000000100000000)
  region size 1024K, 12 young (12288K), 8 survivors (8192K)
 Metaspace       used 121632K, capacity 125917K, committed 131756K, reserved 370688K
  class space    used 14727K, capacity 16230K, committed 16896K, reserved 253952K
}
Event: 6048.075 GC heap after
{Heap after GC invocations=313 (full 0):
 garbage-first heap   total 262144K, used 101789K [0x00000000e0000000, 0x0000000100000000)
  region size 1024K, 2 young (2048K), 2 survivors (2048K)
 Metaspace       used 121632K, capacity 125917K, committed 131756K, reserved 370688K
  class space    used 14727K, capacity 16230K, committed 16896K, reserved 253952K
}
Event: 6048.337 GC heap before
{Heap before GC invocations=313 (full 0):
 garbage-first heap   total 262144K, used 117149K [0x00000000e0000000, 0x0000000100000000)
  region size 1024K, 19 young (19456K), 2 survivors (2048K)
 Metaspace       used 121649K, capacity 125923K, committed 131756K, reserved 370688K
  class space    used 14728K, capacity 16231K, committed 16896K, reserved 253952K
}
Event: 6048.345 GC heap after
{Heap after GC invocations=314 (full 0):
 garbage-first heap   total 262144K, used 103166K [0x00000000e0000000, 0x0000000100000000)
  region size 1024K, 3 young (3072K), 3 survivors (3072K)
 Metaspace       used 121649K, capacity 125923K, committed 131756K, reserved 370688K
  class space    used 14728K, capacity 16231K, committed 16896K, reserved 253952K
}
Event: 6149.284 GC heap before
{Heap before GC invocations=315 (full 0):
 garbage-first heap   total 262144K, used 223998K [0x00000000e0000000, 0x0000000100000000)
  region size 1024K, 106 young (108544K), 3 survivors (3072K)
 Metaspace       used 121749K, capacity 125998K, committed 131756K, reserved 370688K
  class space    used 14729K, capacity 16233K, committed 16896K, reserved 253952K
}
Event: 6149.302 GC heap after
{Heap after GC invocations=316 (full 0):
 garbage-first heap   total 262144K, used 117734K [0x00000000e0000000, 0x0000000100000000)
  region size 1024K, 14 young (14336K), 14 survivors (14336K)
 Metaspace       used 121749K, capacity 125998K, committed 131756K, reserved 370688K
  class space    used 14729K, capacity 16233K, committed 16896K, reserved 253952K
}
Event: 6149.314 GC heap before
{Heap before GC invocations=316 (full 0):
 garbage-first heap   total 262144K, used 118758K [0x00000000e0000000, 0x0000000100000000)
  region size 1024K, 15 young (15360K), 14 survivors (14336K)
 Metaspace       used 121750K, capacity 125998K, committed 131756K, reserved 370688K
  class space    used 14729K, capacity 16233K, committed 16896K, reserved 253952K
}
Event: 6149.333 GC heap after
{Heap after GC invocations=317 (full 0):
 garbage-first heap   total 262144K, used 118295K [0x00000000e0000000, 0x0000000100000000)
  region size 1024K, 2 young (2048K), 2 survivors (2048K)
 Metaspace       used 121750K, capacity 125998K, committed 131756K, reserved 370688K
  class space    used 14729K, capacity 16233K, committed 16896K, reserved 253952K
}
Event: 6149.576 GC heap before
{Heap before GC invocations=317 (full 0):
 garbage-first heap   total 262144K, used 123415K [0x00000000e0000000, 0x0000000100000000)
  region size 1024K, 8 young (8192K), 2 survivors (2048K)
 Metaspace       used 121758K, capacity 126062K, committed 131756K, reserved 370688K
  class space    used 14729K, capacity 16233K, committed 16896K, reserved 253952K
}
Event: 6149.582 GC heap after
{Heap after GC invocations=318 (full 0):
 garbage-first heap   total 262144K, used 116823K [0x00000000e0000000, 0x0000000100000000)
  region size 1024K, 1 young (1024K), 1 survivors (1024K)
 Metaspace       used 121758K, capacity 126062K, committed 131756K, reserved 370688K
  class space    used 14729K, capacity 16233K, committed 16896K, reserved 253952K
}
Event: 6151.562 GC heap before
{Heap before GC invocations=319 (full 0):
 garbage-first heap   total 262144K, used 234583K [0x00000000e0000000, 0x0000000100000000)
  region size 1024K, 93 young (95232K), 1 survivors (1024K)
 Metaspace       used 121777K, capacity 126068K, committed 131756K, reserved 370688K
  class space    used 14730K, capacity 16235K, committed 16896K, reserved 253952K
}
Event: 6151.570 GC heap after
{Heap after GC invocations=320 (full 0):
 garbage-first heap   total 262144K, used 121006K [0x00000000e0000000, 0x0000000100000000)
  region size 1024K, 5 young (5120K), 5 survivors (5120K)
 Metaspace       used 121777K, capacity 126068K, committed 131756K, reserved 370688K
  class space    used 14730K, capacity 16235K, committed 16896K, reserved 253952K
}
Event: 6319.682 GC heap before
{Heap before GC invocations=320 (full 0):
 garbage-first heap   total 262144K, used 127150K [0x00000000e0000000, 0x0000000100000000)
  region size 1024K, 12 young (12288K), 5 survivors (5120K)
 Metaspace       used 121802K, capacity 126074K, committed 131756K, reserved 370688K
  class space    used 14730K, capacity 16236K, committed 16896K, reserved 253952K
}
Event: 6319.705 GC heap after
{Heap after GC invocations=321 (full 0):
 garbage-first heap   total 262144K, used 109106K [0x00000000e0000000, 0x0000000100000000)
  region size 1024K, 1 young (1024K), 1 survivors (1024K)
 Metaspace       used 121802K, capacity 126074K, committed 131756K, reserved 370688K
  class space    used 14730K, capacity 16236K, committed 16896K, reserved 253952K
}
Event: 6328.943 GC heap before
{Heap before GC invocations=321 (full 0):
 garbage-first heap   total 262144K, used 208434K [0x00000000e0000000, 0x0000000100000000)
  region size 1024K, 99 young (101376K), 1 survivors (1024K)
 Metaspace       used 121934K, capacity 126212K, committed 131756K, reserved 370688K
  class space    used 14732K, capacity 16237K, committed 16896K, reserved 253952K
}
Event: 6328.960 GC heap after
{Heap after GC invocations=322 (full 0):
 garbage-first heap   total 262144K, used 115501K [0x00000000e0000000, 0x0000000100000000)
  region size 1024K, 8 young (8192K), 8 survivors (8192K)
 Metaspace       used 121934K, capacity 126212K, committed 131756K, reserved 370688K
  class space    used 14732K, capacity 16237K, committed 16896K, reserved 253952K
}
Event: 6329.576 GC heap before
{Heap before GC invocations=323 (full 0):
 garbage-first heap   total 262144K, used 219949K [0x00000000e0000000, 0x0000000100000000)
  region size 1024K, 102 young (104448K), 8 survivors (8192K)
 Metaspace       used 122271K, capacity 126580K, committed 131756K, reserved 370688K
  class space    used 14772K, capacity 16277K, committed 16896K, reserved 253952K
}
Event: 6329.608 GC heap after
{Heap after GC invocations=324 (full 0):
 garbage-first heap   total 262144K, used 144988K [0x00000000e0000000, 0x0000000100000000)
  region size 1024K, 13 young (13312K), 13 survivors (13312K)
 Metaspace       used 122271K, capacity 126580K, committed 131756K, reserved 370688K
  class space    used 14772K, capacity 16277K, committed 16896K, reserved 253952K
}
Event: 6329.609 GC heap before
{Heap before GC invocations=324 (full 0):
 garbage-first heap   total 262144K, used 146012K [0x00000000e0000000, 0x0000000100000000)
  region size 1024K, 14 young (14336K), 13 survivors (13312K)
 Metaspace       used 122271K, capacity 126580K, committed 131756K, reserved 370688K
  class space    used 14772K, capacity 16277K, committed 16896K, reserved 253952K
}
Event: 6329.634 GC heap after
{Heap after GC invocations=325 (full 0):
 garbage-first heap   total 262144K, used 137169K [0x00000000e0000000, 0x0000000100000000)
  region size 1024K, 2 young (2048K), 2 survivors (2048K)
 Metaspace       used 122271K, capacity 126580K, committed 131756K, reserved 370688K
  class space    used 14772K, capacity 16277K, committed 16896K, reserved 253952K
}

Deoptimization events (20 events):
Event: 6319.784 Thread 0x00000226ce315800 DEOPT PACKING pc=0x00000226bd33b7d8 sp=0x0000005605bfa020
Event: 6319.784 Thread 0x00000226ce315800 DEOPT UNPACKING pc=0x00000226b3bc65af sp=0x0000005605bf9fb0 mode 2
Event: 6325.295 Thread 0x00000226c6e33800 Uncommon trap: trap_request=0xffffff4d fr.pc=0x00000226bbbe8290 relative=0x0000000000000150
Event: 6325.295 Thread 0x00000226c6e33800 Uncommon trap: reason=unstable_if action=reinterpret pc=0x00000226bbbe8290 method=it.unimi.dsi.fastutil.ints.IntOpenHashSet.add(I)Z @ 98 c2
Event: 6325.295 Thread 0x00000226c6e33800 DEOPT PACKING pc=0x00000226bbbe8290 sp=0x000000560caf9840
Event: 6325.295 Thread 0x00000226c6e33800 DEOPT UNPACKING pc=0x00000226b3bc65af sp=0x000000560caf97d0 mode 2
Event: 6329.131 Thread 0x00000226c6e8e800 Uncommon trap: trap_request=0xffffff6e fr.pc=0x00000226bd3894ec relative=0x000000000000052c
Event: 6329.131 Thread 0x00000226c6e8e800 Uncommon trap: reason=speculate_class_check action=maybe_recompile pc=0x00000226bd3894ec method=jdk.internal.ref.PhantomCleanable.clean()V @ 12 c2
Event: 6329.131 Thread 0x00000226c6e8e800 DEOPT PACKING pc=0x00000226bd3894ec sp=0x00000056059ff220
Event: 6329.131 Thread 0x00000226c6e8e800 DEOPT UNPACKING pc=0x00000226b3bc65af sp=0x00000056059ff200 mode 2
Event: 6330.151 Thread 0x00000226c6e33800 DEOPT PACKING pc=0x00000226b64b75de sp=0x000000560caf8f60
Event: 6330.151 Thread 0x00000226c6e33800 DEOPT UNPACKING pc=0x00000226b3bc6d5e sp=0x000000560caf8468 mode 0
Event: 6330.158 Thread 0x00000226c6e33800 Uncommon trap: trap_request=0xffffff4d fr.pc=0x00000226bd391ac8 relative=0x0000000000000768
Event: 6330.158 Thread 0x00000226c6e33800 Uncommon trap: reason=unstable_if action=reinterpret pc=0x00000226bd391ac8 method=org.sqlite.SQLiteJDBCLoader.contentsEquals(Ljava/io/InputStream;Ljava/io/InputStream;)Z @ 39 c2
Event: 6330.158 Thread 0x00000226c6e33800 DEOPT PACKING pc=0x00000226bd391ac8 sp=0x000000560caf8f90
Event: 6330.158 Thread 0x00000226c6e33800 DEOPT UNPACKING pc=0x00000226b3bc65af sp=0x000000560caf8f68 mode 2
Event: 6332.091 Thread 0x00000226c6e33800 Uncommon trap: trap_request=0xffffff4d fr.pc=0x00000226bd395f18 relative=0x0000000000000678
Event: 6332.091 Thread 0x00000226c6e33800 Uncommon trap: reason=unstable_if action=reinterpret pc=0x00000226bd395f18 method=org.antlr.v4.runtime.atn.ParserATNSimulator.getEpsilonTarget(Lorg/antlr/v4/runtime/atn/ATNConfig;Lorg/antlr/v4/runtime/atn/Transition;ZZZZ)Lorg/antlr/v4/runtime/atn/ATNConfi
Event: 6332.091 Thread 0x00000226c6e33800 DEOPT PACKING pc=0x00000226bd395f18 sp=0x000000560caf8090
Event: 6332.091 Thread 0x00000226c6e33800 DEOPT UNPACKING pc=0x00000226b3bc65af sp=0x000000560caf8038 mode 2

Classes redefined (0 events):
No events

Internal exceptions (20 events):
Event: 6042.970 Thread 0x00000226ccaf7000 Exception <a 'java/lang/NoSuchMethodError'{0x00000000ec839280}: <clinit>> (0x00000000ec839280) thrown at [./src/hotspot/share/prims/jni.cpp, line 1362]
Event: 6042.971 Thread 0x00000226ccaf7000 Exception <a 'java/lang/NoSuchMethodError'{0x00000000ec850448}: <clinit>> (0x00000000ec850448) thrown at [./src/hotspot/share/prims/jni.cpp, line 1362]
Event: 6042.987 Thread 0x00000226c8e8c000 Exception <a 'java/lang/NoSuchMethodError'{0x00000000ec777ad0}: <clinit>> (0x00000000ec777ad0) thrown at [./src/hotspot/share/prims/jni.cpp, line 1362]
Event: 6042.988 Thread 0x00000226c8e8c000 Exception <a 'java/lang/NoSuchMethodError'{0x00000000ec783480}: <clinit>> (0x00000000ec783480) thrown at [./src/hotspot/share/prims/jni.cpp, line 1362]
Event: 6042.991 Thread 0x00000226c8e8c000 Exception <a 'java/lang/NoSuchMethodError'{0x00000000ec6198b8}: <clinit>> (0x00000000ec6198b8) thrown at [./src/hotspot/share/prims/jni.cpp, line 1362]
Event: 6042.991 Thread 0x00000226c8e8c000 Exception <a 'java/lang/NoSuchMethodError'{0x00000000ec61c2f0}: <clinit>> (0x00000000ec61c2f0) thrown at [./src/hotspot/share/prims/jni.cpp, line 1362]
Event: 6042.991 Thread 0x00000226c8e8c000 Exception <a 'java/lang/NoSuchMethodError'{0x00000000ec61d8f8}: <clinit>> (0x00000000ec61d8f8) thrown at [./src/hotspot/share/prims/jni.cpp, line 1362]
Event: 6042.991 Thread 0x00000226c8e8c000 Exception <a 'java/lang/NoSuchMethodError'{0x00000000ec61ee90}: <clinit>> (0x00000000ec61ee90) thrown at [./src/hotspot/share/prims/jni.cpp, line 1362]
Event: 6042.991 Thread 0x00000226c8e8c000 Exception <a 'java/lang/NoSuchMethodError'{0x00000000ec6205f0}: <clinit>> (0x00000000ec6205f0) thrown at [./src/hotspot/share/prims/jni.cpp, line 1362]
Event: 6042.991 Thread 0x00000226c8e8c000 Exception <a 'java/lang/NoSuchMethodError'{0x00000000ec6219e0}: <clinit>> (0x00000000ec6219e0) thrown at [./src/hotspot/share/prims/jni.cpp, line 1362]
Event: 6042.991 Thread 0x00000226c8e8c000 Exception <a 'java/lang/NoSuchMethodError'{0x00000000ec622c70}: <clinit>> (0x00000000ec622c70) thrown at [./src/hotspot/share/prims/jni.cpp, line 1362]
Event: 6043.019 Thread 0x00000226c8e8c000 Exception <a 'java/lang/NoSuchMethodError'{0x00000000ec4b3af8}: 'java.lang.Object java.lang.invoke.DelegatingMethodHandle$Holder.reinvoke_L(java.lang.Object, java.lang.Object, java.lang.Object, java.lang.Object, java.lang.Object, java.lang.Object, java.lang.Object, java.lang.Object, java.lang.Object, java.lang.Object, java.lang.Object, java.lang.Object, java.lang.Object, java.lang.Object, java.lang.Object, java.lang.Object, java.lang.Object, java.lang.Object, java.lang.Object)'> (0x00000000ec4b3af8) thrown
Event: 6043.022 Thread 0x00000226c8e8c000 Exception <a 'java/lang/NoSuchMethodError'{0x00000000ec32bc08}: 'java.lang.Object java.lang.invoke.DelegatingMethodHandle$Holder.reinvoke_L(java.lang.Object, java.lang.Object, java.lang.Object, java.lang.Object, java.lang.Object, java.lang.Object, java.lang.Object, java.lang.Object, java.lang.Object, java.lang.Object, java.lang.Object, java.lang.Object, java.lang.Object, java.lang.Object, java.lang.Object, java.lang.Object, java.lang.Object, java.lang.Object)'> (0x00000000ec32bc08) thrown at [./src/hotspot
Event: 6046.260 Thread 0x00000226ccafd800 Exception <a 'sun/nio/fs/WindowsException'{0x00000000ef368fe8}> (0x00000000ef368fe8) thrown at [./src/hotspot/share/prims/jni.cpp, line 615]
Event: 6046.262 Thread 0x00000226ccafd800 Exception <a 'sun/nio/fs/WindowsException'{0x00000000ef36e430}> (0x00000000ef36e430) thrown at [./src/hotspot/share/prims/jni.cpp, line 615]
Event: 6046.300 Thread 0x00000226ccafd800 Exception <a 'sun/nio/fs/WindowsException'{0x00000000ef3738b0}> (0x00000000ef3738b0) thrown at [./src/hotspot/share/prims/jni.cpp, line 615]
Event: 6048.536 Thread 0x00000226c8e8c000 Exception <a 'sun/nio/fs/WindowsException'{0x00000000efc46f30}> (0x00000000efc46f30) thrown at [./src/hotspot/share/prims/jni.cpp, line 615]
Event: 6151.635 Thread 0x00000226d388d000 Exception <a 'sun/nio/fs/WindowsException'{0x00000000efd355e0}> (0x00000000efd355e0) thrown at [./src/hotspot/share/prims/jni.cpp, line 615]
Event: 6329.209 Thread 0x00000226c6e33800 Exception <a 'sun/nio/fs/WindowsException'{0x00000000ed4fd898}> (0x00000000ed4fd898) thrown at [./src/hotspot/share/prims/jni.cpp, line 615]
Event: 6329.209 Thread 0x00000226c6e33800 Exception <a 'sun/nio/fs/WindowsException'{0x00000000ed4fd978}> (0x00000000ed4fd978) thrown at [./src/hotspot/share/prims/jni.cpp, line 615]

Events (20 events):
Event: 6332.180 loading class android/arch/persistence/room/writer/FieldReadWriteWriter$Companion$readFromCursor$1
Event: 6332.180 loading class android/arch/persistence/room/writer/FieldReadWriteWriter$Companion$readFromCursor$1 done
Event: 6332.181 loading class android/arch/persistence/room/writer/FieldReadWriteWriter$Companion$readFromCursor$1$1
Event: 6332.181 loading class android/arch/persistence/room/writer/FieldReadWriteWriter$Companion$readFromCursor$1$1 done
Event: 6332.181 loading class android/arch/persistence/room/writer/FieldReadWriteWriter$Companion$construct$args$1
Event: 6332.181 loading class android/arch/persistence/room/writer/FieldReadWriteWriter$Companion$construct$args$1 done
Event: 6332.182 loading class android/arch/persistence/room/writer/FieldReadWriteWriter$readFromCursor$1
Event: 6332.182 loading class android/arch/persistence/room/writer/FieldReadWriteWriter$readFromCursor$1 done
Event: 6332.182 loading class android/arch/persistence/room/writer/FieldReadWriteWriter$WhenMappings
Event: 6332.182 loading class android/arch/persistence/room/writer/FieldReadWriteWriter$WhenMappings done
Event: 6332.185 loading class Type_mirror_extKt
Event: 6332.185 loading class Type_mirror_extKt done
Event: 6332.186 loading class Type_mirror_extKt$WhenMappings
Event: 6332.186 loading class Type_mirror_extKt$WhenMappings done
Event: 6332.187 loading class com/squareup/javapoet/JavaFile
Event: 6332.187 loading class com/squareup/javapoet/JavaFile done
Event: 6332.188 loading class com/squareup/javapoet/JavaFile$1
Event: 6332.188 loading class com/squareup/javapoet/JavaFile$1 done
Event: 6332.189 loading class com/squareup/javapoet/JavaFile$Builder
Event: 6332.189 loading class com/squareup/javapoet/JavaFile$Builder done


Dynamic libraries:
0x00007ff6361d0000 - 0x00007ff6361da000 	C:\Program Files\Android\Android Studio1\jre\bin\java.exe
0x00007ff914640000 - 0x00007ff914849000 	C:\WINDOWS\SYSTEM32\ntdll.dll
0x00007ff913230000 - 0x00007ff9132ed000 	C:\WINDOWS\System32\KERNEL32.DLL
0x00007ff912160000 - 0x00007ff9124d4000 	C:\WINDOWS\System32\KERNELBASE.dll
0x00007ff911e30000 - 0x00007ff911f41000 	C:\WINDOWS\System32\ucrtbase.dll
0x00007ff8e5da0000 - 0x00007ff8e5db7000 	C:\Program Files\Android\Android Studio1\jre\bin\VCRUNTIME140.dll
0x00007ff8e5a90000 - 0x00007ff8e5aa9000 	C:\Program Files\Android\Android Studio1\jre\bin\jli.dll
0x00007ff913960000 - 0x00007ff913b0c000 	C:\WINDOWS\System32\USER32.dll
0x00007ff8fd810000 - 0x00007ff8fdab5000 	C:\WINDOWS\WinSxS\amd64_microsoft.windows.common-controls_6595b64144ccf1df_6.0.22000.120_none_9d947278b86cc467\COMCTL32.dll
0x00007ff911c90000 - 0x00007ff911cb6000 	C:\WINDOWS\System32\win32u.dll
0x00007ff913e10000 - 0x00007ff913eb3000 	C:\WINDOWS\System32\msvcrt.dll
0x00007ff9134a0000 - 0x00007ff9134c9000 	C:\WINDOWS\System32\GDI32.dll
0x00007ff911fd0000 - 0x00007ff9120e2000 	C:\WINDOWS\System32\gdi32full.dll
0x00007ff911bf0000 - 0x00007ff911c8d000 	C:\WINDOWS\System32\msvcp_win.dll
0x00007ff913dc0000 - 0x00007ff913df1000 	C:\WINDOWS\System32\IMM32.DLL
0x00007ff8e34b0000 - 0x00007ff8e354d000 	C:\Program Files\Android\Android Studio1\jre\bin\msvcp140.dll
0x00007ff8c11f0000 - 0x00007ff8c1cc5000 	C:\Program Files\Android\Android Studio1\jre\bin\server\jvm.dll
0x00007ff914140000 - 0x00007ff9141ee000 	C:\WINDOWS\System32\ADVAPI32.dll
0x00007ff913ec0000 - 0x00007ff913f5e000 	C:\WINDOWS\System32\sechost.dll
0x00007ff912d80000 - 0x00007ff912ea0000 	C:\WINDOWS\System32\RPCRT4.dll
0x00007ff913f90000 - 0x00007ff913f98000 	C:\WINDOWS\System32\PSAPI.DLL
0x00007ff904340000 - 0x00007ff904349000 	C:\WINDOWS\SYSTEM32\WSOCK32.dll
0x00007ff90a780000 - 0x00007ff90a78a000 	C:\WINDOWS\SYSTEM32\VERSION.dll
0x00007ff908cb0000 - 0x00007ff908ce3000 	C:\WINDOWS\SYSTEM32\WINMM.dll
0x00007ff9132f0000 - 0x00007ff91335f000 	C:\WINDOWS\System32\WS2_32.dll
0x00007ff910c30000 - 0x00007ff910c48000 	C:\WINDOWS\SYSTEM32\kernel.appcore.dll
0x00007ff8ff6c0000 - 0x00007ff8ff6d1000 	C:\Program Files\Android\Android Studio1\jre\bin\verify.dll
0x00007ff90b910000 - 0x00007ff90bb31000 	C:\WINDOWS\SYSTEM32\DBGHELP.DLL
0x00007ff8ff150000 - 0x00007ff8ff181000 	C:\WINDOWS\SYSTEM32\dbgcore.DLL
0x00007ff911f50000 - 0x00007ff911fcf000 	C:\WINDOWS\System32\bcryptPrimitives.dll
0x00007ff8f1880000 - 0x00007ff8f18a9000 	C:\Program Files\Android\Android Studio1\jre\bin\java.dll
0x00007ff90f0c0000 - 0x00007ff90f0cb000 	C:\Program Files\Android\Android Studio1\jre\bin\jimage.dll
0x00007ff8f02c0000 - 0x00007ff8f02d8000 	C:\Program Files\Android\Android Studio1\jre\bin\zip.dll
0x00007ff9124e0000 - 0x00007ff912c8e000 	C:\WINDOWS\System32\SHELL32.dll
0x00007ff90fca0000 - 0x00007ff910507000 	C:\WINDOWS\SYSTEM32\windows.storage.dll
0x00007ff9141f0000 - 0x00007ff914568000 	C:\WINDOWS\System32\combase.dll
0x00007ff90fb30000 - 0x00007ff90fc96000 	C:\WINDOWS\SYSTEM32\wintypes.dll
0x00007ff913140000 - 0x00007ff91322a000 	C:\WINDOWS\System32\SHCORE.dll
0x00007ff913360000 - 0x00007ff9133bd000 	C:\WINDOWS\System32\shlwapi.dll
0x00007ff911a60000 - 0x00007ff911a81000 	C:\WINDOWS\SYSTEM32\profapi.dll
0x00007ff8efb60000 - 0x00007ff8efb7a000 	C:\Program Files\Android\Android Studio1\jre\bin\net.dll
0x00007ff90a990000 - 0x00007ff90aa9c000 	C:\WINDOWS\SYSTEM32\WINHTTP.dll
0x00007ff911060000 - 0x00007ff9110c7000 	C:\WINDOWS\system32\mswsock.dll
0x00007ff8ef320000 - 0x00007ff8ef334000 	C:\Program Files\Android\Android Studio1\jre\bin\nio.dll
0x00007ff8e6a30000 - 0x00007ff8e6a57000 	C:\Users\Captain\Desktop\Sales-Management-Test\native\fdc75f09e3144964f2cf3f50f0aa648679c211496f362492102eb8c894070792\windows-amd64\native-platform.dll
0x00007ff8d2090000 - 0x00007ff8d2226000 	C:\Users\Captain\Desktop\Sales-Management-Test\native\12488b8bf47d2d4c9fbf2f6322a914ad602e24e48041cd04a747c6da556b65c4\windows-amd64\native-platform-file-events.dll
0x00007ff9066d0000 - 0x00007ff9066da000 	C:\Program Files\Android\Android Studio1\jre\bin\management.dll
0x00007ff9056c0000 - 0x00007ff9056cd000 	C:\Program Files\Android\Android Studio1\jre\bin\management_ext.dll
0x00007ff9112a0000 - 0x00007ff9112b8000 	C:\WINDOWS\SYSTEM32\CRYPTSP.dll
0x00007ff910b90000 - 0x00007ff910bc5000 	C:\WINDOWS\system32\rsaenh.dll
0x00007ff911150000 - 0x00007ff911179000 	C:\WINDOWS\SYSTEM32\USERENV.dll
0x00007ff911490000 - 0x00007ff9114b7000 	C:\WINDOWS\SYSTEM32\bcrypt.dll
0x00007ff9112c0000 - 0x00007ff9112cc000 	C:\WINDOWS\SYSTEM32\CRYPTBASE.dll
0x00007ff910750000 - 0x00007ff91077d000 	C:\WINDOWS\SYSTEM32\IPHLPAPI.DLL
0x00007ff913f60000 - 0x00007ff913f69000 	C:\WINDOWS\System32\NSI.dll
0x00007ff90a970000 - 0x00007ff90a989000 	C:\WINDOWS\SYSTEM32\dhcpcsvc6.DLL
0x00007ff90aba0000 - 0x00007ff90abbe000 	C:\WINDOWS\SYSTEM32\dhcpcsvc.DLL
0x00007ff910780000 - 0x00007ff910867000 	C:\WINDOWS\SYSTEM32\DNSAPI.dll
0x00007ff90a790000 - 0x00007ff90a79c000 	C:\WINDOWS\SYSTEM32\WINNSI.DLL
0x00007ff8ee130000 - 0x00007ff8ee157000 	C:\Program Files\Android\Android Studio1\jre\bin\sunec.dll
0x000000006a420000 - 0x000000006a446000 	C:\Program Files\Bonjour\mdnsNSP.dll
0x00007ff9059c0000 - 0x00007ff9059ca000 	C:\Windows\System32\rasadhlp.dll
0x00007ff907710000 - 0x00007ff907791000 	C:\WINDOWS\System32\fwpuclnt.dll
0x000000006adc0000 - 0x000000006aeb2000 	C:\Users\Captain\AppData\Local\Temp\room-52cb1f6a-098f-4b0c-8065-0f0f8aad4690\sqlite-3.20.1-b1f9b435-ab70-495d-8d17-d4c596d122c9-sqlitejdbc.dll

dbghelp: loaded successfully - version: 4.0.5 - missing functions: none
symbol engine: initialized successfully - sym options: 0x614 - pdb path: .;C:\Program Files\Android\Android Studio1\jre\bin;C:\WINDOWS\SYSTEM32;C:\WINDOWS\WinSxS\amd64_microsoft.windows.common-controls_6595b64144ccf1df_6.0.22000.120_none_9d947278b86cc467;C:\Program Files\Android\Android Studio1\jre\bin\server;C:\Users\Captain\Desktop\Sales-Management-Test\native\fdc75f09e3144964f2cf3f50f0aa648679c211496f362492102eb8c894070792\windows-amd64;C:\Users\Captain\Desktop\Sales-Management-Test\native\12488b8bf47d2d4c9fbf2f6322a914ad602e24e48041cd04a747c6da556b65c4\windows-amd64;C:\Program Files\Bonjour;C:\Users\Captain\AppData\Local\Temp\room-c3dc1057-df76-426c-a74e-a2716482fbfb;C:\Users\Captain\AppData\Local\Temp\room-3f10d51c-53ce-4e85-b10f-f8a43b18c152;C:\Users\Captain\AppData\Local\Temp\room-0140e747-7cde-4a86-9cc2-068078cfc5f8;C:\Users\Captain\AppData\Local\Temp\room-84dc5a95-badf-421d-96f1-bb8ea60383a9;C:\Users\Captain\AppData\Local\Temp\room-bd718f25-c0b7-42da-ab53-15c23aec001f;C:\Users\Captain\AppData\Local\Temp\room-be7986b5-5efd-4120-a713-aba60d823808;C:\Users\Captain\AppData\Local\Temp\room-52cb1f6a-098f-4b0c-8065-0f0f8aad4690

VM Arguments:
jvm_args: --add-opens=java.base/java.util=ALL-UNNAMED --add-opens=java.base/java.lang=ALL-UNNAMED --add-opens=java.base/java.lang.invoke=ALL-UNNAMED --add-opens=java.prefs/java.util.prefs=ALL-UNNAMED -XX:MaxMetaspaceSize=256m -XX:+HeapDumpOnOutOfMemoryError -Xms256m -Xmx512m -Dfile.encoding=UTF-8 -Duser.country=US -Duser.language=en -Duser.variant 
java_command: org.gradle.launcher.daemon.bootstrap.GradleDaemon 6.8.3
java_class_path (initial): C:\Users\Captain\Desktop\Sales-Management-Test\wrapper\dists\gradle-6.8.3-bin\7ykxq50lst7lb7wx1nijpicxn\gradle-6.8.3\lib\gradle-launcher-6.8.3.jar
Launcher Type: SUN_STANDARD

[Global flags]
     intx CICompilerCount                          = 3                                         {product} {ergonomic}
   size_t CompressedClassSpaceSize                 = 260046848                                 {product} {ergonomic}
     uint ConcGCThreads                            = 1                                         {product} {ergonomic}
     uint G1ConcRefinementThreads                  = 4                                         {product} {ergonomic}
   size_t G1HeapRegionSize                         = 1048576                                   {product} {ergonomic}
    uintx GCDrainStackTargetSize                   = 64                                        {product} {ergonomic}
     bool HeapDumpOnOutOfMemoryError               = true                                   {manageable} {command line}
   size_t InitialHeapSize                          = 268435456                                 {product} {command line}
   size_t MarkStackSize                            = 4194304                                   {product} {ergonomic}
   size_t MaxHeapSize                              = 536870912                                 {product} {command line}
   size_t MaxMetaspaceSize                         = 268435456                                 {product} {command line}
   size_t MaxNewSize                               = 321912832                                 {product} {ergonomic}
   size_t MinHeapDeltaBytes                        = 1048576                                   {product} {ergonomic}
    uintx NonNMethodCodeHeapSize                   = 5830732                                {pd product} {ergonomic}
    uintx NonProfiledCodeHeapSize                  = 122913754                              {pd product} {ergonomic}
    uintx ProfiledCodeHeapSize                     = 122913754                              {pd product} {ergonomic}
    uintx ReservedCodeCacheSize                    = 251658240                              {pd product} {ergonomic}
     bool SegmentedCodeCache                       = true                                      {product} {ergonomic}
     bool UseCompressedClassPointers               = true                                 {lp64_product} {ergonomic}
     bool UseCompressedOops                        = true                                 {lp64_product} {ergonomic}
     bool UseG1GC                                  = true                                      {product} {ergonomic}
     bool UseLargePagesIndividualAllocation        = false                                  {pd product} {ergonomic}

Logging:
Log output configuration:
 #0: stdout all=warning uptime,level,tags
 #1: stderr all=off uptime,level,tags

Environment Variables:
PATH=C:\Program Files (x86)\Common Files\Intel\Shared Libraries\redist\intel64\compiler;C:\Program Files (x86)\Common Files\Oracle\Java\javapath;C:\adb\adb_win_v1.0.26;C:\Windows\system32;C:\Windows;C:\Windows\System32\Wbem;C:\Windows\System32\WindowsPowerShell\v1.0\;C:\Program Files (x86)\ATI Technologies\ATI.ACE\Core-Static;C:\adb;C:\WINDOWS\system32;C:\WINDOWS;C:\WINDOWS\System32\Wbem;C:\WINDOWS\System32\WindowsPowerShell\v1.0\;C:\WINDOWS\System32\OpenSSH\;C:\Users\Captain\AppData\Local\Microsoft\WindowsApps;C:\Users\Captain\AppData\Local\Programs\Python\Python39;C:\WINDOWS\system32;C:\WINDOWS;C:\WINDOWS\System32\Wbem;C:\WINDOWS\System32\WindowsPowerShell\v1.0\;C:\WINDOWS\System32\OpenSSH\;C:\Program Files (x86)\dotnet\;C:\Program Files\Git\cmd;C:\Program Files (x86)\AMD\ATI.ACE\Core-Static;C:\Users\Captain\AppData\Local\Programs\Python\Python39\Scripts\;C:\Users\Captain\AppData\Local\Programs\Python\Python39\;C:\Users\Captain\AppData\Local\Microsoft\WindowsApps;C:\Users\Captain\AppData\Local\GitHubDesktop\bin;;%USERPROFILE%\AppData\Local\Microsoft\WindowsApps
USERNAME=Captain
OS=Windows_NT
PROCESSOR_IDENTIFIER=Intel64 Family 6 Model 42 Stepping 7, GenuineIntel



---------------  S Y S T E M  ---------------

OS: Windows 10 , 64 bit Build 22000 (10.0.22000.434)
OS uptime: 3 days 22:16 hours

CPU:total 4 (initial active 4) (4 cores per cpu, 1 threads per core) family 6 model 42 stepping 7 microcode 0x2f, cmov, cx8, fxsr, mmx, sse, sse2, sse3, ssse3, sse4.1, sse4.2, popcnt, avx, aes, clmul, tsc, tscinvbit

Memory: 4k page, system-wide physical 8173M (1057M free)
TotalPageFile size 10509M (AvailPageFile size 2085M)
current process WorkingSet (physical memory assigned to process): 612M, peak: 631M
current process commit charge ("private bytes"): 686M, peak: 693M

vm_info: OpenJDK 64-Bit Server VM (11.0.11+9-b60-7590822) for windows-amd64 JRE (11.0.11+9-b60-7590822), built on Jul 29 2021 21:43:44 by "builder" with MS VC++ 14.0 (VS2015)

END.
